SF:src/Mera.jl
DA:363,0
DA:366,0
LH:0
LF:2
end_of_record
SF:src/functions/basic_calc.jl
DA:9,0
DA:10,0
DA:11,0
DA:13,0
DA:21,0
DA:22,0
DA:24,0
DA:27,0
DA:28,0
DA:30,0
DA:52,0
DA:53,0
DA:56,0
DA:62,0
DA:66,0
DA:67,0
DA:76,0
DA:77,0
DA:79,0
DA:83,0
DA:84,0
DA:85,0
DA:86,0
DA:88,0
DA:91,0
DA:117,0
DA:118,0
DA:121,0
DA:127,0
DA:131,0
DA:132,0
DA:133,0
DA:156,0
DA:157,0
DA:160,0
DA:161,0
DA:169,0
DA:170,0
DA:172,0
DA:175,0
DA:176,0
DA:177,0
DA:178,0
DA:181,0
DA:182,0
DA:185,0
DA:186,0
DA:187,0
DA:188,0
DA:190,0
DA:192,0
DA:193,0
DA:194,0
DA:195,0
DA:196,0
DA:197,0
DA:198,0
DA:201,0
DA:202,0
DA:203,0
DA:204,0
DA:205,0
DA:206,0
DA:207,0
DA:209,0
DA:211,0
DA:214,0
DA:240,0
DA:241,0
DA:244,0
DA:250,0
DA:254,0
DA:255,0
DA:257,0
DA:258,0
DA:259,0
DA:261,0
DA:262,0
DA:264,0
DA:266,0
DA:267,0
DA:268,0
DA:271,0
DA:272,0
DA:274,0
DA:275,0
DA:277,0
DA:279,0
DA:280,0
DA:281,0
DA:284,0
DA:307,0
DA:308,0
DA:311,0
DA:312,0
DA:321,0
DA:322,0
DA:324,0
DA:325,0
DA:328,0
DA:332,0
DA:334,0
DA:342,0
DA:343,0
DA:345,0
DA:346,0
DA:348,0
DA:350,0
DA:351,0
DA:352,0
DA:353,0
DA:355,0
DA:358,0
DA:364,0
DA:365,0
DA:367,0
DA:369,0
DA:370,0
DA:371,0
DA:373,0
DA:374,0
DA:375,0
DA:376,0
DA:378,0
DA:380,0
DA:387,0
DA:388,0
DA:389,0
DA:391,0
DA:394,0
DA:398,0
DA:400,0
DA:402,0
DA:403,0
DA:404,0
DA:406,0
DA:429,0
DA:430,0
DA:434,0
DA:440,0
DA:444,0
DA:445,0
DA:446,0
DA:447,0
DA:448,0
DA:449,0
DA:450,0
DA:451,0
DA:455,0
DA:457,0
DA:458,0
DA:481,0
DA:482,0
DA:485,0
DA:486,0
DA:509,0
DA:510,0
DA:514,0
DA:520,0
DA:521,0
DA:523,0
DA:530,0
DA:531,0
DA:532,0
DA:534,0
DA:535,0
DA:536,0
DA:537,0
DA:541,0
DA:542,0
DA:543,0
DA:544,0
DA:545,0
DA:546,0
DA:547,0
DA:548,0
DA:549,0
DA:551,0
DA:553,0
DA:554,0
DA:555,0
DA:556,0
DA:557,0
DA:558,0
DA:559,0
DA:561,0
DA:564,0
DA:565,0
DA:567,0
DA:568,0
DA:571,0
DA:572,0
DA:573,0
DA:574,0
DA:575,0
DA:576,0
DA:577,0
DA:579,0
DA:581,0
DA:582,0
DA:584,0
DA:585,0
DA:586,0
DA:587,0
DA:588,0
DA:589,0
DA:590,0
DA:591,0
DA:592,0
DA:594,0
DA:596,0
DA:597,0
DA:598,0
DA:599,0
DA:600,0
DA:601,0
DA:602,0
DA:604,0
DA:608,0
DA:610,0
DA:611,0
DA:612,0
DA:613,0
DA:614,0
DA:615,0
DA:616,0
DA:618,0
DA:631,0
DA:632,0
DA:633,0
DA:634,0
DA:638,0
DA:639,0
DA:641,0
DA:642,0
DA:644,0
DA:645,0
DA:647,0
DA:648,0
DA:649,0
DA:650,0
DA:651,0
DA:655,0
DA:656,0
DA:658,0
DA:659,0
DA:660,0
DA:662,0
DA:663,0
DA:665,0
DA:666,0
DA:667,0
DA:668,0
DA:669,0
DA:673,0
DA:674,0
DA:676,0
DA:677,0
DA:678,0
DA:680,0
DA:681,0
DA:683,0
DA:684,0
DA:685,0
DA:686,0
DA:687,0
DA:689,0
DA:690,0
DA:691,0
DA:692,0
DA:693,0
DA:696,0
LH:0
LF:272
end_of_record
SF:src/functions/checks.jl
DA:1,216
DA:2,216
DA:3,0
DA:4,216
DA:5,0
DA:6,216
DA:7,0
DA:8,216
DA:9,0
DA:10,216
DA:11,0
DA:12,216
DA:13,0
DA:14,216
DA:15,0
DA:20,169
DA:21,169
DA:22,0
DA:23,169
DA:24,0
DA:29,216
DA:30,216
DA:31,216
DA:32,0
DA:34,216
DA:37,1851
DA:38,1851
DA:39,1851
DA:40,0
DA:42,1851
DA:47,669
DA:48,669
DA:49,27
DA:52,669
DA:55,9
DA:56,9
DA:57,9
DA:60,1
DA:61,1
DA:66,432
DA:67,432
DA:68,0
DA:71,432
DA:74,9
DA:75,9
DA:76,9
DA:79,1
DA:80,1
LH:36
LF:48
end_of_record
SF:src/functions/data/data_convert.jl
DA:141,0
DA:160,0
DA:180,0
DA:199,0
DA:219,0
DA:239,0
DA:246,0
DA:247,0
DA:248,0
DA:249,0
DA:250,0
DA:251,0
DA:252,0
DA:253,0
DA:256,0
DA:257,0
DA:260,0
DA:261,0
DA:268,0
DA:271,0
DA:274,0
DA:276,0
DA:281,0
DA:282,0
DA:283,0
DA:284,0
DA:285,0
DA:286,0
DA:294,0
DA:295,0
DA:298,0
DA:299,0
DA:300,0
DA:301,0
DA:302,0
DA:305,0
DA:306,0
DA:309,0
DA:310,0
DA:311,0
DA:312,0
DA:313,0
DA:314,0
DA:321,0
DA:324,0
DA:325,0
DA:329,0
DA:333,0
DA:339,0
DA:341,0
DA:342,0
DA:343,0
DA:344,0
DA:345,0
DA:346,0
DA:350,0
DA:351,0
DA:357,0
DA:358,0
DA:359,0
DA:363,0
DA:377,0
DA:378,0
DA:381,0
DA:382,0
DA:383,0
DA:387,0
DA:388,0
DA:397,0
DA:398,0
DA:405,0
DA:406,0
DA:407,0
DA:411,0
DA:423,0
DA:424,0
DA:427,0
DA:428,0
DA:429,0
DA:433,0
DA:434,0
DA:443,0
DA:444,0
DA:451,0
DA:452,0
DA:453,0
DA:457,0
DA:468,0
DA:469,0
DA:472,0
DA:473,0
DA:474,0
DA:478,0
DA:479,0
DA:488,0
DA:489,0
DA:496,0
DA:497,0
DA:498,0
DA:503,0
DA:512,0
DA:513,0
DA:516,0
DA:517,0
DA:526,0
DA:527,0
DA:535,0
DA:538,0
DA:539,0
DA:540,0
DA:541,0
DA:542,0
DA:549,0
DA:550,0
DA:551,0
DA:552,0
DA:555,0
DA:556,0
DA:557,0
DA:558,0
DA:559,0
DA:560,0
DA:561,0
DA:562,0
DA:563,0
DA:566,0
DA:567,0
DA:568,0
DA:569,0
DA:570,0
DA:571,0
DA:572,0
DA:573,0
DA:574,0
DA:575,0
DA:576,0
DA:577,0
DA:578,0
DA:579,0
DA:580,0
DA:581,0
DA:589,0
DA:590,0
DA:591,0
DA:592,0
DA:593,0
DA:594,0
DA:595,0
DA:598,0
DA:599,0
DA:600,0
DA:604,0
DA:620,0
DA:621,0
DA:622,0
DA:623,0
DA:625,0
DA:627,0
LH:0
LF:158
end_of_record
SF:src/functions/data/data_info.jl
DA:2,0
DA:7,0
DA:13,0
DA:17,0
DA:23,0
DA:28,0
DA:86,0
DA:92,0
DA:93,0
DA:95,0
DA:96,0
DA:101,0
DA:102,0
DA:103,0
DA:104,0
DA:107,0
DA:108,0
DA:109,0
DA:110,0
DA:111,0
DA:114,0
DA:115,0
DA:116,0
DA:119,0
DA:120,0
DA:121,0
DA:124,0
DA:125,0
DA:126,0
DA:129,0
DA:130,0
DA:133,0
DA:134,0
DA:136,0
DA:139,0
DA:140,0
DA:143,0
DA:158,0
DA:161,0
DA:162,0
DA:164,0
DA:165,0
LH:0
LF:42
end_of_record
SF:src/functions/data/data_load.jl
DA:2,0
DA:13,0
DA:25,0
DA:35,0
DA:48,0
DA:59,0
DA:116,0
DA:128,0
DA:129,0
DA:130,0
DA:131,0
DA:132,0
DA:133,0
DA:136,0
DA:138,0
DA:139,0
DA:141,0
DA:142,0
DA:143,0
DA:146,0
DA:152,0
DA:156,0
DA:157,0
DA:158,0
DA:159,0
DA:162,0
DA:165,0
DA:180,0
DA:183,0
DA:184,0
DA:185,0
DA:188,0
DA:197,0
DA:199,0
LH:0
LF:34
end_of_record
SF:src/functions/data/data_save.jl
DA:2,0
DA:11,0
DA:22,0
DA:30,0
DA:41,0
DA:50,0
DA:106,0
DA:116,0
DA:117,0
DA:119,0
DA:121,0
DA:122,0
DA:123,0
DA:124,0
DA:125,0
DA:126,0
DA:129,0
DA:130,0
DA:131,0
DA:132,0
DA:133,0
DA:134,0
DA:135,0
DA:136,0
DA:138,0
DA:139,0
DA:140,0
DA:144,0
DA:145,0
DA:147,0
DA:150,0
DA:152,0
DA:153,0
DA:155,0
DA:156,0
DA:157,0
DA:158,0
DA:159,0
DA:160,0
DA:161,0
DA:163,0
DA:164,0
DA:166,0
DA:169,0
DA:170,0
DA:171,0
DA:173,0
DA:177,0
DA:181,0
DA:182,0
DA:186,0
DA:187,0
DA:192,0
DA:193,0
DA:194,0
DA:195,0
DA:196,0
DA:197,0
DA:198,0
DA:199,0
DA:200,0
DA:203,0
DA:219,0
DA:220,0
DA:221,0
DA:222,0
DA:223,0
DA:224,0
DA:225,0
DA:226,0
DA:227,0
DA:228,0
DA:229,0
DA:234,0
DA:235,0
DA:237,0
DA:238,0
DA:239,0
DA:241,0
DA:242,0
DA:243,0
DA:244,0
DA:245,0
DA:247,0
DA:252,0
DA:253,0
DA:254,0
DA:255,0
DA:256,0
DA:257,0
DA:259,0
DA:260,0
DA:263,0
DA:267,0
DA:268,0
DA:269,0
DA:270,0
DA:271,0
DA:272,0
DA:273,0
DA:274,0
DA:275,0
DA:276,0
DA:277,0
DA:279,0
DA:283,0
DA:284,0
DA:285,0
DA:286,0
DA:287,0
DA:290,0
DA:291,0
DA:293,0
DA:296,0
DA:300,0
DA:301,0
DA:302,0
DA:303,0
DA:304,0
DA:305,0
DA:306,0
DA:307,0
DA:308,0
DA:309,0
DA:310,0
DA:311,0
DA:312,0
DA:313,0
DA:314,0
DA:315,0
DA:316,0
DA:319,0
LH:0
LF:132
end_of_record
SF:src/functions/data/data_view.jl
DA:2,0
DA:7,0
DA:44,0
DA:50,0
DA:51,0
DA:54,0
DA:55,0
DA:57,0
DA:58,0
DA:59,0
DA:62,0
DA:63,0
DA:64,0
DA:65,0
DA:66,0
DA:67,0
DA:73,0
DA:74,0
DA:75,0
DA:76,0
DA:81,0
DA:82,0
DA:83,0
DA:84,0
DA:86,0
DA:87,0
DA:88,0
DA:91,0
DA:92,0
DA:93,0
DA:99,0
DA:102,0
DA:103,0
DA:104,0
DA:105,0
DA:106,0
DA:107,0
DA:108,0
DA:109,0
DA:110,0
DA:111,0
DA:113,0
DA:115,0
DA:116,0
DA:117,0
DA:118,0
DA:119,0
DA:120,0
DA:122,0
DA:123,0
DA:126,0
DA:129,0
DA:130,0
DA:131,0
DA:132,0
DA:133,0
DA:134,0
DA:135,0
DA:136,0
DA:138,0
DA:139,0
DA:140,0
DA:141,0
DA:142,0
DA:143,0
DA:144,0
DA:145,0
DA:149,0
DA:150,0
DA:151,0
DA:153,0
DA:154,0
DA:155,0
DA:156,0
DA:158,0
DA:160,0
DA:161,0
DA:162,0
DA:163,0
DA:166,0
DA:167,0
DA:170,0
LH:0
LF:82
end_of_record
SF:src/functions/data/export_hydro_to_vtk.jl
DA:58,0
DA:78,0
DA:79,0
DA:80,0
DA:82,0
DA:83,0
DA:84,0
DA:85,0
DA:87,0
DA:91,0
DA:92,0
DA:93,0
DA:94,0
DA:98,0
DA:99,0
DA:100,0
DA:101,0
DA:102,0
DA:104,0
DA:105,0
DA:106,0
DA:110,0
DA:111,0
DA:114,0
DA:115,0
DA:118,0
DA:119,0
DA:120,0
DA:124,0
DA:125,0
DA:126,0
DA:127,0
DA:128,0
DA:129,0
DA:131,0
DA:132,0
DA:133,0
DA:134,0
DA:136,0
DA:139,0
DA:143,0
DA:145,0
DA:146,0
DA:147,0
DA:148,0
DA:149,0
DA:150,0
DA:154,0
DA:155,0
DA:156,0
DA:158,0
DA:159,0
DA:163,0
DA:164,0
DA:165,0
DA:166,0
DA:167,0
DA:168,0
DA:169,0
DA:170,0
DA:173,0
DA:174,0
DA:176,0
DA:177,0
DA:180,0
DA:181,0
DA:182,0
DA:185,0
DA:187,0
DA:188,0
DA:189,0
DA:190,0
DA:191,0
DA:192,0
DA:193,0
DA:195,0
DA:197,0
DA:199,0
DA:200,0
DA:201,0
DA:202,0
DA:203,0
DA:204,0
DA:205,0
DA:206,0
DA:208,0
DA:210,0
DA:212,0
DA:214,0
DA:218,0
DA:219,0
DA:220,0
DA:222,0
DA:223,0
DA:224,0
DA:227,0
DA:228,0
DA:231,0
DA:232,0
DA:233,0
DA:236,0
DA:237,0
DA:238,0
DA:239,0
DA:240,0
DA:242,0
DA:243,0
DA:244,0
DA:245,0
DA:246,0
DA:247,0
DA:248,0
DA:251,0
DA:252,0
DA:253,0
DA:256,0
DA:257,0
DA:259,0
DA:262,0
DA:264,0
DA:265,0
DA:268,0
DA:269,0
DA:270,0
DA:271,0
DA:272,0
DA:273,0
DA:275,0
DA:276,0
DA:277,0
DA:278,0
DA:279,0
DA:280,0
DA:281,0
DA:284,0
DA:285,0
DA:286,0
DA:289,0
DA:290,0
DA:292,0
DA:295,0
DA:297,0
DA:298,0
DA:302,0
DA:303,0
DA:304,0
DA:305,0
DA:306,0
DA:310,0
DA:311,0
DA:312,0
DA:313,0
DA:314,0
DA:315,0
DA:317,0
DA:321,0
DA:322,0
DA:323,0
DA:326,0
DA:327,0
DA:328,0
DA:329,0
DA:330,0
DA:331,0
DA:333,0
DA:334,0
DA:335,0
DA:337,0
DA:338,0
DA:341,0
DA:342,0
DA:343,0
DA:344,0
DA:345,0
DA:346,0
DA:347,0
DA:348,0
DA:349,0
DA:350,0
DA:351,0
DA:352,0
DA:353,0
DA:355,0
DA:356,0
DA:357,0
DA:358,0
DA:359,0
DA:363,0
DA:364,0
DA:365,0
DA:366,0
DA:369,0
DA:370,0
DA:371,0
DA:372,0
DA:373,0
DA:374,0
DA:375,0
DA:376,0
DA:377,0
DA:378,0
DA:381,0
DA:382,0
DA:387,0
DA:388,0
DA:389,0
DA:390,0
DA:395,0
DA:396,0
DA:397,0
DA:402,0
DA:403,0
DA:405,0
DA:408,0
DA:409,0
DA:410,0
DA:411,0
DA:412,0
DA:413,0
DA:414,0
DA:415,0
DA:416,0
DA:417,0
DA:418,0
DA:419,0
DA:422,0
DA:423,0
DA:428,0
DA:429,0
DA:430,0
DA:431,0
DA:436,0
DA:437,0
DA:438,0
DA:443,0
DA:444,0
DA:446,0
DA:450,0
DA:451,0
DA:452,0
DA:453,0
DA:454,0
DA:455,0
DA:457,0
DA:458,0
DA:459,0
DA:460,0
DA:463,0
DA:467,0
DA:468,0
DA:469,0
DA:470,0
DA:472,0
DA:473,0
DA:474,0
DA:476,0
DA:477,0
DA:478,0
DA:479,0
DA:481,0
LH:0
LF:260
end_of_record
SF:src/functions/data/export_particles_to_vtk.jl
DA:51,0
DA:69,0
DA:70,0
DA:71,0
DA:73,0
DA:74,0
DA:75,0
DA:77,0
DA:81,0
DA:82,0
DA:83,0
DA:84,0
DA:88,0
DA:89,0
DA:91,0
DA:92,0
DA:93,0
DA:97,0
DA:98,0
DA:99,0
DA:103,0
DA:104,0
DA:105,0
DA:109,0
DA:112,0
DA:113,0
DA:114,0
DA:115,0
DA:118,0
DA:119,0
DA:120,0
DA:123,0
DA:124,0
DA:125,0
DA:128,0
DA:129,0
DA:130,0
DA:133,0
DA:134,0
DA:138,0
DA:139,0
DA:140,0
DA:144,0
DA:145,0
DA:146,0
DA:147,0
DA:148,0
DA:149,0
DA:152,0
DA:153,0
DA:154,0
DA:155,0
DA:158,0
DA:159,0
DA:161,0
DA:162,0
DA:164,0
DA:166,0
DA:167,0
DA:168,0
DA:169,0
DA:170,0
DA:171,0
DA:172,0
DA:173,0
DA:174,0
DA:175,0
DA:176,0
DA:179,0
DA:180,0
DA:182,0
DA:187,0
DA:188,0
DA:189,0
DA:193,0
DA:194,0
DA:195,0
DA:198,0
DA:201,0
DA:202,0
DA:204,0
DA:207,0
DA:208,0
DA:209,0
DA:210,0
DA:212,0
DA:213,0
DA:215,0
DA:217,0
DA:218,0
DA:219,0
DA:220,0
DA:221,0
DA:222,0
DA:223,0
DA:224,0
DA:225,0
DA:226,0
DA:227,0
DA:230,0
DA:231,0
DA:233,0
DA:238,0
DA:239,0
DA:240,0
DA:244,0
DA:245,0
DA:246,0
DA:249,0
DA:252,0
DA:253,0
DA:255,0
DA:258,0
DA:259,0
DA:260,0
DA:261,0
DA:262,0
DA:263,0
DA:266,0
DA:267,0
DA:268,0
DA:269,0
DA:274,0
DA:275,0
DA:278,0
DA:279,0
DA:281,0
DA:282,0
DA:283,0
DA:286,0
DA:287,0
DA:291,0
DA:292,0
DA:296,0
DA:299,0
DA:300,0
DA:301,0
DA:305,0
DA:306,0
DA:309,0
DA:310,0
DA:311,0
DA:314,0
DA:315,0
DA:316,0
DA:317,0
DA:318,0
DA:319,0
DA:320,0
DA:323,0
LH:0
LF:150
end_of_record
SF:src/functions/data/mera_convert.jl
DA:38,0
DA:39,0
DA:40,0
DA:55,0
DA:56,0
DA:65,0
DA:66,0
DA:76,0
DA:77,0
DA:78,0
DA:79,0
DA:80,0
DA:100,0
DA:101,0
DA:102,0
DA:104,0
DA:132,0
DA:138,0
DA:139,0
DA:140,0
DA:143,0
DA:144,0
DA:152,0
DA:153,0
DA:154,0
DA:155,0
DA:159,0
DA:161,0
DA:162,0
DA:163,0
DA:164,0
DA:165,0
DA:166,0
DA:170,0
DA:171,0
DA:173,0
DA:204,0
DA:205,0
DA:207,0
DA:210,0
DA:214,0
DA:219,0
DA:220,0
DA:245,0
DA:247,0
DA:248,0
DA:268,0
DA:269,0
DA:272,0
DA:273,0
DA:274,0
DA:275,0
DA:277,0
DA:281,0
DA:283,0
DA:305,0
DA:307,0
DA:309,0
DA:312,0
DA:313,0
DA:317,0
DA:318,0
DA:321,0
DA:322,0
DA:324,0
DA:325,0
DA:326,0
DA:327,0
DA:329,0
DA:331,0
DA:375,0
DA:377,0
DA:383,0
DA:384,0
DA:385,0
DA:386,0
DA:387,0
DA:395,0
DA:407,0
DA:414,0
DA:415,0
DA:416,0
DA:425,0
DA:433,0
DA:434,0
DA:436,0
DA:444,0
DA:446,0
DA:449,0
DA:451,0
DA:493,0
DA:494,0
DA:524,0
DA:525,0
DA:526,0
DA:527,0
DA:528,0
DA:629,0
DA:643,0
DA:644,0
DA:645,0
DA:646,0
DA:647,0
DA:648,0
DA:656,0
DA:657,0
DA:658,0
DA:659,0
DA:662,0
DA:663,0
DA:664,0
DA:665,0
DA:666,0
DA:669,0
DA:670,0
DA:671,0
DA:673,0
DA:676,0
DA:683,0
DA:684,0
DA:689,0
DA:697,0
DA:700,0
DA:703,0
DA:704,0
DA:705,0
DA:715,0
DA:720,0
DA:721,0
DA:728,0
DA:729,0
DA:730,0
DA:731,0
DA:732,0
DA:733,0
DA:734,0
DA:742,0
DA:744,0
DA:745,0
DA:746,0
DA:747,0
DA:748,0
DA:750,0
DA:757,0
DA:758,0
DA:759,0
DA:761,0
DA:762,0
DA:763,0
DA:764,0
DA:765,0
DA:767,0
DA:775,0
DA:776,0
DA:777,0
DA:778,0
DA:779,0
DA:783,0
DA:792,0
DA:793,0
DA:794,0
DA:795,0
DA:802,0
DA:809,0
DA:810,0
DA:814,0
DA:815,0
DA:816,0
DA:817,0
DA:820,0
DA:827,0
DA:828,0
DA:829,0
DA:837,0
DA:838,0
DA:840,0
DA:848,0
DA:849,0
DA:850,0
DA:851,0
DA:852,0
DA:853,0
DA:856,0
DA:858,0
DA:859,0
DA:866,0
DA:873,0
DA:874,0
DA:875,0
DA:878,0
DA:879,0
DA:880,0
DA:881,0
DA:884,0
DA:885,0
DA:886,0
DA:887,0
DA:888,0
DA:895,0
DA:896,0
DA:897,0
DA:900,0
DA:901,0
DA:902,0
DA:903,0
DA:904,0
DA:906,0
DA:909,0
DA:910,0
DA:911,0
DA:915,0
DA:922,0
DA:994,0
DA:1004,0
DA:1005,0
DA:1006,0
DA:1009,0
DA:1010,0
DA:1012,0
DA:1013,0
DA:1014,0
DA:1015,0
DA:1016,0
DA:1017,0
DA:1018,0
DA:1021,0
DA:1022,0
DA:1023,0
DA:1025,0
DA:1027,0
DA:1034,0
DA:1036,0
DA:1037,0
DA:1038,0
DA:1039,0
DA:1043,0
DA:1044,0
DA:1047,0
DA:1048,0
DA:1049,0
DA:1050,0
DA:1051,0
DA:1053,0
DA:1055,0
DA:1062,0
DA:1063,0
DA:1065,0
DA:1066,0
DA:1069,0
DA:1070,0
DA:1071,0
DA:1072,0
DA:1080,0
DA:1085,0
DA:1086,0
DA:1087,0
DA:1088,0
DA:1089,0
DA:1091,0
DA:1092,0
DA:1093,0
DA:1096,0
DA:1097,0
DA:1098,0
DA:1099,0
DA:1100,0
DA:1102,0
DA:1105,0
DA:1112,0
DA:1123,0
DA:1124,0
DA:1125,0
DA:1126,0
DA:1128,0
DA:1129,0
DA:1133,0
LH:0
LF:276
end_of_record
SF:src/functions/getvar/getvar.jl
DA:2,2
DA:3,2
DA:4,2
DA:5,2
DA:6,2
DA:7,2
DA:8,2
DA:9,2
DA:10,2
DA:11,2
DA:12,2
DA:13,2
DA:14,2
DA:15,2
DA:16,2
DA:17,2
DA:18,2
DA:19,2
DA:20,2
DA:21,2
DA:22,2
DA:23,2
DA:24,2
DA:25,2
DA:26,2
DA:27,2
DA:28,2
DA:29,2
DA:30,2
DA:31,2
DA:32,2
DA:33,2
DA:34,2
DA:35,2
DA:36,2
DA:37,2
DA:38,2
DA:39,2
DA:40,2
DA:41,2
DA:42,2
DA:43,2
DA:44,2
DA:45,2
DA:46,2
DA:47,2
DA:48,2
DA:49,2
DA:50,2
DA:51,2
DA:53,2
DA:54,2
DA:55,2
DA:56,2
DA:57,2
DA:58,2
DA:59,2
DA:60,2
DA:61,2
DA:62,2
DA:63,2
DA:64,2
DA:65,2
DA:66,2
DA:67,2
DA:68,2
DA:69,2
DA:70,2
DA:71,2
DA:72,2
DA:73,2
DA:74,2
DA:75,2
DA:76,2
DA:77,2
DA:78,2
DA:79,2
DA:80,2
DA:81,2
DA:82,2
DA:83,2
DA:84,2
DA:85,2
DA:160,3220
DA:169,1610
DA:172,1610
DA:173,10
DA:176,1610
DA:179,0
DA:197,0
DA:205,0
DA:208,0
DA:209,0
DA:212,0
DA:216,0
DA:224,0
DA:225,0
DA:228,0
DA:229,0
DA:232,0
DA:237,0
DA:290,82
DA:300,41
DA:303,41
DA:304,0
DA:307,41
DA:310,0
DA:319,0
DA:322,0
DA:323,0
DA:326,0
DA:329,0
DA:338,0
DA:341,0
DA:342,0
DA:345,0
DA:348,0
DA:357,0
DA:360,0
DA:361,0
DA:364,0
DA:365,0
DA:368,0
DA:378,0
DA:381,0
DA:382,0
DA:385,0
DA:386,0
DA:407,0
DA:416,0
DA:419,0
DA:420,0
DA:423,0
DA:426,0
DA:434,0
DA:437,0
DA:438,0
DA:441,0
DA:444,0
DA:452,0
DA:455,0
DA:456,0
DA:459,0
DA:462,0
DA:470,0
DA:473,0
DA:474,0
DA:477,0
DA:478,0
DA:481,0
DA:490,0
DA:493,0
DA:494,0
DA:497,0
DA:498,0
DA:503,1906
DA:506,1906
DA:507,1906
DA:508,0
DA:509,0
DA:510,0
DA:513,1906
DA:514,5718
DA:515,0
DA:516,0
DA:517,5718
DA:518,0
DA:520,5718
DA:522,1906
DA:537,0
DA:539,0
DA:540,0
DA:541,0
DA:544,0
DA:545,0
DA:547,0
DA:551,0
DA:552,0
DA:556,0
DA:557,0
DA:593,0
DA:599,0
DA:606,0
DA:609,0
DA:617,0
DA:624,0
DA:655,0
DA:658,0
DA:662,0
DA:665,0
DA:670,0
DA:674,0
DA:718,0
DA:723,0
DA:730,0
DA:736,0
DA:737,0
DA:741,0
DA:742,0
DA:743,0
DA:744,0
DA:745,0
DA:749,0
DA:750,0
DA:753,0
DA:754,0
DA:755,0
DA:756,0
DA:757,0
DA:758,0
DA:759,0
DA:762,0
DA:763,0
DA:764,0
DA:766,0
DA:767,0
DA:768,0
DA:769,0
DA:770,0
DA:771,0
DA:773,0
DA:774,0
DA:775,0
DA:777,0
DA:778,0
DA:779,0
DA:780,0
DA:784,0
LH:100
LF:228
end_of_record
SF:src/functions/getvar/getvar_clumps.jl
DA:1,0
DA:9,0
DA:11,0
DA:12,0
DA:14,0
DA:15,0
DA:16,0
DA:17,0
DA:19,0
DA:20,0
DA:21,0
DA:23,0
DA:24,0
DA:25,0
DA:26,0
DA:28,0
DA:29,0
DA:30,0
DA:31,0
DA:32,0
DA:33,0
DA:34,0
DA:36,0
DA:37,0
DA:38,0
DA:41,0
DA:43,0
DA:47,0
DA:48,0
DA:50,0
DA:51,0
DA:52,0
DA:53,0
DA:54,0
DA:55,0
DA:57,0
DA:58,0
DA:59,0
DA:60,0
DA:61,0
DA:62,0
DA:63,0
DA:64,0
DA:66,0
DA:72,0
DA:73,0
DA:74,0
DA:78,0
DA:79,0
DA:80,0
DA:87,0
DA:89,0
DA:90,0
DA:91,0
DA:92,0
DA:96,0
DA:97,0
DA:99,0
LH:0
LF:58
end_of_record
SF:src/functions/getvar/getvar_gravity.jl
DA:1,82
DA:10,41
DA:11,41
DA:12,41
DA:13,41
DA:16,41
DA:19,41
DA:22,0
DA:23,0
DA:25,0
DA:26,0
DA:27,0
DA:29,41
DA:30,41
DA:31,41
DA:35,41
DA:36,41
DA:37,41
DA:38,41
DA:40,41
DA:41,41
DA:42,41
DA:44,0
DA:45,0
DA:46,0
DA:47,0
DA:49,0
DA:50,0
DA:51,0
DA:52,0
DA:53,0
DA:54,0
DA:55,0
DA:57,0
DA:58,0
DA:59,0
DA:63,41
DA:66,41
DA:69,41
DA:71,36
DA:72,36
DA:73,0
DA:74,0
DA:76,0
DA:78,36
DA:79,0
DA:80,0
DA:82,0
DA:84,36
DA:85,0
DA:86,0
DA:88,0
DA:93,36
DA:100,5
DA:101,0
DA:102,0
DA:103,0
DA:105,0
DA:107,5
DA:108,0
DA:109,0
DA:112,5
DA:113,0
DA:114,0
DA:115,0
DA:117,0
DA:119,5
DA:120,0
DA:121,0
DA:122,0
DA:124,0
DA:126,5
DA:127,0
DA:128,0
DA:129,0
DA:131,0
DA:135,5
DA:136,0
DA:137,0
DA:138,0
DA:139,0
DA:140,0
DA:143,5
DA:144,0
DA:145,0
DA:146,0
DA:149,5
DA:150,0
DA:151,0
DA:152,0
DA:153,0
DA:158,5
DA:159,0
DA:160,0
DA:161,0
DA:164,5
DA:165,0
DA:166,0
DA:170,5
DA:171,0
DA:172,0
DA:173,0
DA:174,0
DA:175,0
DA:177,0
DA:178,0
DA:179,0
DA:180,0
DA:182,5
DA:183,0
DA:184,0
DA:185,0
DA:186,0
DA:187,0
DA:189,0
DA:190,0
DA:191,0
DA:192,0
DA:195,5
DA:196,0
DA:197,0
DA:198,0
DA:199,0
DA:200,0
DA:201,0
DA:202,0
DA:204,0
DA:205,0
DA:206,0
DA:207,0
DA:209,5
DA:210,0
DA:211,0
DA:212,0
DA:213,0
DA:214,0
DA:215,0
DA:216,0
DA:218,0
DA:219,0
DA:222,0
DA:223,0
DA:224,0
DA:226,5
DA:227,0
DA:228,0
DA:229,0
DA:230,0
DA:231,0
DA:233,0
DA:234,0
DA:235,0
DA:236,0
DA:239,5
DA:240,0
DA:241,0
DA:242,0
DA:243,0
DA:245,5
DA:246,0
DA:247,0
DA:248,0
DA:249,0
DA:250,0
DA:253,5
DA:254,0
DA:255,0
DA:256,0
DA:257,0
DA:261,5
DA:262,0
DA:264,0
DA:265,0
DA:268,0
DA:270,0
DA:272,0
DA:275,0
DA:279,0
DA:282,5
DA:286,36
DA:298,36
DA:299,36
DA:301,0
LH:48
LF:183
end_of_record
SF:src/functions/getvar/getvar_hydro.jl
DA:1,1560
DA:9,1560
DA:10,1560
DA:11,1560
DA:12,1560
DA:16,1560
DA:19,0
DA:20,0
DA:22,0
DA:23,0
DA:24,0
DA:26,1560
DA:27,1560
DA:28,1560
DA:31,1560
DA:32,1560
DA:33,1560
DA:34,1560
DA:36,1560
DA:37,1560
DA:38,1560
DA:40,0
DA:41,0
DA:42,0
DA:43,0
DA:45,0
DA:46,0
DA:47,0
DA:48,0
DA:49,0
DA:50,0
DA:51,0
DA:53,0
DA:54,0
DA:55,0
DA:59,1560
DA:61,1560
DA:64,1560
DA:66,1020
DA:67,1020
DA:68,60
DA:70,60
DA:72,0
DA:74,960
DA:75,55
DA:76,55
DA:78,0
DA:80,905
DA:81,160
DA:82,160
DA:84,0
DA:88,745
DA:92,540
DA:93,0
DA:94,0
DA:96,0
DA:98,0
DA:100,540
DA:101,0
DA:103,0
DA:104,0
DA:107,0
DA:108,0
DA:111,540
DA:112,0
DA:113,0
DA:116,540
DA:117,0
DA:118,0
DA:120,540
DA:121,0
DA:123,0
DA:124,0
DA:125,0
DA:128,540
DA:129,0
DA:130,0
DA:132,540
DA:133,0
DA:135,0
DA:136,0
DA:137,0
DA:138,0
DA:140,0
DA:142,540
DA:143,490
DA:145,490
DA:146,1387728020
DA:148,0
DA:151,50
DA:152,0
DA:153,0
DA:157,100
DA:158,0
DA:159,0
DA:161,50
DA:162,0
DA:165,0
DA:166,0
DA:167,0
DA:169,0
DA:170,0
DA:173,0
DA:174,0
DA:176,50
DA:179,0
DA:180,0
DA:181,0
DA:182,0
DA:184,50
DA:187,0
DA:189,0
DA:190,0
DA:193,0
DA:194,0
DA:195,0
DA:196,0
DA:197,0
DA:198,0
DA:199,0
DA:201,0
DA:202,0
DA:204,50
DA:206,0
DA:207,0
DA:208,0
DA:211,0
DA:212,0
DA:213,0
DA:214,0
DA:215,0
DA:216,0
DA:217,0
DA:219,0
DA:220,0
DA:222,50
DA:224,0
DA:225,0
DA:226,0
DA:229,0
DA:230,0
DA:231,0
DA:232,0
DA:233,0
DA:234,0
DA:235,0
DA:239,0
DA:240,0
DA:242,50
DA:243,0
DA:244,0
DA:245,50
DA:246,0
DA:247,0
DA:248,50
DA:249,0
DA:250,0
DA:253,50
DA:254,15
DA:255,15
DA:258,35
DA:259,0
DA:260,0
DA:264,35
DA:266,0
DA:267,0
DA:268,0
DA:269,0
DA:274,0
DA:275,0
DA:276,0
DA:278,0
DA:279,0
DA:280,0
DA:283,35
DA:285,0
DA:286,0
DA:289,35
DA:291,0
DA:292,0
DA:293,0
DA:295,35
DA:297,0
DA:298,0
DA:299,0
DA:300,0
DA:302,0
DA:303,0
DA:304,0
DA:305,0
DA:307,35
DA:309,0
DA:310,0
DA:312,35
DA:314,0
DA:315,0
DA:316,0
DA:317,0
DA:318,0
DA:319,0
DA:322,0
DA:323,0
DA:324,0
DA:325,0
DA:326,0
DA:329,35
DA:331,0
DA:332,0
DA:333,0
DA:334,0
DA:335,0
DA:336,0
DA:339,0
DA:340,0
DA:341,0
DA:342,0
DA:343,0
DA:344,0
DA:345,0
DA:348,35
DA:350,0
DA:351,0
DA:352,0
DA:353,0
DA:357,0
DA:358,0
DA:359,0
DA:360,0
DA:361,0
DA:363,35
DA:364,10
DA:365,10
DA:366,10
DA:368,0
DA:370,25
DA:371,10
DA:372,10
DA:373,10
DA:375,0
DA:377,15
DA:378,10
DA:379,10
DA:380,10
DA:382,0
DA:385,5
DA:387,0
DA:388,0
DA:389,0
DA:390,0
DA:391,0
DA:393,0
DA:395,5
DA:397,0
DA:398,0
DA:399,0
DA:400,0
DA:401,0
DA:403,0
DA:405,5
DA:407,0
DA:408,0
DA:409,0
DA:410,0
DA:411,0
DA:413,0
DA:415,5
DA:416,0
DA:417,0
DA:418,0
DA:419,0
DA:421,0
DA:424,5
DA:426,0
DA:427,0
DA:428,0
DA:429,0
DA:431,5
DA:433,0
DA:434,0
DA:435,0
DA:436,0
DA:438,5
DA:440,0
DA:441,0
DA:442,0
DA:443,0
DA:445,5
DA:447,0
DA:448,0
DA:449,0
DA:450,0
DA:453,5
DA:456,0
DA:457,0
DA:458,0
DA:459,0
DA:461,5
DA:463,0
DA:464,0
DA:466,0
DA:467,0
DA:468,0
DA:469,0
DA:471,0
DA:472,0
DA:473,0
DA:475,0
DA:476,0
DA:477,0
DA:480,5
DA:483,0
DA:484,0
DA:486,0
DA:487,0
DA:488,0
DA:489,0
DA:490,0
DA:491,0
DA:493,0
DA:494,0
DA:495,0
DA:497,0
DA:499,5
DA:501,0
DA:502,0
DA:504,0
DA:505,0
DA:506,0
DA:507,0
DA:508,0
DA:509,0
DA:511,0
DA:512,0
DA:513,0
DA:514,0
DA:515,0
DA:517,0
DA:519,5
DA:522,0
DA:523,0
DA:525,0
DA:526,0
DA:527,0
DA:528,0
DA:530,0
DA:531,0
DA:532,0
DA:534,0
DA:537,5
DA:538,0
DA:540,5
DA:541,0
DA:543,5
DA:544,0
DA:546,5
DA:547,0
DA:550,5
DA:551,0
DA:553,5
DA:554,0
DA:556,5
DA:557,0
DA:559,5
DA:560,0
DA:562,5
DA:563,0
DA:566,5
DA:568,0
DA:571,0
DA:574,0
DA:579,0
DA:580,0
DA:581,0
DA:582,0
DA:585,0
DA:588,0
DA:589,0
DA:591,0
DA:594,5
DA:595,0
DA:597,0
DA:600,0
DA:603,0
DA:604,0
DA:605,0
DA:606,0
DA:608,0
DA:609,0
DA:611,0
DA:612,0
DA:613,0
DA:615,0
DA:618,5
DA:619,0
DA:623,0
DA:626,0
DA:629,0
DA:630,0
DA:631,0
DA:632,0
DA:634,0
DA:635,0
DA:637,0
DA:639,0
DA:640,0
DA:642,0
DA:646,5
DA:647,0
DA:649,0
DA:650,0
DA:651,0
DA:653,5
DA:654,0
DA:656,0
DA:657,0
DA:658,0
DA:660,5
DA:661,0
DA:662,0
DA:663,0
DA:668,0
DA:672,5
DA:673,0
DA:674,0
DA:675,0
DA:680,0
DA:688,1560
DA:697,1560
DA:698,1560
DA:700,0
LH:107
LF:430
end_of_record
SF:src/functions/getvar/getvar_particles.jl
DA:1,50
DA:9,50
DA:11,50
DA:14,50
DA:17,0
DA:18,0
DA:20,0
DA:21,0
DA:22,0
DA:24,50
DA:25,50
DA:26,50
DA:29,50
DA:30,50
DA:31,50
DA:32,50
DA:34,50
DA:35,50
DA:36,50
DA:38,0
DA:39,0
DA:40,0
DA:41,0
DA:43,0
DA:44,0
DA:45,0
DA:46,0
DA:47,0
DA:48,0
DA:49,0
DA:51,0
DA:52,0
DA:53,0
DA:56,50
DA:58,50
DA:61,50
DA:62,45
DA:64,45
DA:66,5
DA:67,40
DA:69,0
DA:70,40
DA:72,0
DA:74,40
DA:78,5
DA:79,0
DA:80,0
DA:82,5
DA:83,0
DA:84,0
DA:86,5
DA:87,0
DA:88,0
DA:91,5
DA:92,0
DA:93,0
DA:97,5
DA:98,0
DA:99,0
DA:100,0
DA:101,0
DA:106,0
DA:107,0
DA:108,0
DA:110,0
DA:111,0
DA:112,0
DA:114,5
DA:116,0
DA:117,0
DA:120,5
DA:121,0
DA:122,0
DA:123,0
DA:124,0
DA:126,0
DA:127,0
DA:128,0
DA:129,0
DA:132,5
DA:133,0
DA:135,0
DA:136,0
DA:139,5
DA:141,0
DA:142,0
DA:145,5
DA:146,0
DA:148,0
DA:153,5
DA:154,0
DA:155,0
DA:161,5
DA:162,0
DA:163,0
DA:164,0
DA:165,0
DA:166,0
DA:167,0
DA:169,0
DA:170,0
DA:171,0
DA:172,0
DA:173,0
DA:175,5
DA:176,0
DA:177,0
DA:178,0
DA:179,0
DA:180,0
DA:181,0
DA:183,0
DA:184,0
DA:185,0
DA:186,0
DA:187,0
DA:188,0
DA:189,0
DA:191,5
DA:192,0
DA:193,0
DA:194,0
DA:195,0
DA:197,0
DA:198,0
DA:199,0
DA:200,0
DA:201,0
DA:204,5
DA:205,0
DA:206,0
DA:208,0
DA:209,0
DA:210,0
DA:218,5
DA:219,0
DA:220,0
DA:226,5
DA:227,0
DA:228,0
DA:231,5
DA:232,0
DA:233,0
DA:234,0
DA:235,0
DA:236,0
DA:237,0
DA:239,5
DA:240,0
DA:241,0
DA:242,0
DA:243,0
DA:244,0
DA:245,0
DA:247,5
DA:248,0
DA:249,0
DA:250,0
DA:251,0
DA:252,0
DA:253,0
DA:255,5
DA:256,0
DA:257,0
DA:258,0
DA:259,0
DA:260,0
DA:263,5
DA:264,0
DA:265,0
DA:266,0
DA:267,0
DA:269,5
DA:270,0
DA:271,0
DA:272,0
DA:273,0
DA:275,5
DA:276,0
DA:277,0
DA:278,0
DA:279,0
DA:281,5
DA:282,0
DA:283,0
DA:284,0
DA:285,0
DA:288,5
DA:289,0
DA:290,0
DA:291,0
DA:292,0
DA:294,5
DA:295,0
DA:296,0
DA:298,0
DA:299,0
DA:300,0
DA:301,0
DA:303,0
DA:304,0
DA:305,0
DA:307,0
DA:308,0
DA:309,0
DA:312,5
DA:313,0
DA:314,0
DA:316,0
DA:317,0
DA:318,0
DA:319,0
DA:320,0
DA:321,0
DA:323,0
DA:324,0
DA:325,0
DA:327,0
DA:329,5
DA:330,0
DA:331,0
DA:333,0
DA:334,0
DA:335,0
DA:336,0
DA:337,0
DA:338,0
DA:340,0
DA:341,0
DA:342,0
DA:343,0
DA:344,0
DA:346,0
DA:348,5
DA:349,0
DA:350,0
DA:352,0
DA:353,0
DA:354,0
DA:355,0
DA:357,0
DA:358,0
DA:359,0
DA:361,0
DA:365,50
DA:370,100
DA:371,90
DA:372,90
DA:383,50
DA:384,50
DA:386,0
LH:59
LF:251
end_of_record
SF:src/functions/io/adaptive_io.jl
DA:11,0
DA:12,0
DA:14,0
DA:16,0
DA:17,0
DA:20,0
DA:21,0
DA:22,0
DA:23,0
DA:24,0
DA:28,0
DA:29,0
DA:30,0
DA:33,0
DA:34,0
DA:35,0
DA:36,0
DA:38,0
DA:39,0
DA:40,0
DA:41,0
DA:42,0
DA:45,0
DA:46,0
DA:47,0
DA:48,0
DA:49,0
DA:50,0
DA:52,0
DA:54,0
DA:55,0
DA:56,0
DA:57,0
DA:62,0
DA:65,0
DA:66,0
DA:67,0
DA:71,0
DA:72,0
DA:73,0
DA:77,0
DA:78,0
DA:79,0
DA:80,0
DA:82,0
DA:83,0
DA:86,0
DA:89,0
DA:92,0
DA:100,0
DA:102,0
DA:103,0
DA:104,0
DA:106,0
DA:107,0
DA:108,0
DA:111,0
DA:113,0
DA:114,0
DA:115,0
DA:117,0
DA:119,0
DA:120,0
DA:121,0
DA:123,0
DA:125,0
DA:126,0
DA:127,0
DA:129,0
DA:131,0
DA:132,0
DA:133,0
DA:137,0
DA:138,0
DA:139,0
DA:143,0
DA:144,0
DA:145,0
DA:146,0
DA:147,0
DA:148,0
DA:149,0
DA:152,0
DA:154,0
DA:155,0
DA:156,0
DA:157,0
DA:158,0
DA:159,0
DA:160,0
DA:162,0
DA:163,0
DA:165,0
DA:168,0
DA:181,0
DA:182,0
DA:183,0
DA:187,0
DA:189,0
DA:190,0
DA:191,0
DA:193,0
DA:197,0
DA:199,0
DA:200,0
DA:201,0
DA:203,0
DA:204,0
DA:206,0
DA:207,0
DA:209,0
DA:210,0
DA:211,0
DA:213,0
DA:214,0
DA:217,0
DA:218,0
DA:219,0
DA:220,0
DA:221,0
DA:222,0
DA:226,0
DA:227,0
DA:228,0
DA:230,0
DA:231,0
DA:232,0
DA:233,0
DA:234,0
DA:235,0
DA:236,0
DA:239,0
DA:248,0
DA:251,0
DA:252,0
DA:253,0
DA:254,0
DA:255,0
DA:256,0
DA:257,0
DA:260,0
DA:261,0
DA:263,0
DA:264,0
DA:265,0
DA:268,0
DA:270,0
DA:273,0
DA:274,0
DA:277,0
DA:280,0
DA:281,0
DA:283,0
DA:286,0
DA:288,0
DA:289,0
DA:293,0
DA:294,0
DA:296,0
DA:298,0
DA:300,0
DA:303,0
DA:305,0
DA:306,0
DA:307,0
DA:309,0
DA:312,0
DA:314,0
DA:315,0
DA:316,0
DA:317,0
DA:318,0
DA:319,0
DA:320,0
DA:321,0
DA:323,0
DA:324,0
DA:325,0
DA:328,0
DA:330,0
DA:331,0
DA:332,0
DA:336,0
DA:338,0
DA:350,0
DA:351,0
DA:352,0
DA:353,0
DA:357,0
DA:359,0
DA:360,0
DA:361,0
DA:363,0
DA:367,0
DA:368,0
DA:369,0
DA:371,0
DA:373,0
DA:374,0
DA:378,0
DA:379,0
DA:380,0
DA:383,0
LH:0
LF:203
end_of_record
SF:src/functions/io/auto_io_optimization.jl
DA:26,412
DA:28,206
DA:37,407
DA:39,201
DA:42,5
DA:43,0
DA:46,5
DA:48,5
DA:49,5
DA:50,5
DA:51,5
DA:53,5
DA:56,5
DA:58,5
DA:60,0
DA:61,0
DA:62,0
DA:63,0
DA:64,0
DA:66,5
DA:68,5
DA:69,5
DA:70,5
DA:71,5
DA:72,5
DA:76,0
DA:77,0
DA:78,0
DA:79,0
DA:80,0
DA:84,5
DA:85,5
DA:86,5
DA:89,5
DA:90,5
DA:92,5
DA:93,0
DA:94,0
DA:95,0
DA:96,0
DA:97,0
DA:100,5
DA:103,0
DA:104,0
DA:105,0
DA:107,0
DA:116,0
DA:117,0
DA:118,0
DA:126,0
DA:127,0
DA:128,0
DA:130,0
DA:131,0
DA:132,0
DA:133,0
DA:134,0
DA:135,0
DA:136,0
DA:138,0
DA:139,0
DA:140,0
DA:141,0
DA:143,0
DA:144,0
DA:146,0
DA:149,0
DA:152,0
DA:153,0
DA:154,0
DA:155,0
DA:156,0
DA:157,0
LH:26
LF:73
end_of_record
SF:src/functions/io/enhanced_io.jl
DA:15,0
DA:16,0
DA:20,0
DA:21,0
DA:23,0
DA:24,0
DA:27,0
DA:32,0
DA:33,0
DA:34,0
DA:37,0
DA:38,0
DA:45,0
DA:49,0
DA:50,0
DA:51,0
DA:53,0
DA:54,0
DA:59,2
DA:60,2
DA:61,2
DA:62,2
DA:63,2
DA:64,2
DA:66,0
DA:70,4
DA:71,4
DA:72,4
DA:73,4
DA:75,0
DA:76,0
DA:77,0
DA:78,0
LH:10
LF:33
end_of_record
SF:src/functions/io/io_validation.jl
DA:5,0
DA:9,0
DA:25,0
DA:26,0
DA:27,0
DA:28,0
DA:29,0
DA:30,0
DA:33,0
DA:36,0
DA:37,0
DA:43,0
DA:44,0
DA:45,0
DA:46,0
DA:47,0
DA:50,0
DA:52,0
DA:53,0
DA:54,0
DA:57,0
DA:59,0
DA:61,0
DA:62,0
DA:63,0
DA:65,0
DA:72,0
DA:73,0
DA:74,0
DA:76,0
DA:77,0
DA:79,0
DA:80,0
DA:85,0
DA:86,0
DA:87,0
DA:89,0
DA:91,0
DA:92,0
DA:97,0
DA:98,0
DA:101,0
DA:103,0
DA:106,0
DA:107,0
DA:108,0
DA:109,0
DA:110,0
DA:111,0
DA:112,0
DA:114,0
DA:115,0
DA:117,0
DA:118,0
DA:119,0
DA:120,0
DA:121,0
DA:126,0
DA:129,0
DA:132,0
DA:145,0
DA:146,0
DA:147,0
DA:151,0
DA:158,0
DA:160,0
DA:161,0
DA:162,0
DA:163,0
DA:166,0
DA:167,0
DA:168,0
DA:170,0
DA:171,0
DA:172,0
DA:176,0
DA:177,0
DA:180,0
DA:182,0
DA:184,0
DA:185,0
DA:187,0
DA:191,0
DA:193,0
DA:194,0
DA:195,0
DA:198,0
DA:200,0
DA:201,0
DA:203,0
DA:206,0
DA:207,0
DA:208,0
DA:209,0
DA:212,0
DA:213,0
DA:216,0
DA:219,0
DA:220,0
DA:221,0
DA:222,0
DA:223,0
DA:225,0
DA:227,0
DA:229,0
DA:230,0
DA:231,0
DA:232,0
DA:234,0
DA:235,0
DA:238,0
DA:241,0
DA:242,0
DA:243,0
DA:245,0
DA:246,0
DA:248,0
DA:249,0
DA:250,0
DA:251,0
DA:252,0
DA:254,0
DA:257,0
DA:260,0
DA:261,0
DA:262,0
DA:264,0
DA:265,0
DA:269,0
LH:0
LF:129
end_of_record
SF:src/functions/io/mera_io_config.jl
DA:74,0
DA:75,0
DA:111,30
DA:113,15
DA:114,5
DA:117,10
DA:123,10
DA:124,7
DA:126,3
DA:127,3
DA:132,15
DA:133,15
DA:134,15
DA:136,15
DA:137,0
DA:140,15
DA:163,2
DA:164,2
DA:165,2
DA:168,4
DA:169,4
DA:170,4
DA:173,2
DA:174,2
DA:175,2
DA:176,2
DA:179,2
DA:180,2
DA:181,2
DA:185,2
DA:186,0
DA:187,2
DA:188,2
DA:189,0
DA:190,0
DA:192,0
DA:195,2
DA:196,2
DA:197,2
DA:198,2
DA:199,2
DA:200,2
DA:222,10
DA:223,10
DA:224,10
DA:227,10
DA:228,10
DA:229,10
DA:232,10
DA:233,10
DA:234,10
DA:235,10
DA:238,10
DA:239,10
DA:240,10
DA:241,10
DA:242,10
DA:243,10
DA:284,0
DA:287,0
DA:288,0
DA:289,0
DA:290,0
DA:291,0
DA:292,0
DA:295,0
DA:301,0
DA:304,0
DA:307,0
DA:308,0
DA:309,0
DA:312,0
DA:320,0
DA:321,0
DA:322,0
DA:323,0
DA:325,0
DA:327,0
DA:328,0
DA:345,2
DA:346,4
DA:347,4
DA:348,2
DA:350,2
DA:351,2
DA:354,2
DA:355,2
DA:357,2
LH:60
LF:88
end_of_record
SF:src/functions/io/parallel_io_optimization.jl
DA:6,0
DA:7,0
DA:14,0
DA:15,0
DA:16,0
DA:17,0
DA:21,0
DA:28,0
DA:29,0
DA:30,0
DA:31,0
DA:33,0
DA:35,0
DA:36,0
DA:37,0
DA:38,0
DA:39,0
DA:40,0
DA:41,0
DA:42,0
DA:43,0
DA:44,0
DA:45,0
DA:46,0
DA:48,0
DA:49,0
DA:50,0
DA:54,0
DA:55,0
DA:56,0
DA:58,0
DA:59,0
DA:60,0
DA:61,0
DA:62,0
DA:65,0
DA:66,0
DA:67,0
DA:71,0
DA:79,0
DA:80,0
DA:84,0
DA:85,0
DA:86,0
DA:89,0
DA:91,0
DA:93,0
DA:94,0
DA:95,0
DA:99,0
DA:100,0
DA:101,0
DA:102,0
DA:103,0
DA:107,0
DA:108,0
DA:109,0
DA:110,0
DA:112,0
DA:114,0
DA:115,0
DA:119,0
DA:120,0
DA:123,0
DA:125,0
DA:126,0
DA:127,0
DA:128,0
DA:129,0
DA:131,0
DA:132,0
DA:133,0
DA:136,0
DA:139,0
LH:0
LF:74
end_of_record
SF:src/functions/io/ramses_io_memory_pool.jl
DA:10,0
DA:12,0
DA:13,0
DA:16,0
DA:19,0
DA:21,0
DA:23,0
DA:31,0
DA:32,0
DA:35,0
DA:36,0
DA:38,0
DA:46,0
DA:47,0
DA:50,0
DA:51,0
DA:53,0
DA:61,0
DA:63,0
DA:71,0
DA:72,0
DA:73,0
DA:76,0
DA:77,0
DA:78,0
DA:79,0
DA:81,0
DA:82,0
DA:83,0
DA:84,0
DA:87,0
DA:88,0
DA:89,0
DA:93,0
DA:94,0
DA:95,0
DA:96,0
DA:98,0
DA:99,0
DA:100,0
DA:101,0
DA:102,0
DA:105,0
DA:107,0
DA:108,0
DA:109,0
DA:111,0
DA:112,0
DA:114,0
DA:117,0
LH:0
LF:50
end_of_record
SF:src/functions/miscellaneous.jl
DA:5,0
DA:13,61
DA:14,61
DA:15,61
DA:18,81
DA:27,81
DA:28,81
DA:29,81
DA:30,81
DA:31,81
DA:32,81
DA:34,81
DA:35,81
DA:36,81
DA:37,81
DA:38,81
DA:39,81
DA:40,81
DA:41,81
DA:42,81
DA:44,81
DA:45,81
DA:46,81
DA:47,81
DA:48,81
DA:49,81
DA:50,81
DA:51,81
DA:52,81
DA:53,81
DA:54,81
DA:55,81
DA:56,81
DA:59,81
DA:60,81
DA:61,81
DA:62,81
DA:63,81
DA:64,81
DA:65,81
DA:66,81
DA:68,81
DA:69,81
DA:70,81
DA:73,81
DA:74,81
DA:75,81
DA:77,81
DA:91,61
DA:92,61
DA:93,61
DA:97,61
DA:98,61
DA:99,61
DA:100,61
DA:101,61
DA:102,61
DA:103,61
DA:106,0
DA:108,0
DA:111,0
DA:112,0
DA:115,0
DA:117,0
DA:118,0
DA:119,0
DA:120,0
DA:121,0
DA:124,0
DA:125,0
DA:126,0
DA:128,0
DA:129,0
DA:130,0
DA:131,0
DA:132,0
DA:133,0
DA:134,0
DA:135,0
DA:136,0
DA:137,0
DA:138,0
DA:140,0
DA:141,0
DA:142,0
DA:143,0
DA:144,0
DA:145,0
DA:146,0
DA:147,0
DA:148,0
DA:149,0
DA:150,0
DA:152,0
DA:153,0
DA:154,0
DA:156,0
DA:157,0
DA:159,0
DA:160,0
DA:161,0
DA:162,0
DA:163,0
DA:165,0
DA:166,0
DA:167,0
DA:168,0
DA:169,0
DA:170,0
DA:171,0
DA:172,0
DA:174,0
DA:175,0
DA:176,0
DA:178,0
DA:179,0
DA:180,0
DA:181,0
DA:182,0
DA:183,0
DA:184,0
DA:185,0
DA:188,0
DA:189,0
DA:192,0
DA:193,0
DA:194,0
DA:195,0
DA:196,0
DA:199,0
DA:200,0
DA:201,0
DA:204,0
DA:205,0
DA:206,0
DA:207,0
DA:210,0
DA:211,0
DA:212,0
DA:213,0
DA:214,0
DA:215,0
DA:218,0
DA:219,0
DA:220,0
DA:223,0
DA:224,0
DA:227,0
DA:228,0
DA:229,0
DA:230,0
DA:233,0
DA:234,0
DA:235,0
DA:238,0
DA:239,0
DA:240,0
DA:241,0
DA:244,0
DA:245,0
DA:246,0
DA:249,0
DA:250,0
DA:251,0
DA:252,0
DA:253,0
DA:254,0
DA:255,0
DA:256,0
DA:257,0
DA:260,0
DA:261,0
DA:262,0
DA:263,0
DA:264,0
DA:265,0
DA:268,0
DA:269,0
DA:270,0
DA:277,0
DA:278,0
DA:279,0
DA:282,0
DA:283,0
DA:284,0
DA:285,0
DA:286,0
DA:287,0
DA:288,0
DA:289,0
DA:292,0
DA:293,0
DA:294,0
DA:295,0
DA:296,0
DA:297,0
DA:298,0
DA:299,0
DA:301,0
DA:305,72
DA:307,72
DA:310,72
DA:311,72
DA:314,72
DA:316,72
DA:317,72
DA:318,72
DA:319,72
DA:320,72
DA:323,72
DA:324,72
DA:325,72
DA:327,72
DA:328,72
DA:329,72
DA:330,72
DA:331,72
DA:332,72
DA:333,72
DA:334,72
DA:335,72
DA:336,72
DA:337,72
DA:339,72
DA:340,72
DA:341,72
DA:342,72
DA:343,72
DA:344,72
DA:345,72
DA:346,72
DA:347,72
DA:348,72
DA:349,72
DA:351,72
DA:352,72
DA:353,72
DA:355,72
DA:356,72
DA:358,72
DA:359,72
DA:360,72
DA:361,72
DA:362,72
DA:364,72
DA:365,72
DA:366,72
DA:367,72
DA:368,72
DA:369,72
DA:370,72
DA:371,72
DA:373,72
DA:374,72
DA:375,72
DA:377,72
DA:378,72
DA:379,72
DA:380,72
DA:381,72
DA:382,72
DA:383,72
DA:384,72
DA:387,72
DA:388,72
DA:391,72
DA:392,72
DA:393,72
DA:394,72
DA:395,72
DA:398,72
DA:399,72
DA:400,72
DA:403,72
DA:404,72
DA:405,72
DA:406,72
DA:409,72
DA:410,72
DA:411,72
DA:412,72
DA:413,72
DA:414,72
DA:417,72
DA:418,72
DA:419,72
DA:422,72
DA:423,72
DA:426,72
DA:427,72
DA:428,72
DA:429,72
DA:432,72
DA:433,72
DA:434,72
DA:437,72
DA:438,72
DA:439,72
DA:440,72
DA:443,72
DA:444,72
DA:445,72
DA:448,72
DA:449,72
DA:450,72
DA:451,72
DA:452,72
DA:453,72
DA:454,72
DA:455,72
DA:458,72
DA:459,72
DA:460,72
DA:463,72
DA:464,72
DA:465,72
DA:466,72
DA:467,72
DA:468,72
DA:469,72
DA:470,72
DA:473,72
DA:474,72
DA:475,72
DA:476,72
DA:477,72
DA:478,72
DA:479,72
DA:480,72
DA:482,72
DA:491,4
DA:492,4
DA:493,4
DA:494,4
DA:495,4
DA:496,4
DA:497,4
DA:511,370
DA:513,370
DA:514,0
DA:516,370
DA:517,105
DA:518,105
DA:519,105
DA:522,265
DA:523,225
DA:524,225
DA:525,225
DA:526,225
DA:527,225
DA:528,225
DA:529,225
DA:530,80
DA:531,80
DA:532,80
DA:533,0
DA:534,0
DA:538,0
DA:539,0
DA:540,0
DA:541,0
DA:542,0
DA:543,0
DA:550,225
DA:555,265
DA:556,40
DA:557,40
DA:558,40
DA:559,40
DA:560,40
DA:561,40
DA:562,40
DA:563,0
DA:564,0
DA:565,0
DA:566,0
DA:567,0
DA:568,0
DA:569,0
DA:570,0
DA:576,40
DA:582,265
DA:587,30
DA:589,30
DA:590,2
DA:593,28
DA:594,25
DA:595,25
DA:596,25
DA:597,19
DA:598,19
DA:599,19
DA:600,12
DA:601,12
DA:602,12
DA:603,5
DA:604,5
DA:605,5
DA:606,0
DA:607,0
DA:614,28
DA:622,2123911904
DA:623,2123899986
DA:624,1408412952
DA:625,1408100328
DA:629,0
DA:631,1910758322
DA:632,2127221688
DA:637,4498
DA:638,5538
DA:639,2249
DA:640,2241
DA:641,2241
DA:642,1891
DA:644,350
DA:647,8
DA:650,2249
DA:651,2249
DA:652,1636
DA:654,613
DA:657,0
DA:658,0
DA:660,0
DA:666,0
DA:667,0
DA:668,0
DA:669,0
DA:671,0
DA:674,0
DA:675,0
DA:677,0
DA:717,0
DA:718,0
DA:719,0
DA:720,0
DA:721,0
DA:722,0
DA:723,0
DA:724,0
DA:725,0
DA:726,0
DA:727,0
DA:728,0
DA:729,0
DA:730,0
DA:733,10
DA:734,10
DA:735,10
DA:736,10
DA:737,10
DA:738,10
DA:739,10
DA:740,10
DA:741,10
DA:742,10
DA:743,10
DA:744,10
DA:747,0
DA:748,0
DA:749,0
DA:750,0
DA:751,0
DA:752,0
DA:753,0
DA:754,0
DA:755,0
DA:756,0
DA:757,0
DA:758,0
DA:761,0
DA:762,0
DA:763,0
DA:764,0
DA:765,0
DA:766,0
DA:767,0
DA:768,0
DA:769,0
DA:770,0
LH:270
LF:479
end_of_record
SF:src/functions/notifications.jl
DA:11,3
DA:13,3
DA:14,6
DA:15,3
DA:16,3
DA:22,8
DA:23,4
DA:25,4
DA:28,4
DA:30,4
DA:31,4
DA:32,4
DA:33,4
DA:34,4
DA:36,4
DA:37,1
DA:41,3
DA:42,3
DA:43,3
DA:44,3
DA:47,3
DA:48,3
DA:49,3
DA:50,3
DA:52,3
DA:56,0
DA:61,0
DA:62,0
DA:63,0
DA:64,0
DA:67,0
DA:70,0
DA:73,0
DA:75,0
DA:76,0
DA:77,0
DA:78,0
DA:81,0
DA:82,0
DA:83,0
DA:84,0
DA:86,0
DA:88,0
DA:93,0
DA:94,0
DA:99,44
DA:101,44
DA:104,88
DA:105,44
DA:108,88
DA:110,914
DA:111,914
DA:112,914
DA:115,1824
DA:116,1828
DA:117,1828
DA:118,917
DA:119,918
DA:120,1784
DA:122,44
DA:125,16
DA:127,8
DA:128,0
DA:130,8
DA:231,84
DA:238,42
DA:239,42
DA:240,2
DA:242,2
DA:243,1
DA:244,1
DA:247,1
DA:248,0
DA:249,0
DA:250,0
DA:252,0
DA:253,0
DA:255,0
DA:260,2
DA:262,0
DA:263,0
DA:264,0
DA:265,0
DA:266,0
DA:267,0
DA:268,0
DA:270,0
DA:275,2
DA:279,42
DA:280,0
DA:281,0
DA:282,0
DA:284,0
DA:285,0
DA:287,0
DA:288,0
DA:291,0
DA:292,0
DA:293,0
DA:294,0
DA:296,0
DA:297,0
DA:301,0
DA:306,0
DA:309,0
DA:313,42
DA:314,40
DA:315,80
DA:316,40
DA:317,40
DA:318,1240
DA:319,40
DA:323,42
DA:324,11
DA:325,11
DA:326,11
DA:328,7
DA:329,7
DA:331,4
DA:332,4
DA:334,4
DA:336,2
DA:337,2
DA:338,4
DA:339,4
DA:340,2
DA:341,6
DA:342,2
DA:343,2
DA:344,4
DA:345,4
DA:347,8
DA:348,2
DA:349,0
DA:350,0
DA:351,2
DA:352,6
DA:353,2
DA:354,2
DA:355,2
DA:356,2
DA:358,0
DA:359,0
DA:360,2
DA:361,2
DA:362,0
DA:363,4
DA:364,2
DA:365,2
DA:367,4
DA:368,2
DA:370,0
DA:371,0
DA:372,0
DA:373,0
DA:374,0
DA:375,0
DA:376,0
DA:378,2
DA:379,2
DA:380,2
DA:381,0
DA:382,2
DA:383,0
DA:385,6
DA:386,0
DA:387,2
DA:388,2
DA:389,0
DA:390,0
DA:392,5
DA:393,4
DA:394,1
DA:395,0
DA:397,2
DA:398,0
DA:400,0
DA:403,10
DA:404,4
DA:405,5
DA:406,10
DA:407,0
DA:408,10
DA:410,1
DA:414,10
DA:415,30
DA:416,0
DA:417,0
DA:418,30
DA:419,3
DA:420,27
DA:421,0
DA:422,1
DA:425,10
DA:426,30
DA:427,3
DA:428,5
DA:429,4
DA:431,1
DA:432,0
DA:433,5
DA:435,0
DA:437,30
DA:438,0
DA:439,0
DA:440,0
DA:442,0
DA:443,0
DA:444,0
DA:445,0
DA:446,0
DA:447,0
DA:448,0
DA:451,0
DA:454,0
DA:455,0
DA:456,0
DA:457,0
DA:458,0
DA:459,0
DA:460,0
DA:462,10
DA:463,10
DA:464,0
DA:465,0
DA:467,0
DA:468,10
DA:469,0
DA:471,10
DA:472,10
DA:473,10
DA:474,30
DA:475,40
DA:476,18
DA:477,7
DA:478,10
DA:479,7
DA:480,40
DA:482,10
DA:483,30
DA:484,30
DA:485,30
DA:487,40
DA:488,42
DA:489,10
DA:490,40
DA:492,32
DA:493,10
DA:494,40
DA:495,2
DA:496,2
DA:497,40
DA:499,28
DA:500,28
DA:501,28
DA:502,28
DA:503,10
DA:504,20
DA:505,28
DA:506,38
DA:509,112
DA:510,10
DA:511,0
DA:512,0
DA:513,0
DA:514,0
DA:515,28
DA:516,56
DA:517,0
DA:518,28
DA:519,0
DA:520,0
DA:522,28
DA:523,4
DA:524,4
DA:525,4
DA:526,4
DA:527,4
DA:528,36
DA:529,4
DA:530,4
DA:531,4
DA:532,3
DA:533,0
DA:534,1
DA:535,1
DA:536,0
DA:537,0
DA:538,0
DA:539,0
DA:540,0
DA:541,0
DA:542,0
DA:544,4
DA:545,4
DA:546,4
DA:547,4
DA:548,8
DA:549,8
DA:550,4
DA:551,8
DA:552,8
DA:553,8
DA:554,8
DA:555,0
DA:556,0
DA:557,0
DA:558,4
DA:559,4
DA:560,0
DA:561,0
DA:562,0
DA:563,0
DA:564,0
DA:565,0
DA:567,0
DA:568,0
DA:569,0
DA:570,4
DA:572,4
DA:573,8
DA:574,0
DA:576,0
DA:577,0
DA:579,4
DA:580,4
DA:581,4
DA:582,4
DA:583,10
DA:584,4
DA:586,16
DA:588,0
DA:589,0
DA:590,0
DA:592,4
DA:593,8
DA:594,10
DA:595,32
DA:600,0
DA:601,0
DA:602,0
DA:606,28
DA:636,0
DA:642,0
DA:644,0
DA:650,0
DA:652,0
DA:658,0
DA:672,6
DA:673,6
DA:675,0
DA:676,6
DA:678,0
DA:681,6
DA:684,3
DA:685,3
DA:687,0
DA:688,3
DA:690,0
DA:693,3
DA:702,6
DA:703,6
DA:705,0
DA:706,6
DA:708,0
DA:711,6
DA:714,3
DA:715,3
DA:717,0
DA:718,3
DA:720,0
DA:723,3
DA:727,6
DA:728,6
DA:730,0
DA:731,6
DA:733,0
DA:736,6
DA:739,3
DA:740,3
DA:742,0
DA:743,3
DA:745,0
DA:748,3
DA:752,6
DA:753,6
DA:755,0
DA:756,6
DA:758,0
DA:761,6
DA:764,3
DA:765,3
DA:767,0
DA:768,3
DA:770,0
DA:773,3
DA:777,6
DA:778,6
DA:780,0
DA:781,6
DA:783,0
DA:786,6
DA:789,3
DA:790,3
DA:792,0
DA:793,3
DA:795,0
DA:798,3
DA:833,0
DA:836,0
DA:838,0
DA:839,0
DA:840,0
DA:842,0
DA:849,0
DA:852,0
DA:860,0
DA:897,2
DA:904,1
DA:941,6
DA:942,6
DA:943,3
DA:946,3
DA:949,3
DA:950,3
DA:952,3
DA:953,3
DA:955,3
DA:956,0
DA:957,0
DA:958,3
DA:959,3
DA:960,3
DA:963,3
DA:965,3
DA:966,3
DA:967,3
DA:968,3
DA:970,0
DA:974,6
DA:975,3
DA:976,3
DA:978,3
DA:979,2
DA:982,3
DA:983,3
DA:985,3
DA:986,0
DA:989,3
DA:994,3
DA:995,3
DA:1014,2
DA:1015,1
DA:1017,2
DA:1019,1
DA:1020,1
DA:1023,1
DA:1024,1
DA:1025,1
DA:1026,1
DA:1027,1
DA:1028,1
DA:1031,1
DA:1064,0
DA:1067,0
DA:1069,0
DA:1070,0
DA:1071,0
DA:1074,0
DA:1075,0
DA:1078,0
DA:1080,0
DA:1081,0
DA:1082,0
DA:1083,0
DA:1084,0
DA:1085,0
DA:1088,0
DA:1095,0
LH:289
LF:479
end_of_record
SF:src/functions/optimization/enhanced_buffer_optimization.jl
DA:6,0
DA:7,0
DA:19,0
DA:20,0
DA:21,0
DA:22,0
DA:23,0
DA:24,0
DA:28,0
DA:29,0
DA:30,0
DA:31,0
DA:33,0
DA:35,0
DA:36,0
DA:37,0
DA:41,0
DA:43,0
DA:45,0
DA:46,0
DA:47,0
DA:48,0
DA:49,0
DA:51,0
DA:53,0
DA:54,0
DA:55,0
DA:56,0
DA:57,0
DA:61,0
DA:62,0
DA:63,0
DA:64,0
DA:65,0
DA:69,0
DA:70,0
DA:71,0
DA:73,0
DA:75,0
DA:76,0
DA:77,0
DA:78,0
DA:82,0
DA:83,0
DA:85,0
DA:86,0
DA:87,0
DA:88,0
DA:89,0
DA:91,0
DA:92,0
DA:93,0
DA:94,0
DA:95,0
DA:96,0
DA:97,0
DA:98,0
DA:101,0
DA:103,0
DA:104,0
DA:110,0
DA:111,0
DA:114,0
DA:115,0
DA:116,0
DA:120,0
DA:121,0
DA:125,0
LH:0
LF:68
end_of_record
SF:src/functions/optimization/enhanced_metadata_cache.jl
DA:11,0
DA:12,0
DA:22,0
DA:25,0
DA:26,0
DA:28,0
DA:30,0
DA:31,0
DA:34,0
DA:36,0
DA:39,0
DA:40,0
DA:44,0
DA:45,0
DA:48,0
DA:49,0
DA:50,0
DA:53,0
DA:54,0
DA:61,0
DA:63,0
DA:67,0
DA:68,0
DA:71,0
DA:72,0
DA:75,0
DA:78,0
DA:79,0
DA:80,0
DA:81,0
DA:84,0
DA:85,0
DA:86,0
DA:87,0
DA:88,0
DA:89,0
DA:92,0
DA:93,0
DA:94,0
DA:98,0
DA:101,0
DA:105,0
DA:106,0
DA:107,0
DA:108,0
DA:109,0
DA:110,0
DA:113,0
DA:114,0
DA:116,0
DA:117,0
DA:119,0
DA:120,0
DA:122,0
DA:123,0
DA:124,0
DA:127,0
DA:132,0
DA:135,0
DA:137,0
DA:138,0
DA:139,0
DA:140,0
DA:141,0
DA:142,0
DA:145,0
DA:146,0
DA:147,0
DA:148,0
DA:149,0
DA:155,0
DA:156,0
DA:157,0
DA:158,0
DA:159,0
DA:161,0
DA:162,0
DA:164,0
DA:167,0
DA:168,0
DA:169,0
DA:171,0
LH:0
LF:82
end_of_record
SF:src/functions/optimization/enhanced_projection.jl
DA:29,0
DA:34,0
DA:35,0
DA:36,0
DA:37,0
DA:41,0
DA:42,0
DA:44,0
DA:53,0
DA:55,0
DA:56,0
DA:60,0
DA:62,0
DA:63,0
DA:64,0
DA:72,0
DA:73,0
DA:74,0
DA:75,0
DA:77,0
DA:86,0
DA:87,0
DA:88,0
DA:91,0
DA:92,0
DA:93,0
DA:95,0
DA:96,0
DA:97,0
DA:100,0
DA:101,0
DA:102,0
DA:103,0
DA:104,0
DA:105,0
DA:107,0
LH:0
LF:36
end_of_record
SF:src/functions/optimization/memory_pool_optimization.jl
DA:11,0
DA:12,0
DA:13,0
DA:14,0
DA:15,0
DA:16,0
DA:17,0
DA:18,0
DA:19,0
DA:22,0
DA:26,0
DA:27,0
DA:28,0
DA:29,0
DA:30,0
DA:31,0
DA:32,0
DA:33,0
DA:34,0
DA:37,0
DA:41,0
DA:42,0
DA:43,0
DA:44,0
DA:45,0
DA:50,0
DA:51,0
DA:52,0
DA:53,0
DA:54,0
DA:59,0
DA:60,0
DA:64,0
DA:65,0
DA:67,0
DA:68,0
DA:69,0
DA:70,0
DA:74,0
DA:75,0
DA:76,0
DA:77,0
DA:79,0
DA:81,0
DA:82,0
DA:83,0
DA:84,0
DA:86,0
DA:90,0
DA:91,0
DA:92,0
DA:93,0
DA:95,0
DA:98,0
DA:99,0
DA:101,0
DA:102,0
DA:103,0
DA:104,0
DA:108,0
DA:110,0
DA:118,0
DA:119,0
DA:120,0
DA:121,0
DA:125,0
DA:126,0
DA:127,0
DA:128,0
DA:129,0
DA:130,0
DA:133,0
DA:134,0
DA:135,0
DA:136,0
DA:137,0
DA:138,0
DA:140,0
DA:141,0
DA:142,0
DA:146,0
DA:147,0
DA:148,0
DA:149,0
DA:150,0
DA:151,0
DA:152,0
DA:154,0
DA:155,0
DA:156,0
DA:159,0
DA:160,0
DA:161,0
DA:164,0
DA:169,0
LH:0
LF:95
end_of_record
SF:src/functions/optimization/metadata_caching.jl
DA:10,0
DA:11,0
DA:26,0
DA:29,0
DA:30,0
DA:31,0
DA:32,0
DA:34,0
DA:38,0
DA:39,0
DA:43,0
DA:44,0
DA:45,0
DA:48,0
DA:49,0
DA:57,0
DA:58,0
DA:59,0
DA:62,0
DA:65,0
DA:66,0
DA:67,0
DA:68,0
DA:70,0
DA:71,0
DA:72,0
DA:73,0
DA:76,0
DA:77,0
DA:78,0
DA:79,0
DA:82,0
DA:85,0
DA:86,0
DA:87,0
DA:88,0
DA:89,0
DA:90,0
DA:93,0
DA:94,0
DA:96,0
DA:97,0
DA:99,0
DA:100,0
DA:102,0
DA:103,0
DA:104,0
DA:105,0
DA:106,0
DA:107,0
DA:111,0
DA:112,0
DA:120,0
DA:121,0
DA:124,0
DA:125,0
DA:126,0
DA:127,0
DA:129,0
DA:131,0
DA:132,0
DA:135,0
DA:137,0
DA:138,0
DA:139,0
LH:0
LF:65
end_of_record
SF:src/functions/optimization/parallel_projection_optimization.jl
DA:9,0
DA:11,0
LH:0
LF:2
end_of_record
SF:src/functions/optimization/simd_coordinate_optimization.jl
DA:9,0
DA:10,0
LH:0
LF:2
end_of_record
SF:src/functions/overview.jl
DA:22,560
DA:23,560
DA:24,96
DA:25,96
DA:45,206
DA:46,206
DA:47,35
DA:48,35
DA:49,35
DA:50,35
DA:54,49
DA:55,49
DA:57,42
DA:89,48
DA:91,48
DA:92,45
DA:93,45
DA:94,38
DA:95,38
DA:96,38
DA:97,35
DA:98,35
DA:99,35
DA:100,35
DA:101,35
DA:102,35
DA:103,0
DA:104,0
DA:111,45
DA:112,10
DA:115,45
DA:141,2
DA:144,1
DA:145,1
DA:147,1
DA:148,0
DA:149,0
DA:150,0
DA:155,0
DA:157,0
DA:158,0
DA:159,0
DA:160,0
DA:161,0
DA:162,0
DA:163,0
DA:164,0
DA:167,0
DA:168,0
DA:169,0
DA:170,0
DA:171,0
DA:172,0
DA:173,0
DA:174,0
DA:177,0
DA:178,0
DA:179,0
DA:180,0
DA:181,0
DA:182,0
DA:183,0
DA:184,0
DA:185,0
DA:188,0
DA:191,0
DA:192,0
DA:193,0
DA:194,0
DA:195,0
DA:196,0
DA:197,0
DA:198,0
DA:199,0
DA:202,0
DA:205,0
DA:206,0
DA:207,0
DA:208,0
DA:209,0
DA:210,0
DA:211,0
DA:212,0
DA:213,0
DA:216,0
DA:219,0
DA:220,0
DA:221,0
DA:222,0
DA:223,0
DA:224,0
DA:225,0
DA:226,0
DA:227,0
DA:230,0
DA:233,0
DA:234,0
DA:235,0
DA:236,0
DA:237,0
DA:238,0
DA:239,0
DA:240,0
DA:241,0
DA:244,0
DA:249,0
DA:250,0
DA:251,0
DA:252,0
DA:253,0
DA:254,0
DA:255,0
DA:256,0
DA:257,0
DA:260,0
DA:263,0
DA:264,0
DA:265,0
DA:266,0
DA:267,0
DA:271,0
DA:272,0
DA:273,0
DA:274,0
DA:275,0
DA:276,0
DA:277,0
DA:278,0
DA:280,0
DA:286,0
DA:287,0
DA:317,0
DA:319,0
DA:320,0
DA:322,0
DA:323,0
DA:324,0
DA:325,0
DA:326,0
DA:327,0
DA:329,0
DA:330,0
DA:332,0
DA:333,0
DA:334,0
DA:335,0
DA:336,0
DA:339,0
DA:340,0
DA:341,0
DA:343,0
DA:348,0
DA:350,0
DA:354,0
DA:357,0
DA:358,0
DA:360,0
DA:363,0
DA:368,0
DA:369,0
DA:378,0
DA:380,0
DA:381,0
DA:383,0
DA:384,0
DA:385,0
DA:386,0
DA:387,0
DA:388,0
DA:390,0
DA:391,0
DA:393,0
DA:394,0
DA:395,0
DA:396,0
DA:397,0
DA:400,0
DA:401,0
DA:402,0
DA:404,0
DA:409,0
DA:411,0
DA:415,0
DA:418,0
DA:419,0
DA:421,0
DA:424,0
DA:434,0
DA:435,0
DA:444,0
DA:446,0
DA:447,0
DA:450,0
DA:451,0
DA:452,0
DA:453,0
DA:454,0
DA:455,0
DA:458,0
DA:460,0
DA:461,0
DA:462,0
DA:463,0
DA:464,0
DA:465,0
DA:466,0
DA:469,0
DA:472,0
DA:474,0
DA:475,0
DA:476,0
DA:477,0
DA:478,0
DA:480,0
DA:482,0
DA:484,0
DA:485,0
DA:487,0
DA:490,0
DA:498,0
DA:499,0
DA:500,0
DA:505,0
DA:506,0
DA:524,0
DA:526,0
DA:527,0
DA:528,0
DA:529,0
DA:530,0
DA:532,0
DA:533,0
DA:534,0
DA:535,0
DA:537,0
DA:538,0
DA:539,0
DA:542,0
DA:543,0
DA:544,0
DA:545,0
DA:546,0
DA:547,0
DA:549,0
DA:550,0
DA:553,0
DA:557,0
DA:558,0
DA:559,0
DA:560,0
DA:562,0
DA:563,0
DA:565,0
DA:568,0
DA:569,0
DA:571,0
DA:572,0
DA:573,0
DA:574,0
DA:577,0
DA:578,0
DA:579,0
DA:580,0
DA:581,0
DA:582,0
DA:584,0
DA:585,0
DA:587,0
DA:588,0
DA:589,0
DA:590,0
DA:593,0
DA:594,0
DA:595,0
DA:596,0
DA:598,0
DA:599,0
DA:601,0
DA:602,0
DA:603,0
DA:604,0
DA:607,0
DA:609,0
DA:612,0
DA:613,0
DA:617,0
DA:618,0
DA:627,0
DA:629,0
DA:630,0
DA:631,0
DA:632,0
DA:633,0
DA:635,0
DA:636,0
DA:637,0
DA:638,0
DA:640,0
DA:641,0
DA:642,0
DA:645,0
DA:646,0
DA:647,0
DA:648,0
DA:649,0
DA:650,0
DA:652,0
DA:653,0
DA:656,0
DA:660,0
DA:661,0
DA:662,0
DA:663,0
DA:665,0
DA:666,0
DA:668,0
DA:671,0
DA:672,0
DA:674,0
DA:675,0
DA:676,0
DA:677,0
DA:680,0
DA:681,0
DA:682,0
DA:683,0
DA:684,0
DA:685,0
DA:687,0
DA:688,0
DA:690,0
DA:691,0
DA:692,0
DA:693,0
DA:695,0
DA:696,0
DA:697,0
DA:698,0
DA:700,0
DA:701,0
DA:703,0
DA:704,0
DA:705,0
DA:706,0
DA:709,0
DA:711,0
DA:714,0
DA:715,0
DA:726,0
DA:727,0
DA:728,0
DA:729,0
DA:730,0
DA:731,0
DA:732,0
DA:733,0
DA:734,0
DA:735,0
DA:736,0
DA:737,0
DA:738,0
DA:739,0
DA:741,0
DA:742,0
DA:748,0
DA:749,0
DA:758,0
DA:760,0
DA:761,0
DA:762,0
DA:763,0
DA:765,0
DA:766,0
DA:767,0
DA:768,0
DA:770,0
DA:771,0
DA:772,0
DA:773,0
DA:774,0
DA:775,0
DA:778,0
DA:781,0
DA:783,0
DA:784,0
DA:786,0
DA:787,0
DA:789,0
DA:792,0
DA:793,0
DA:795,0
DA:796,0
DA:797,0
DA:798,0
DA:799,0
DA:800,0
DA:802,0
DA:803,0
DA:805,0
DA:806,0
DA:807,0
DA:808,0
DA:810,0
DA:812,0
DA:814,0
DA:815,0
DA:849,32
DA:851,16
DA:852,32
DA:853,0
DA:856,16
DA:859,16
DA:860,16
DA:863,16
DA:866,16
DA:869,16
DA:870,16
DA:871,16
DA:872,16
DA:873,0
DA:874,0
DA:877,0
DA:879,0
DA:880,0
DA:881,0
DA:882,0
DA:883,0
DA:885,0
DA:887,0
DA:890,16
DA:891,15
DA:892,15
DA:893,0
DA:894,0
DA:896,0
DA:898,0
DA:900,15
DA:902,15
DA:904,16
DA:906,2
DA:908,1
DA:910,1
DA:911,2
DA:914,15
DA:915,1
DA:916,0
DA:917,0
DA:918,0
DA:922,1
DA:923,1
DA:924,1
DA:925,14
DA:926,14
DA:927,28
DA:928,0
DA:929,0
DA:930,0
DA:933,27
DA:935,1
DA:936,1
DA:937,0
DA:938,0
DA:939,0
DA:940,0
DA:941,0
DA:943,0
DA:944,0
DA:945,0
DA:946,0
DA:947,0
DA:948,0
DA:949,0
DA:950,0
DA:952,0
DA:953,0
DA:955,1
DA:957,1
DA:961,1
DA:1011,0
DA:1012,0
DA:1013,0
DA:1016,0
DA:1017,0
DA:1020,0
DA:1021,0
DA:1025,0
DA:1026,0
DA:1027,0
LH:69
LF:488
end_of_record
SF:src/functions/prepranges.jl
DA:7,932
DA:16,932
DA:17,932
DA:18,932
DA:20,466
DA:21,466
DA:22,466
DA:23,0
DA:24,0
DA:28,466
DA:32,466
DA:33,421
DA:35,45
DA:36,45
DA:39,466
DA:40,421
DA:42,45
DA:43,45
DA:46,466
DA:47,426
DA:49,40
DA:50,40
DA:53,466
DA:54,426
DA:56,40
DA:57,40
DA:60,466
DA:61,446
DA:63,20
DA:64,20
DA:67,466
DA:68,446
DA:70,20
DA:71,20
DA:74,932
DA:79,471
DA:80,461
DA:81,461
DA:82,461
DA:83,461
DA:84,461
DA:87,922
DA:88,922
DA:89,922
DA:90,922
DA:91,922
DA:92,922
DA:95,461
DA:96,70
DA:97,0
DA:98,0
DA:99,0
DA:100,0
DA:101,0
DA:102,0
DA:103,0
DA:104,0
DA:105,0
DA:109,35
DA:111,35
DA:112,70
DA:113,70
DA:114,70
DA:115,35
DA:117,35
DA:118,70
DA:119,70
DA:120,70
DA:121,35
DA:123,35
DA:124,70
DA:125,70
DA:126,70
DA:127,35
DA:128,35
DA:132,2766
DA:133,461
DA:141,0
DA:148,0
DA:150,0
DA:151,0
DA:152,0
DA:153,0
DA:154,0
DA:155,0
DA:156,0
DA:157,0
DA:158,0
DA:160,0
DA:161,0
DA:167,0
DA:168,0
DA:169,0
DA:170,0
DA:171,0
DA:172,0
DA:173,0
DA:174,0
DA:176,0
DA:177,0
DA:180,0
DA:181,0
DA:182,0
DA:183,0
DA:184,0
DA:185,0
DA:188,0
DA:189,0
DA:190,0
DA:191,0
DA:192,0
DA:193,0
DA:194,0
DA:195,0
DA:196,0
DA:197,0
DA:198,0
DA:202,0
DA:204,0
DA:205,0
DA:206,0
DA:207,0
DA:208,0
DA:210,0
DA:211,0
DA:212,0
DA:213,0
DA:214,0
DA:216,0
DA:217,0
DA:218,0
DA:219,0
DA:220,0
DA:221,0
DA:223,0
DA:224,0
DA:225,0
DA:226,0
DA:227,0
DA:235,0
DA:237,0
DA:238,0
DA:240,0
DA:251,0
DA:259,0
DA:261,0
DA:262,0
DA:263,0
DA:264,0
DA:265,0
DA:266,0
DA:267,0
DA:268,0
DA:274,0
DA:275,0
DA:276,0
DA:277,0
DA:278,0
DA:279,0
DA:280,0
DA:283,0
DA:284,0
DA:285,0
DA:286,0
DA:287,0
DA:288,0
DA:289,0
DA:292,0
DA:293,0
DA:294,0
DA:295,0
DA:296,0
DA:297,0
DA:298,0
DA:299,0
DA:300,0
DA:301,0
DA:302,0
DA:306,0
DA:308,0
DA:309,0
DA:310,0
DA:311,0
DA:312,0
DA:314,0
DA:315,0
DA:316,0
DA:317,0
DA:318,0
DA:320,0
DA:321,0
DA:322,0
DA:323,0
DA:324,0
DA:325,0
DA:327,0
DA:328,0
DA:329,0
DA:330,0
DA:331,0
DA:332,0
DA:333,0
DA:334,0
DA:335,0
DA:342,0
DA:343,0
DA:356,0
DA:364,0
DA:366,0
DA:367,0
DA:368,0
DA:369,0
DA:370,0
DA:371,0
DA:372,0
DA:373,0
DA:379,0
DA:380,0
DA:381,0
DA:382,0
DA:383,0
DA:384,0
DA:385,0
DA:388,0
DA:389,0
DA:390,0
DA:391,0
DA:392,0
DA:394,0
DA:397,0
DA:398,0
DA:399,0
DA:400,0
DA:401,0
DA:402,0
DA:403,0
DA:404,0
DA:405,0
DA:406,0
DA:407,0
DA:411,0
DA:413,0
DA:414,0
DA:415,0
DA:416,0
DA:417,0
DA:419,0
DA:420,0
DA:421,0
DA:422,0
DA:423,0
DA:425,0
DA:426,0
DA:427,0
DA:428,0
DA:429,0
DA:430,0
DA:432,0
DA:433,0
DA:434,0
DA:435,0
DA:436,0
DA:437,0
DA:438,0
DA:445,0
DA:447,0
DA:452,466
DA:454,466
DA:455,466
DA:456,0
DA:460,466
DA:461,466
DA:462,0
DA:463,0
DA:464,0
DA:466,0
DA:468,0
DA:472,1398
DA:473,466
DA:474,1398
DA:475,0
DA:476,0
DA:478,0
DA:480,0
DA:482,1398
DA:484,1398
DA:487,466
DA:492,0
DA:494,0
DA:495,0
DA:497,0
DA:498,0
DA:500,0
DA:503,0
DA:506,255
DA:508,255
DA:509,255
DA:510,255
DA:511,0
DA:514,255
DA:515,765
DA:516,255
DA:517,255
DA:518,255
DA:520,0
DA:523,255
DA:524,255
DA:526,0
DA:529,255
DA:530,255
DA:532,0
DA:534,0
DA:535,0
DA:538,255
LH:91
LF:314
end_of_record
SF:src/functions/projection/profile_hydro.jl
DA:216,0
DA:242,0
DA:243,0
DA:246,0
DA:247,0
DA:250,0
DA:251,0
DA:254,0
DA:255,0
DA:258,0
DA:259,0
DA:262,0
DA:263,0
DA:267,0
DA:268,0
DA:269,0
DA:271,0
DA:273,0
DA:278,0
DA:279,0
DA:281,0
DA:285,0
DA:288,0
DA:289,0
DA:291,0
DA:292,0
DA:294,0
DA:295,0
DA:296,0
DA:298,0
DA:299,0
DA:301,0
DA:303,0
DA:307,0
DA:309,0
DA:310,0
DA:311,0
DA:312,0
DA:314,0
DA:315,0
DA:316,0
DA:320,0
DA:321,0
DA:322,0
DA:323,0
DA:326,0
DA:327,0
DA:328,0
DA:329,0
DA:331,0
DA:332,0
DA:333,0
DA:340,0
DA:343,0
DA:346,0
DA:350,0
DA:354,0
DA:355,0
DA:359,0
DA:371,0
DA:425,0
DA:429,0
DA:431,0
DA:432,0
DA:434,0
DA:437,0
DA:439,0
DA:440,0
DA:442,0
DA:445,0
DA:447,0
DA:448,0
DA:450,0
DA:461,0
DA:476,0
DA:477,0
DA:478,0
DA:479,0
DA:481,0
DA:482,0
DA:486,0
DA:487,0
DA:488,0
DA:491,0
DA:492,0
DA:493,0
DA:496,0
DA:497,0
DA:500,0
DA:503,0
DA:505,0
DA:506,0
DA:508,0
DA:509,0
DA:511,0
DA:513,0
DA:514,0
DA:519,0
DA:521,0
DA:522,0
DA:524,0
DA:525,0
DA:527,0
DA:529,0
DA:530,0
DA:534,0
DA:535,0
DA:540,0
DA:541,0
DA:542,0
DA:543,0
DA:545,0
DA:549,0
DA:554,0
DA:555,0
DA:556,0
DA:558,0
DA:560,0
DA:563,0
DA:576,0
DA:582,0
DA:584,0
DA:586,0
DA:587,0
DA:590,0
DA:591,0
DA:593,0
DA:594,0
DA:596,0
DA:597,0
DA:598,0
DA:599,0
DA:600,0
DA:601,0
DA:602,0
DA:605,0
DA:606,0
DA:608,0
DA:610,0
DA:613,0
DA:615,0
DA:616,0
DA:618,0
DA:622,0
DA:623,0
DA:624,0
DA:625,0
DA:627,0
DA:630,0
DA:631,0
DA:632,0
DA:633,0
DA:636,0
DA:637,0
DA:639,0
DA:641,0
DA:642,0
DA:644,0
DA:645,0
DA:648,0
DA:649,0
DA:650,0
DA:651,0
DA:653,0
DA:656,0
DA:657,0
DA:660,0
DA:662,0
DA:663,0
DA:664,0
DA:666,0
DA:668,0
DA:670,0
DA:673,0
DA:675,0
DA:676,0
DA:678,0
DA:681,0
DA:682,0
DA:684,0
DA:685,0
DA:687,0
DA:688,0
DA:689,0
DA:690,0
DA:692,0
DA:693,0
DA:695,0
DA:696,0
DA:698,0
DA:701,0
DA:702,0
DA:704,0
DA:705,0
DA:706,0
DA:709,0
DA:712,0
DA:713,0
DA:714,0
DA:715,0
DA:716,0
DA:717,0
DA:719,0
DA:722,0
DA:723,0
DA:724,0
DA:729,0
DA:730,0
DA:732,0
DA:733,0
DA:735,0
DA:737,0
DA:738,0
DA:741,0
DA:742,0
DA:745,0
DA:746,0
DA:748,0
DA:751,0
DA:760,0
DA:768,0
DA:769,0
DA:772,0
DA:773,0
DA:774,0
DA:775,0
DA:776,0
DA:777,0
DA:778,0
DA:781,0
DA:782,0
DA:783,0
DA:786,0
DA:787,0
DA:791,0
DA:793,0
DA:794,0
DA:796,0
DA:799,0
DA:800,0
DA:803,0
DA:804,0
DA:805,0
DA:806,0
DA:809,0
DA:811,0
DA:813,0
DA:815,0
DA:816,0
DA:817,0
DA:820,0
DA:824,0
DA:825,0
DA:826,0
DA:827,0
DA:829,0
DA:831,0
DA:832,0
DA:834,0
DA:835,0
DA:838,0
DA:839,0
DA:842,0
DA:843,0
DA:844,0
DA:845,0
DA:848,0
DA:849,0
DA:851,0
DA:852,0
DA:853,0
DA:857,0
DA:858,0
DA:859,0
DA:861,0
DA:864,0
DA:865,0
DA:866,0
DA:867,0
DA:869,0
DA:871,0
DA:872,0
DA:875,0
DA:877,0
DA:878,0
DA:879,0
DA:880,0
DA:882,0
DA:884,0
DA:887,0
DA:892,0
DA:893,0
DA:894,0
DA:895,0
DA:897,0
DA:899,0
DA:904,0
DA:905,0
DA:908,0
DA:911,0
DA:912,0
DA:915,0
DA:916,0
DA:918,0
DA:919,0
DA:922,0
DA:923,0
DA:925,0
DA:926,0
DA:927,0
DA:928,0
DA:933,0
DA:935,0
DA:952,0
DA:954,0
DA:955,0
DA:956,0
DA:957,0
DA:958,0
DA:959,0
DA:963,0
DA:964,0
DA:965,0
DA:968,0
DA:969,0
DA:979,0
DA:981,0
DA:982,0
DA:983,0
DA:984,0
DA:987,0
DA:988,0
DA:989,0
DA:990,0
DA:991,0
DA:993,0
DA:995,0
DA:998,0
DA:999,0
DA:1001,0
DA:1010,0
DA:1011,0
DA:1013,0
DA:1016,0
DA:1025,0
DA:1031,0
DA:1034,0
DA:1035,0
DA:1036,0
DA:1037,0
DA:1038,0
DA:1039,0
DA:1040,0
DA:1041,0
DA:1042,0
DA:1043,0
DA:1044,0
DA:1047,0
DA:1048,0
DA:1049,0
DA:1052,0
DA:1053,0
DA:1054,0
DA:1055,0
DA:1058,0
DA:1059,0
DA:1060,0
DA:1063,0
DA:1065,0
DA:1067,0
DA:1069,0
DA:1072,0
DA:1073,0
DA:1075,0
DA:1077,0
DA:1079,0
DA:1080,0
DA:1081,0
DA:1083,0
DA:1084,0
DA:1085,0
DA:1088,0
DA:1089,0
DA:1091,0
DA:1094,0
DA:1095,0
DA:1096,0
DA:1098,0
DA:1099,0
DA:1100,0
DA:1103,0
DA:1106,0
DA:1107,0
DA:1108,0
DA:1109,0
DA:1112,0
DA:1113,0
DA:1114,0
DA:1115,0
DA:1117,0
DA:1118,0
DA:1121,0
DA:1122,0
DA:1123,0
DA:1124,0
DA:1128,0
DA:1129,0
DA:1130,0
DA:1131,0
DA:1134,0
DA:1136,0
DA:1137,0
DA:1138,0
DA:1141,0
DA:1142,0
DA:1143,0
DA:1144,0
DA:1145,0
DA:1148,0
DA:1149,0
DA:1152,0
DA:1153,0
DA:1154,0
DA:1155,0
DA:1159,0
DA:1160,0
DA:1163,0
DA:1164,0
DA:1165,0
DA:1166,0
DA:1172,0
DA:1173,0
DA:1174,0
DA:1177,0
DA:1178,0
DA:1179,0
DA:1181,0
DA:1184,0
DA:1186,0
DA:1199,0
DA:1200,0
DA:1201,0
DA:1204,0
DA:1205,0
DA:1209,0
DA:1210,0
DA:1213,0
DA:1216,0
DA:1218,0
DA:1219,0
DA:1222,0
DA:1223,0
DA:1227,0
DA:1228,0
DA:1229,0
DA:1230,0
DA:1233,0
DA:1234,0
DA:1237,0
DA:1238,0
DA:1246,0
DA:1251,0
DA:1252,0
DA:1253,0
DA:1254,0
DA:1256,0
DA:1258,0
DA:1260,0
DA:1262,0
DA:1263,0
DA:1264,0
DA:1265,0
DA:1266,0
DA:1267,0
DA:1270,0
DA:1272,0
DA:1273,0
DA:1274,0
DA:1275,0
DA:1276,0
DA:1277,0
DA:1280,0
DA:1282,0
DA:1283,0
DA:1284,0
DA:1285,0
DA:1286,0
DA:1287,0
DA:1288,0
DA:1291,0
DA:1293,0
DA:1294,0
DA:1295,0
DA:1296,0
DA:1297,0
DA:1298,0
DA:1301,0
DA:1303,0
DA:1304,0
DA:1305,0
DA:1306,0
DA:1308,0
DA:1309,0
DA:1311,0
DA:1313,0
DA:1314,0
DA:1315,0
DA:1316,0
DA:1317,0
DA:1318,0
DA:1319,0
DA:1322,0
DA:1323,0
DA:1324,0
DA:1325,0
DA:1326,0
DA:1327,0
DA:1328,0
DA:1333,0
DA:1345,0
DA:1346,0
DA:1347,0
DA:1349,0
DA:1350,0
DA:1351,0
DA:1353,0
DA:1355,0
DA:1356,0
DA:1359,0
DA:1362,0
DA:1364,0
DA:1366,0
DA:1375,0
DA:1376,0
DA:1377,0
DA:1380,0
DA:1381,0
DA:1385,0
DA:1386,0
DA:1391,0
DA:1394,0
DA:1395,0
DA:1398,0
DA:1399,0
DA:1400,0
DA:1402,0
DA:1403,0
DA:1404,0
DA:1407,0
DA:1408,0
DA:1409,0
DA:1412,0
DA:1413,0
DA:1416,0
DA:1419,0
DA:1430,0
DA:1431,0
DA:1434,0
DA:1435,0
DA:1436,0
DA:1439,0
DA:1441,0
DA:1443,0
DA:1445,0
DA:1446,0
DA:1447,0
DA:1448,0
DA:1450,0
DA:1451,0
DA:1453,0
LH:0
LF:570
end_of_record
SF:src/functions/projection/profile_hydro_minimal.jl
DA:33,0
DA:48,0
DA:49,0
DA:53,0
DA:56,0
DA:57,0
DA:58,0
DA:60,0
DA:84,0
DA:85,0
DA:87,0
DA:88,0
DA:89,0
DA:91,0
LH:0
LF:14
end_of_record
SF:src/functions/projection/projection.jl
DA:3,3
DA:4,3
DA:5,3
DA:6,3
DA:7,3
DA:8,3
DA:9,3
DA:11,3
DA:12,3
DA:13,3
DA:14,3
DA:15,3
DA:16,3
DA:17,3
DA:18,3
DA:19,3
DA:20,3
DA:21,3
DA:22,3
DA:23,3
DA:24,3
DA:25,3
DA:26,3
DA:27,3
DA:28,3
DA:29,3
DA:30,3
DA:31,3
DA:32,3
DA:33,3
DA:34,3
DA:35,3
DA:36,3
DA:38,3
DA:39,3
DA:42,3
DA:43,3
DA:44,3
DA:45,3
DA:51,16
DA:52,16
DA:53,16
DA:54,16
DA:55,64
DA:56,9
DA:58,22
DA:59,16
DA:60,16
LH:48
LF:48
end_of_record
SF:src/functions/projection/projection_hydro.jl
DA:50,340
DA:74,170
DA:99,0
DA:122,0
DA:147,0
DA:169,0
DA:196,0
DA:218,0
DA:264,0
DA:265,0
DA:268,0
DA:269,0
DA:272,0
DA:273,0
DA:276,0
DA:277,0
DA:280,0
DA:281,0
DA:556,500
DA:585,250
DA:586,250
DA:587,250
DA:588,250
DA:589,250
DA:590,250
DA:591,250
DA:592,250
DA:593,250
DA:594,250
DA:595,250
DA:596,250
DA:597,250
DA:598,250
DA:601,250
DA:602,250
DA:605,250
DA:607,250
DA:610,250
DA:611,250
DA:612,250
DA:615,250
DA:616,0
DA:620,250
DA:621,0
DA:622,0
DA:623,0
DA:624,0
DA:625,0
DA:629,0
DA:630,0
DA:632,250
DA:635,250
DA:636,250
DA:637,250
DA:638,250
DA:639,0
DA:640,0
DA:647,250
DA:648,250
DA:649,250
DA:650,250
DA:651,250
DA:654,750
DA:655,500
DA:656,250
DA:657,1500
DA:658,500
DA:666,250
DA:668,500
DA:671,250
DA:673,245
DA:675,245
DA:676,0
DA:677,0
DA:678,0
DA:681,245
DA:683,245
DA:684,245
DA:685,0
DA:686,0
DA:687,0
DA:688,0
DA:689,0
DA:690,0
DA:691,0
DA:694,245
DA:700,245
DA:701,245
DA:702,245
DA:703,245
DA:704,245
DA:706,245
DA:709,245
DA:710,245
DA:712,490
DA:714,585
DA:715,585
DA:716,585
DA:717,925
DA:719,490
DA:722,150
DA:724,190
DA:726,45
DA:728,100
DA:730,50
DA:733,340
DA:735,245
DA:738,245
DA:739,245
DA:740,245
DA:741,245
DA:742,490
DA:743,585
DA:744,925
DA:746,245
DA:747,0
DA:749,245
DA:757,245
DA:758,245
DA:769,245
DA:770,245
DA:773,245
DA:783,245
DA:784,0
DA:785,0
DA:786,0
DA:787,0
DA:788,0
DA:789,0
DA:791,0
DA:796,245
DA:797,0
DA:798,0
DA:799,0
DA:800,0
DA:801,0
DA:802,0
DA:803,245
DA:805,0
DA:806,0
DA:807,0
DA:808,0
DA:809,0
DA:810,0
DA:811,0
DA:812,0
DA:813,0
DA:817,245
DA:819,230
DA:820,230
DA:821,0
DA:822,0
DA:823,0
DA:834,230
DA:837,460
DA:838,230
DA:839,230
DA:841,230
DA:842,0
DA:847,230
DA:848,570
DA:849,570
DA:850,570
DA:857,230
DA:858,552
DA:859,534
DA:862,537
DA:863,551
DA:866,532
DA:867,2818
DA:869,5553
DA:871,2824
DA:872,2850
DA:873,2850
DA:874,2850
DA:877,2850
DA:878,0
DA:880,0
DA:881,0
DA:882,0
DA:884,0
DA:888,0
DA:890,0
DA:891,0
DA:892,0
DA:894,0
DA:895,0
DA:896,0
DA:898,0
DA:899,0
DA:904,0
DA:905,0
DA:911,2849
DA:913,1150
DA:914,1150
DA:919,1699
DA:924,5128
DA:925,0
DA:930,230
DA:932,230
DA:933,0
DA:934,0
DA:937,0
DA:938,0
DA:939,0
DA:940,0
DA:941,0
DA:943,0
DA:944,0
DA:945,0
DA:946,0
DA:947,0
DA:948,0
DA:952,0
DA:953,0
DA:954,0
DA:955,0
DA:956,0
DA:959,0
DA:969,245
DA:972,15
DA:973,75
DA:976,75
DA:980,75
DA:981,75
DA:982,75
DA:985,75
DA:986,0
DA:989,0
DA:991,0
DA:993,0
DA:995,0
DA:1000,0
DA:1003,0
DA:1006,0
DA:1007,0
DA:1010,0
DA:1011,0
DA:1012,0
DA:1014,0
DA:1015,0
DA:1017,0
DA:1018,0
DA:1020,0
DA:1021,0
DA:1025,0
DA:1026,0
DA:1032,150
DA:1033,75
DA:1036,75
DA:1039,75
DA:1040,75
DA:1045,0
DA:1049,75
DA:1053,0
DA:1057,245
DA:1059,490
DA:1060,585
DA:1063,245
DA:1064,340
DA:1066,0
DA:1069,340
DA:1071,0
DA:1074,340
DA:1075,340
DA:1078,925
DA:1082,245
DA:1083,4095
DA:1084,0
DA:1085,0
DA:1088,0
DA:1090,0
DA:1091,0
DA:1094,0
DA:1095,0
DA:1097,0
DA:1098,0
DA:1100,0
DA:1101,0
DA:1102,0
DA:1103,0
DA:1104,0
DA:1106,0
DA:1107,0
DA:1110,0
DA:1111,0
DA:1112,0
DA:1113,0
DA:1116,0
DA:1117,0
DA:1118,0
DA:1119,0
DA:1120,0
DA:1122,0
DA:1123,0
DA:1124,0
DA:1125,0
DA:1126,0
DA:1129,585
DA:1134,490
DA:1135,585
DA:1137,585
DA:1138,245
DA:1139,245
DA:1141,245
DA:1142,340
DA:1143,0
DA:1144,0
DA:1145,0
DA:1147,340
DA:1148,340
DA:1150,340
DA:1152,585
DA:1153,925
DA:1162,245
DA:1163,1755
DA:1164,0
DA:1166,0
DA:1167,0
DA:1168,0
DA:1169,0
DA:1170,0
DA:1171,0
DA:1172,0
DA:1173,0
DA:1174,0
DA:1175,0
DA:1176,0
DA:1177,0
DA:1178,0
DA:1180,585
DA:1184,245
DA:1185,1170
DA:1187,0
DA:1188,0
DA:1189,0
DA:1190,0
DA:1191,0
DA:1192,0
DA:1193,0
DA:1194,0
DA:1195,0
DA:1196,0
DA:1197,0
DA:1198,0
DA:1199,0
DA:1200,0
DA:1201,0
DA:1203,0
DA:1204,0
DA:1206,0
DA:1207,0
DA:1208,0
DA:1209,0
DA:1211,585
DA:1214,245
DA:1215,245
DA:1225,250
DA:1229,250
DA:1232,250
DA:1234,250
DA:1235,3780
DA:1236,1500
DA:1237,0
DA:1238,0
DA:1239,0
DA:1240,0
DA:1241,0
DA:1243,0
DA:1245,1500
DA:1249,250
DA:1250,250
DA:1251,250
DA:1252,760
DA:1253,0
DA:1255,380
DA:1256,250
DA:1257,250
DA:1262,250
DA:1264,250
DA:1266,575
DA:1267,430
DA:1270,250
DA:1271,0
DA:1274,250
DA:1278,245
DA:1279,245
DA:1280,245
DA:1281,245
DA:1283,245
DA:1284,245
DA:1285,245
DA:1286,245
DA:1287,245
DA:1288,245
DA:1290,245
DA:1291,245
DA:1292,245
DA:1293,245
DA:1296,245
DA:1300,300
DA:1303,150
DA:1304,150
DA:1308,600
DA:1309,150
DA:1310,600
DA:1311,300
DA:1312,300
DA:1313,150
DA:1316,150
DA:1317,150
DA:1319,95
DA:1320,45
DA:1321,45
DA:1322,45
DA:1323,90
DA:1326,45
DA:1327,45
DA:1331,180
DA:1332,45
DA:1333,180
DA:1334,90
DA:1335,90
DA:1336,45
DA:1339,45
DA:1340,45
DA:1342,50
DA:1343,50
DA:1344,50
DA:1345,50
DA:1346,100
DA:1349,50
DA:1350,50
DA:1354,200
DA:1355,50
DA:1356,200
DA:1357,100
DA:1358,100
DA:1359,50
DA:1362,50
DA:1363,50
DA:1367,245
DA:1368,245
DA:1372,245
DA:1377,245
DA:1379,245
DA:1380,245
DA:1381,245
DA:1383,0
DA:1387,245
DA:1388,245
DA:1391,245
DA:1393,245
DA:1394,20
DA:1395,20
DA:1396,0
DA:1398,20
DA:1399,20
DA:1403,245
DA:1404,20
DA:1405,20
DA:1406,20
DA:1408,0
DA:1409,0
DA:1411,0
DA:1412,0
DA:1419,0
DA:1420,0
DA:1421,0
DA:1422,0
DA:1424,0
DA:1427,0
DA:1428,0
DA:1430,0
DA:1431,0
DA:1436,265
DA:1438,225
DA:1439,225
DA:1441,225
DA:1442,0
DA:1444,225
DA:1446,225
DA:1447,225
DA:1449,0
DA:1451,225
DA:1454,20
DA:1455,20
DA:1457,20
DA:1458,0
DA:1460,20
DA:1462,20
DA:1463,20
DA:1464,20
DA:1466,0
DA:1468,20
DA:1472,245
DA:1473,245
DA:1474,4095
DA:1475,907800
DA:1476,2625
DA:1478,340
DA:1479,30
DA:1480,0
DA:1482,30
DA:1484,30
DA:1486,310
DA:1487,0
DA:1489,310
DA:1492,245
DA:1494,245
DA:1495,20
DA:1496,20
DA:1498,225
DA:1502,585
DA:1504,245
DA:1509,0
DA:1511,0
DA:1513,0
DA:1514,0
DA:1515,0
DA:1516,0
DA:1519,0
DA:1521,0
DA:1522,0
DA:1523,0
DA:1524,0
DA:1527,0
DA:1529,0
DA:1530,0
DA:1531,0
DA:1532,0
DA:1538,0
DA:1539,0
DA:1542,0
DA:1543,0
DA:1545,0
DA:1549,245
DA:1550,245
DA:1551,245
DA:1552,245
DA:1553,0
DA:1554,0
DA:1556,0
DA:1557,0
DA:1558,0
DA:1559,0
DA:1563,245
DA:1595,0
DA:1600,0
DA:1610,0
DA:1612,0
DA:1613,0
DA:1614,0
DA:1615,0
DA:1618,0
DA:1619,0
DA:1622,0
DA:1623,0
DA:1625,0
DA:1627,0
DA:1631,0
DA:1633,0
DA:1637,0
DA:1638,0
DA:1642,0
DA:1643,0
DA:1644,0
DA:1685,2924
DA:1692,2923
DA:1693,2922
DA:1694,2924
DA:1696,2923
DA:1697,2924
DA:1698,2924
DA:1699,2924
DA:1702,2923
DA:1703,2923
DA:1706,2923
DA:1707,2923
DA:1715,2923
DA:1716,2922
DA:1718,2921
DA:1719,2921
DA:1720,5845
DA:1721,2925
DA:1724,2925
DA:1725,2120
DA:1728,2925
DA:1732,1135888164
DA:1734,1136003334
DA:1737,1135728721
DA:1738,1135682799
DA:1739,1135790520
DA:1740,1135734420
DA:1744,1135113811
DA:1745,1135573232
DA:1746,1135750762
DA:1747,1135670346
DA:1750,2241274111
DA:1752,1069553000
DA:1753,1069358433
DA:1755,1069250863
DA:1757,1068871522
DA:1758,1069050954
DA:1760,1068704952
DA:1761,1068850416
DA:1762,1068888287
DA:1763,1069079624
DA:1767,1068838151
DA:1769,1069377990
DA:1770,1069451920
DA:1773,1069422356
DA:1775,1071711971
DA:1776,1071531048
DA:1779,1071821377
DA:1781,1071595193
DA:1782,1071962461
DA:1784,1074574672
DA:1785,1074639708
DA:1788,1074573312
DA:1790,1074466300
DA:1792,1074782952
DA:1793,1074669611
DA:1796,1074343063
DA:1797,1074324782
DA:1799,1074508689
DA:1800,1074152592
DA:1802,1077284675
DA:1804,1074075520
DA:1807,1136796067
DA:1837,0
DA:1850,0
DA:1851,0
DA:1852,0
DA:1855,0
DA:1856,0
DA:1859,0
DA:1860,0
DA:1861,0
DA:1862,0
DA:1865,0
DA:1866,0
DA:1868,0
DA:1872,0
DA:1873,0
DA:1876,0
DA:1878,0
DA:1880,0
DA:1883,0
DA:1887,0
DA:1888,0
DA:1889,0
DA:1890,0
DA:1894,0
DA:1895,0
DA:1896,0
DA:1897,0
DA:1901,0
DA:1902,0
DA:1904,0
DA:1905,0
DA:1907,0
DA:1908,0
DA:1910,0
DA:1911,0
DA:1916,0
DA:1918,0
DA:1919,0
DA:1922,0
DA:1924,0
DA:1925,0
DA:1927,0
DA:1928,0
DA:1931,0
DA:1933,0
DA:1935,0
DA:1936,0
DA:1940,0
DA:1941,0
DA:1943,0
DA:1944,0
DA:1946,0
DA:1948,0
DA:1949,0
DA:1976,0
DA:1982,0
DA:1983,0
DA:1986,0
DA:1988,0
DA:1989,0
DA:1993,0
DA:1994,0
DA:2025,0
DA:2037,0
DA:2038,0
DA:2039,0
DA:2042,0
DA:2043,0
DA:2044,0
DA:2045,0
DA:2048,0
DA:2049,0
DA:2050,0
DA:2054,0
DA:2055,0
DA:2056,0
DA:2059,0
DA:2062,0
DA:2065,0
DA:2066,0
DA:2069,0
DA:2070,0
DA:2071,0
DA:2072,0
DA:2075,0
DA:2076,0
DA:2077,0
DA:2078,0
DA:2081,0
DA:2082,0
DA:2083,0
DA:2084,0
DA:2087,0
DA:2088,0
DA:2089,0
DA:2090,0
DA:2091,0
DA:2092,0
DA:2099,0
DA:2100,0
DA:2101,0
DA:2102,0
DA:2105,0
DA:2108,0
DA:2110,0
DA:2112,0
DA:2113,0
DA:2114,0
DA:2115,0
DA:2118,0
DA:2119,0
DA:2120,0
DA:2121,0
DA:2124,0
DA:2125,0
DA:2128,0
DA:2129,0
DA:2130,0
DA:2131,0
DA:2133,0
DA:2134,0
DA:2135,0
DA:2136,0
DA:2137,0
DA:2139,0
DA:2140,0
DA:2141,0
DA:2142,0
DA:2144,0
DA:2145,0
DA:2147,0
DA:2149,0
DA:2150,0
DA:2151,0
DA:2152,0
DA:2155,0
DA:2158,0
DA:2159,0
DA:2160,0
DA:2162,0
DA:2163,0
DA:2164,0
DA:2165,0
DA:2166,0
DA:2168,0
DA:2169,0
DA:2172,0
DA:2173,0
DA:2174,0
DA:2175,0
DA:2177,0
DA:2179,0
DA:2224,0
DA:2229,0
DA:2236,0
DA:2237,0
DA:2240,0
DA:2242,0
DA:2243,0
DA:2244,0
DA:2246,0
DA:2247,0
DA:2248,0
DA:2251,0
DA:2253,0
DA:2256,0
DA:2259,0
DA:2260,0
DA:2262,0
DA:2265,0
DA:2267,0
DA:2272,0
DA:2277,0
DA:2278,0
DA:2282,0
DA:2288,0
DA:2289,0
DA:2290,0
DA:2292,0
DA:2298,0
DA:2300,0
DA:2303,0
DA:2304,0
DA:2305,0
DA:2306,0
DA:2307,0
DA:2311,0
DA:2314,0
DA:2315,0
DA:2316,0
DA:2318,0
DA:2319,0
DA:2320,0
DA:2321,0
DA:2322,0
DA:2324,0
DA:2325,0
DA:2328,0
DA:2329,0
DA:2332,0
DA:2333,0
DA:2335,0
DA:2336,0
DA:2337,0
DA:2338,0
DA:2339,0
DA:2342,0
DA:2345,0
DA:2346,0
DA:2347,0
DA:2348,0
DA:2350,0
DA:2352,0
DA:2458,3
DA:2459,3
DA:2460,3
DA:2461,3
DA:2462,3
DA:2464,3
DA:2465,0
DA:2466,0
DA:2467,0
DA:2468,0
DA:2469,0
DA:2470,0
DA:2472,3
DA:2474,3
DA:2475,3
DA:2476,3
DA:2477,3
DA:2481,3
DA:2482,3
DA:2483,3
DA:2484,3
DA:2485,3
DA:2486,3
DA:2488,3
DA:2489,3
DA:2490,3
DA:2491,3
DA:2493,3
DA:2494,3
DA:2495,3
DA:2496,3
LH:388
LF:874
end_of_record
SF:src/functions/projection/projection_hydro_deprecated.jl
DA:78,0
DA:100,0
DA:123,0
DA:144,0
DA:167,0
DA:187,0
DA:212,0
DA:232,0
DA:256,0
DA:278,0
DA:279,0
DA:280,0
DA:281,0
DA:282,0
DA:283,0
DA:284,0
DA:285,0
DA:286,0
DA:287,0
DA:288,0
DA:289,0
DA:290,0
DA:294,0
DA:295,0
DA:296,0
DA:299,0
DA:301,0
DA:304,0
DA:305,0
DA:308,0
DA:309,0
DA:310,0
DA:311,0
DA:312,0
DA:313,0
DA:317,0
DA:318,0
DA:320,0
DA:322,0
DA:323,0
DA:324,0
DA:325,0
DA:326,0
DA:327,0
DA:339,0
DA:340,0
DA:341,0
DA:342,0
DA:343,0
DA:346,0
DA:347,0
DA:348,0
DA:349,0
DA:350,0
DA:358,0
DA:360,0
DA:363,0
DA:365,0
DA:367,0
DA:368,0
DA:369,0
DA:370,0
DA:373,0
DA:375,0
DA:376,0
DA:377,0
DA:378,0
DA:379,0
DA:380,0
DA:381,0
DA:382,0
DA:383,0
DA:386,0
DA:392,0
DA:393,0
DA:394,0
DA:395,0
DA:396,0
DA:398,0
DA:399,0
DA:402,0
DA:403,0
DA:405,0
DA:408,0
DA:409,0
DA:411,0
DA:414,0
DA:415,0
DA:417,0
DA:418,0
DA:419,0
DA:420,0
DA:421,0
DA:422,0
DA:424,0
DA:426,0
DA:428,0
DA:431,0
DA:435,0
DA:436,0
DA:437,0
DA:441,0
DA:445,0
DA:446,0
DA:447,0
DA:448,0
DA:451,0
DA:452,0
DA:453,0
DA:454,0
DA:455,0
DA:456,0
DA:458,0
DA:459,0
DA:462,0
DA:463,0
DA:464,0
DA:465,0
DA:468,0
DA:469,0
DA:470,0
DA:471,0
DA:472,0
DA:474,0
DA:475,0
DA:476,0
DA:477,0
DA:478,0
DA:481,0
DA:486,0
DA:487,0
DA:489,0
DA:490,0
DA:491,0
DA:492,0
DA:493,0
DA:494,0
DA:495,0
DA:496,0
DA:498,0
DA:499,0
DA:500,0
DA:501,0
DA:502,0
DA:503,0
DA:506,0
DA:507,0
DA:516,0
DA:517,0
DA:518,0
DA:519,0
DA:520,0
DA:521,0
DA:522,0
DA:523,0
DA:524,0
DA:525,0
DA:526,0
DA:527,0
DA:528,0
DA:529,0
DA:530,0
DA:531,0
DA:533,0
DA:537,0
DA:538,0
DA:539,0
DA:540,0
DA:541,0
DA:542,0
DA:543,0
DA:544,0
DA:545,0
DA:546,0
DA:547,0
DA:548,0
DA:549,0
DA:550,0
DA:551,0
DA:552,0
DA:553,0
DA:555,0
DA:556,0
DA:558,0
DA:559,0
DA:560,0
DA:561,0
DA:563,0
DA:566,0
DA:567,0
DA:577,0
DA:581,0
DA:584,0
DA:586,0
DA:587,0
DA:588,0
DA:589,0
DA:590,0
DA:591,0
DA:592,0
DA:593,0
DA:595,0
DA:597,0
DA:601,0
DA:602,0
DA:603,0
DA:604,0
DA:605,0
DA:607,0
DA:608,0
DA:609,0
DA:614,0
DA:616,0
DA:618,0
DA:619,0
DA:622,0
DA:623,0
DA:626,0
DA:630,0
DA:631,0
DA:632,0
DA:633,0
DA:635,0
DA:636,0
DA:637,0
DA:638,0
DA:639,0
DA:640,0
DA:642,0
DA:643,0
DA:644,0
DA:645,0
DA:648,0
DA:652,0
DA:655,0
DA:656,0
DA:660,0
DA:661,0
DA:662,0
DA:663,0
DA:664,0
DA:665,0
DA:668,0
DA:669,0
DA:671,0
DA:672,0
DA:673,0
DA:674,0
DA:675,0
DA:678,0
DA:679,0
DA:683,0
DA:684,0
DA:685,0
DA:686,0
DA:687,0
DA:688,0
DA:691,0
DA:692,0
DA:694,0
DA:695,0
DA:696,0
DA:697,0
DA:698,0
DA:701,0
DA:702,0
DA:706,0
DA:707,0
DA:708,0
DA:709,0
DA:710,0
DA:711,0
DA:714,0
DA:715,0
DA:719,0
DA:720,0
DA:724,0
DA:729,0
DA:731,0
DA:732,0
DA:733,0
DA:735,0
DA:738,0
DA:739,0
DA:740,0
DA:742,0
DA:745,0
DA:747,0
DA:751,0
DA:752,0
DA:753,0
DA:755,0
DA:757,0
DA:759,0
DA:762,0
DA:765,0
DA:770,0
DA:771,0
DA:772,0
DA:773,0
DA:774,0
DA:775,0
DA:777,0
DA:780,0
DA:781,0
DA:785,0
DA:787,0
DA:788,0
DA:790,0
DA:796,0
DA:797,0
DA:798,0
DA:799,0
DA:800,0
DA:801,0
DA:802,0
DA:803,0
DA:804,0
DA:806,0
DA:807,0
DA:808,0
DA:810,0
DA:811,0
DA:813,0
DA:818,0
DA:820,0
DA:825,0
DA:827,0
DA:829,0
DA:830,0
DA:831,0
DA:832,0
DA:835,0
DA:837,0
DA:838,0
DA:839,0
DA:840,0
DA:843,0
DA:845,0
DA:846,0
DA:847,0
DA:848,0
DA:854,0
DA:855,0
DA:858,0
DA:859,0
DA:861,0
DA:865,0
DA:866,0
DA:867,0
DA:868,0
DA:869,0
DA:870,0
DA:872,0
DA:873,0
DA:874,0
DA:875,0
DA:879,0
LH:0
LF:358
end_of_record
SF:src/functions/projection/projection_particles.jl
DA:102,0
DA:124,0
DA:147,0
DA:169,0
DA:192,20
DA:214,10
DA:238,0
DA:259,0
DA:282,0
DA:303,0
DA:326,20
DA:351,10
DA:352,10
DA:353,10
DA:354,10
DA:355,10
DA:356,10
DA:357,10
DA:358,10
DA:359,10
DA:360,10
DA:361,10
DA:362,10
DA:363,10
DA:365,10
DA:366,10
DA:367,10
DA:368,10
DA:369,10
DA:371,10
DA:372,10
DA:373,10
DA:374,10
DA:375,0
DA:376,0
DA:377,0
DA:378,0
DA:379,0
DA:383,0
DA:384,0
DA:386,10
DA:389,30
DA:390,30
DA:393,20
DA:394,10
DA:395,10
DA:399,60
DA:400,10
DA:402,20
DA:409,10
DA:410,120
DA:411,60
DA:412,0
DA:413,0
DA:414,0
DA:415,0
DA:416,0
DA:418,0
DA:420,60
DA:422,10
DA:423,10
DA:425,20
DA:426,20
DA:429,10
DA:430,0
DA:436,10
DA:438,10
DA:441,10
DA:445,10
DA:446,10
DA:447,10
DA:448,10
DA:449,10
DA:450,10
DA:453,10
DA:454,10
DA:455,0
DA:457,0
DA:458,0
DA:459,0
DA:460,0
DA:461,0
DA:467,10
DA:468,10
DA:469,10
DA:470,20
DA:472,20
DA:474,10
DA:475,10
DA:479,10
DA:480,10
DA:481,10
DA:482,10
DA:483,10
DA:484,10
DA:485,10
DA:488,0
DA:490,0
DA:491,0
DA:495,0
DA:496,0
DA:497,0
DA:498,0
DA:499,0
DA:500,0
DA:501,0
DA:503,0
DA:505,0
DA:506,0
DA:509,0
DA:510,0
DA:511,0
DA:512,0
DA:513,0
DA:514,0
DA:515,0
DA:519,10
DA:520,10
DA:521,10
DA:522,10
DA:528,10
DA:529,10
DA:530,10
DA:531,0
DA:532,0
DA:534,0
DA:535,0
DA:536,0
DA:537,0
DA:540,0
DA:541,0
DA:542,0
DA:543,0
DA:544,0
DA:546,0
DA:553,5445160
DA:562,10
DA:564,10
DA:565,10
DA:566,10
DA:567,10
DA:568,0
DA:570,10
DA:573,20
DA:576,40
DA:578,20
DA:580,50
DA:582,10
DA:583,10
DA:589,0
DA:596,10
DA:598,10
DA:599,0
DA:601,10
DA:603,10
DA:604,10
DA:606,40
DA:607,0
DA:608,0
DA:614,0
DA:621,0
DA:623,0
DA:624,0
DA:626,0
DA:628,0
DA:629,0
DA:633,10
DA:634,10
DA:642,10
DA:648,0
DA:656,0
DA:664,10
DA:666,10
DA:667,0
DA:669,10
DA:671,10
DA:672,10
DA:677,0
DA:680,0
DA:681,0
DA:682,0
DA:688,0
DA:695,0
DA:697,0
DA:698,0
DA:700,0
DA:702,0
DA:703,0
DA:705,0
DA:707,0
DA:708,0
DA:715,0
DA:722,0
DA:724,0
DA:725,0
DA:727,0
DA:729,0
DA:730,0
DA:734,0
DA:735,0
DA:742,0
DA:751,0
DA:753,0
DA:754,0
DA:756,0
DA:760,0
DA:761,0
DA:767,0
DA:768,0
DA:769,0
DA:776,0
DA:784,0
DA:786,0
DA:787,0
DA:789,0
DA:791,0
DA:792,0
DA:798,0
DA:803,10
DA:804,10
DA:805,20
DA:807,140
DA:809,0
DA:811,0
DA:812,0
DA:813,0
DA:814,0
DA:815,0
DA:816,0
DA:817,0
DA:818,0
DA:819,0
DA:820,0
DA:821,0
DA:822,0
DA:823,0
DA:824,0
DA:826,0
DA:827,0
DA:828,0
DA:829,0
DA:830,0
DA:832,0
DA:833,0
DA:834,0
DA:835,0
DA:841,0
DA:842,0
DA:843,0
DA:846,0
DA:850,20
DA:855,10
DA:856,60
DA:857,0
DA:858,0
DA:859,0
DA:860,0
DA:861,0
DA:863,0
DA:864,0
DA:865,0
DA:866,0
DA:867,0
DA:869,0
DA:870,0
DA:872,20
DA:876,10
DA:877,40
DA:878,0
DA:879,0
DA:880,0
DA:881,0
DA:882,0
DA:883,0
DA:884,0
DA:885,0
DA:886,0
DA:887,0
DA:888,0
DA:889,0
DA:890,0
DA:891,0
DA:892,0
DA:894,0
DA:895,0
DA:897,0
DA:898,0
DA:900,20
DA:903,10
DA:904,0
DA:907,10
DA:908,10
LH:116
LF:292
end_of_record
SF:src/functions/regions/shellregion.jl
DA:47,0
DA:60,0
DA:61,0
DA:62,0
DA:63,0
DA:64,0
DA:65,0
DA:67,0
DA:70,0
DA:71,0
DA:72,0
DA:82,0
DA:92,0
DA:93,0
DA:94,0
DA:102,0
LH:0
LF:16
end_of_record
SF:src/functions/regions/shellregion_clumps.jl
DA:3,0
DA:12,0
DA:14,0
DA:15,0
DA:16,0
DA:17,0
DA:20,0
DA:21,0
DA:24,0
DA:27,0
DA:28,0
DA:38,0
DA:39,0
DA:49,0
DA:52,0
DA:54,0
DA:55,0
DA:56,0
DA:57,0
DA:58,0
DA:59,0
DA:60,0
DA:61,0
DA:62,0
DA:67,0
DA:74,0
DA:77,0
DA:78,0
DA:79,0
DA:80,0
DA:83,0
DA:84,0
DA:87,0
DA:89,0
DA:90,0
DA:101,0
DA:102,0
DA:112,0
DA:115,0
DA:117,0
DA:118,0
DA:119,0
DA:120,0
DA:121,0
DA:122,0
DA:123,0
DA:124,0
DA:125,0
LH:0
LF:48
end_of_record
SF:src/functions/regions/shellregion_gravity.jl
DA:53,0
DA:63,0
DA:65,0
DA:66,0
DA:67,0
DA:68,0
DA:71,0
DA:72,0
DA:73,0
DA:74,0
DA:77,0
DA:80,0
DA:81,0
DA:82,0
DA:87,0
DA:94,0
DA:95,0
DA:96,0
DA:101,0
DA:109,0
DA:111,0
DA:112,0
DA:113,0
DA:114,0
DA:115,0
DA:116,0
DA:117,0
DA:118,0
DA:119,0
DA:120,0
DA:121,0
DA:179,0
DA:187,0
DA:190,0
DA:191,0
DA:192,0
DA:193,0
DA:196,0
DA:197,0
DA:198,0
DA:199,0
DA:202,0
DA:205,0
DA:206,0
DA:207,0
DA:211,0
DA:217,0
DA:218,0
DA:219,0
DA:223,0
DA:229,0
DA:232,0
DA:233,0
DA:234,0
DA:235,0
DA:236,0
DA:237,0
DA:238,0
DA:239,0
DA:240,0
DA:241,0
DA:242,0
LH:0
LF:62
end_of_record
SF:src/functions/regions/shellregion_hydro.jl
DA:70,0
DA:80,0
DA:82,0
DA:83,0
DA:84,0
DA:85,0
DA:88,0
DA:89,0
DA:90,0
DA:91,0
DA:94,0
DA:97,0
DA:98,0
DA:99,0
DA:109,0
DA:121,0
DA:122,0
DA:123,0
DA:133,0
DA:146,0
DA:149,0
DA:150,0
DA:151,0
DA:152,0
DA:153,0
DA:154,0
DA:155,0
DA:156,0
DA:157,0
DA:158,0
DA:159,0
DA:160,0
DA:161,0
DA:219,0
DA:227,0
DA:230,0
DA:231,0
DA:232,0
DA:233,0
DA:236,0
DA:237,0
DA:238,0
DA:239,0
DA:242,0
DA:245,0
DA:246,0
DA:247,0
DA:254,0
DA:262,0
DA:263,0
DA:264,0
DA:271,0
DA:278,0
DA:282,0
DA:285,0
DA:286,0
DA:287,0
DA:288,0
DA:289,0
DA:290,0
DA:291,0
DA:292,0
DA:293,0
DA:294,0
DA:295,0
DA:296,0
DA:297,0
LH:0
LF:67
end_of_record
SF:src/functions/regions/shellregion_particles.jl
DA:3,0
DA:12,0
DA:14,0
DA:15,0
DA:16,0
DA:17,0
DA:20,0
DA:21,0
DA:24,0
DA:26,0
DA:27,0
DA:37,0
DA:38,0
DA:48,0
DA:51,0
DA:53,0
DA:54,0
DA:55,0
DA:56,0
DA:57,0
DA:58,0
DA:59,0
DA:60,0
DA:61,0
DA:62,0
DA:63,0
DA:70,0
DA:77,0
DA:80,0
DA:81,0
DA:82,0
DA:83,0
DA:86,0
DA:87,0
DA:90,0
DA:93,0
DA:94,0
DA:104,0
DA:105,0
DA:115,0
DA:118,0
DA:120,0
DA:121,0
DA:122,0
DA:123,0
DA:124,0
DA:125,0
DA:126,0
DA:127,0
DA:128,0
DA:129,0
DA:130,0
LH:0
LF:52
end_of_record
SF:src/functions/regions/subregion.jl
DA:57,192
DA:74,92
DA:75,92
DA:76,92
DA:77,92
DA:78,92
DA:79,92
DA:80,92
DA:81,92
DA:82,92
DA:85,92
DA:87,92
DA:88,0
DA:89,0
DA:97,0
DA:105,184
DA:106,0
DA:107,0
DA:119,0
DA:129,92
DA:130,0
DA:131,0
DA:139,0
LH:14
LF:23
end_of_record
SF:src/functions/regions/subregion_clumps.jl
DA:3,0
DA:12,0
DA:14,0
DA:17,0
DA:20,0
DA:25,0
DA:29,0
DA:30,0
DA:36,0
DA:37,0
DA:43,0
DA:47,0
DA:49,0
DA:50,0
DA:51,0
DA:52,0
DA:53,0
DA:54,0
DA:55,0
DA:56,0
DA:57,0
DA:59,0
DA:69,0
DA:78,0
DA:80,0
DA:81,0
DA:84,0
DA:85,0
DA:88,0
DA:91,0
DA:92,0
DA:97,0
DA:98,0
DA:103,0
DA:106,0
DA:108,0
DA:109,0
DA:110,0
DA:111,0
DA:112,0
DA:113,0
DA:114,0
DA:115,0
DA:116,0
DA:123,0
DA:130,0
DA:133,0
DA:134,0
DA:137,0
DA:138,0
DA:141,0
DA:142,0
DA:144,0
DA:145,0
DA:150,0
DA:151,0
DA:156,0
DA:160,0
DA:163,0
DA:164,0
DA:165,0
DA:166,0
DA:167,0
DA:168,0
DA:169,0
DA:170,0
DA:171,0
LH:0
LF:67
end_of_record
SF:src/functions/regions/subregion_gravity.jl
DA:50,0
DA:60,0
DA:62,0
DA:63,0
DA:64,0
DA:67,0
DA:69,0
DA:74,0
DA:78,0
DA:79,0
DA:80,0
DA:83,0
DA:84,0
DA:86,0
DA:87,0
DA:88,0
DA:89,0
DA:90,0
DA:91,0
DA:94,0
DA:100,0
DA:101,0
DA:102,0
DA:103,0
DA:104,0
DA:106,0
DA:112,0
DA:114,0
DA:115,0
DA:117,0
DA:118,0
DA:119,0
DA:120,0
DA:121,0
DA:122,0
DA:125,0
DA:131,0
DA:132,0
DA:133,0
DA:134,0
DA:135,0
DA:137,0
DA:145,0
DA:146,0
DA:147,0
DA:149,0
DA:150,0
DA:152,0
DA:153,0
DA:154,0
DA:155,0
DA:156,0
DA:157,0
DA:160,0
DA:166,0
DA:167,0
DA:168,0
DA:169,0
DA:170,0
DA:172,0
DA:178,0
DA:180,0
DA:181,0
DA:183,0
DA:184,0
DA:185,0
DA:186,0
DA:187,0
DA:188,0
DA:191,0
DA:197,0
DA:198,0
DA:199,0
DA:200,0
DA:201,0
DA:203,0
DA:212,0
DA:214,0
DA:215,0
DA:216,0
DA:217,0
DA:218,0
DA:219,0
DA:220,0
DA:221,0
DA:222,0
DA:223,0
DA:224,0
DA:227,0
DA:260,0
DA:261,0
DA:262,0
DA:316,0
DA:326,0
DA:328,0
DA:329,0
DA:332,0
DA:333,0
DA:334,0
DA:335,0
DA:338,0
DA:340,0
DA:341,0
DA:342,0
DA:346,0
DA:352,0
DA:353,0
DA:354,0
DA:358,0
DA:364,0
DA:366,0
DA:367,0
DA:368,0
DA:369,0
DA:370,0
DA:371,0
DA:372,0
DA:373,0
DA:374,0
DA:375,0
DA:376,0
DA:431,0
DA:439,0
DA:441,0
DA:442,0
DA:445,0
DA:446,0
DA:447,0
DA:448,0
DA:452,0
DA:453,0
DA:456,0
DA:457,0
DA:458,0
DA:461,0
DA:465,0
DA:466,0
DA:467,0
DA:470,0
DA:475,0
DA:477,0
DA:478,0
DA:479,0
DA:480,0
DA:481,0
DA:482,0
DA:483,0
DA:484,0
DA:485,0
DA:486,0
DA:487,0
LH:0
LF:151
end_of_record
SF:src/functions/regions/subregion_hydro.jl
DA:50,0
DA:60,0
DA:62,0
DA:63,0
DA:64,0
DA:65,0
DA:68,0
DA:70,0
DA:75,0
DA:79,0
DA:80,0
DA:81,0
DA:84,0
DA:85,0
DA:87,0
DA:88,0
DA:89,0
DA:90,0
DA:91,0
DA:92,0
DA:95,0
DA:101,0
DA:102,0
DA:103,0
DA:104,0
DA:105,0
DA:107,0
DA:113,0
DA:115,0
DA:116,0
DA:118,0
DA:119,0
DA:120,0
DA:121,0
DA:122,0
DA:123,0
DA:126,0
DA:132,0
DA:133,0
DA:134,0
DA:135,0
DA:136,0
DA:138,0
DA:146,0
DA:147,0
DA:148,0
DA:150,0
DA:151,0
DA:153,0
DA:154,0
DA:155,0
DA:156,0
DA:157,0
DA:158,0
DA:161,0
DA:167,0
DA:168,0
DA:169,0
DA:170,0
DA:171,0
DA:173,0
DA:179,0
DA:181,0
DA:182,0
DA:184,0
DA:185,0
DA:186,0
DA:187,0
DA:188,0
DA:189,0
DA:192,0
DA:198,0
DA:199,0
DA:200,0
DA:201,0
DA:202,0
DA:204,0
DA:213,0
DA:215,0
DA:216,0
DA:217,0
DA:218,0
DA:219,0
DA:220,0
DA:221,0
DA:222,0
DA:223,0
DA:224,0
DA:225,0
DA:226,0
DA:227,0
DA:230,0
DA:262,0
DA:263,0
DA:264,0
DA:294,0
DA:295,0
DA:325,0
DA:326,0
DA:327,0
DA:328,0
DA:330,0
DA:332,0
DA:333,0
DA:334,0
DA:337,0
DA:338,0
DA:339,0
DA:340,0
DA:343,0
DA:344,0
DA:346,0
DA:365,0
DA:366,0
DA:367,0
DA:368,0
DA:369,0
DA:374,0
DA:375,0
DA:388,0
DA:392,0
DA:393,0
DA:395,0
DA:397,0
DA:398,0
DA:400,0
DA:405,0
DA:406,0
DA:409,0
DA:410,0
DA:413,0
DA:441,0
DA:442,0
DA:443,0
DA:445,0
DA:447,0
DA:448,0
DA:451,0
DA:452,0
DA:455,0
DA:456,0
DA:459,0
DA:534,0
DA:546,0
DA:548,0
DA:549,0
DA:552,0
DA:553,0
DA:554,0
DA:555,0
DA:558,0
DA:560,0
DA:561,0
DA:563,0
DA:564,0
DA:568,0
DA:569,0
DA:571,0
DA:572,0
DA:573,0
DA:578,0
DA:584,0
DA:585,0
DA:586,0
DA:588,0
DA:591,0
DA:594,0
DA:595,0
DA:597,0
DA:598,0
DA:599,0
DA:600,0
DA:601,0
DA:606,0
DA:607,0
DA:611,0
DA:618,0
DA:619,0
DA:620,0
DA:624,0
DA:630,0
DA:632,0
DA:633,0
DA:634,0
DA:635,0
DA:636,0
DA:637,0
DA:638,0
DA:639,0
DA:640,0
DA:641,0
DA:642,0
DA:643,0
DA:644,0
DA:681,0
DA:682,0
DA:683,0
DA:684,0
DA:685,0
DA:687,0
DA:689,0
DA:690,0
DA:691,0
DA:692,0
DA:695,0
DA:696,0
DA:697,0
DA:698,0
DA:699,0
DA:700,0
DA:703,0
DA:704,0
DA:705,0
DA:707,0
DA:759,0
DA:767,0
DA:769,0
DA:770,0
DA:773,0
DA:774,0
DA:775,0
DA:776,0
DA:780,0
DA:781,0
DA:784,0
DA:785,0
DA:786,0
DA:789,0
DA:793,0
DA:794,0
DA:795,0
DA:798,0
DA:803,0
DA:805,0
DA:806,0
DA:807,0
DA:808,0
DA:809,0
DA:810,0
DA:811,0
DA:812,0
DA:813,0
DA:814,0
DA:815,0
DA:816,0
DA:817,0
LH:0
LF:246
end_of_record
SF:src/functions/regions/subregion_particles.jl
DA:3,0
DA:12,0
DA:14,0
DA:17,0
DA:19,0
DA:24,0
DA:28,0
DA:29,0
DA:35,0
DA:36,0
DA:42,0
DA:46,0
DA:48,0
DA:49,0
DA:50,0
DA:51,0
DA:52,0
DA:53,0
DA:54,0
DA:55,0
DA:56,0
DA:57,0
DA:58,0
DA:61,0
DA:69,0
DA:78,0
DA:80,0
DA:81,0
DA:84,0
DA:85,0
DA:88,0
DA:94,0
DA:95,0
DA:100,0
DA:101,0
DA:106,0
DA:109,0
DA:111,0
DA:112,0
DA:113,0
DA:114,0
DA:115,0
DA:116,0
DA:117,0
DA:118,0
DA:119,0
DA:120,0
DA:121,0
DA:128,0
DA:135,0
DA:138,0
DA:139,0
DA:142,0
DA:143,0
DA:146,0
DA:147,0
DA:149,0
DA:150,0
DA:155,0
DA:156,0
DA:161,0
DA:165,0
DA:167,0
DA:168,0
DA:169,0
DA:170,0
DA:171,0
DA:172,0
DA:173,0
DA:174,0
DA:175,0
DA:176,0
DA:177,0
LH:0
LF:73
[...]
DA:248,0
DA:254,0
DA:255,0
DA:256,0
DA:257,0
DA:258,0
DA:263,0
DA:269,0
DA:270,0
DA:271,0
DA:272,0
DA:273,0
DA:278,0
DA:286,0
DA:287,0
DA:288,0
DA:292,0
DA:296,0
DA:297,0
DA:298,0
DA:299,0
DA:300,0
DA:304,0
DA:311,0
DA:312,0
DA:313,0
DA:314,0
DA:319,0
DA:324,0
DA:325,0
DA:326,0
DA:327,0
DA:328,0
DA:333,0
DA:340,0
DA:341,0
DA:342,0
DA:346,0
DA:350,0
DA:351,0
DA:352,0
DA:353,0
DA:354,0
DA:358,0
DA:367,0
DA:369,0
DA:370,0
DA:371,0
DA:372,0
DA:373,0
DA:374,0
DA:375,0
DA:376,0
DA:377,0
DA:378,0
DA:379,0
DA:384,0
DA:386,0
DA:387,0
DA:388,0
DA:389,0
DA:390,0
DA:391,0
DA:394,0
DA:395,0
DA:396,0
DA:397,0
DA:402,0
DA:403,0
DA:404,0
DA:405,0
DA:406,0
DA:409,0
DA:410,0
DA:411,0
DA:412,0
DA:418,0
DA:419,0
DA:421,0
DA:422,0
DA:423,0
DA:424,0
DA:425,0
DA:426,0
DA:427,0
DA:428,0
DA:429,0
DA:430,0
DA:431,0
DA:432,0
DA:433,0
DA:435,0
DA:436,0
DA:437,0
DA:438,0
DA:439,0
DA:440,0
DA:441,0
DA:442,0
DA:443,0
DA:444,0
DA:445,0
DA:446,0
DA:447,0
DA:448,0
DA:449,0
DA:456,0
DA:458,0
LH:0
LF:148
end_of_record
SF:src/read_data/RAMSES/hilbert3d.jl
DA:1,0
DA:2,0
DA:5,0
DA:8,0
DA:32,0
DA:34,0
DA:35,0
DA:36,0
DA:38,0
DA:41,0
DA:45,0
DA:46,0
DA:47,0
DA:48,0
DA:49,0
DA:52,0
DA:53,0
DA:54,0
DA:55,0
DA:57,0
DA:60,0
DA:61,0
DA:62,0
DA:65,0
DA:66,0
DA:67,0
DA:69,0
DA:70,0
DA:71,0
DA:74,0
DA:75,0
DA:76,0
DA:80,0
DA:81,0
DA:85,0
DA:86,0
DA:87,0
DA:89,0
DA:91,0
DA:94,0
LH:0
LF:40
end_of_record
SF:src/read_data/RAMSES/prepvariablelist.jl
DA:1,216
DA:3,216
DA:4,162
DA:8,162
DA:9,162
DA:10,162
DA:11,162
DA:12,162
DA:14,405
DA:15,215
DA:18,86
DA:19,0
DA:22,43
DA:23,43
DA:24,172
DA:25,129
DA:34,238
DA:35,0
DA:36,0
DA:37,0
DA:39,128
DA:40,110
DA:41,454
DA:42,234
DA:44,213
DA:45,25
DA:46,138
DA:47,88
DA:49,217
DA:50,21
DA:51,105
DA:52,63
DA:54,217
DA:55,21
DA:56,84
DA:57,42
DA:59,197
DA:60,41
DA:61,123
DA:62,41
DA:75,119
DA:76,25
DA:77,25
DA:78,10
DA:80,20
DA:86,157
DA:87,0
DA:91,157
DA:93,157
DA:94,0
DA:100,157
DA:101,1099
DA:102,157
DA:103,157
DA:104,3080
DA:105,3304
DA:106,519
DA:108,2041
DA:110,157
DA:111,157
DA:112,157
DA:114,519
DA:115,433
DA:116,86
DA:117,86
DA:122,519
DA:128,157
DA:129,35
DA:130,35
DA:132,0
DA:135,35
DA:136,0
DA:138,35
DA:140,35
DA:143,157
DA:148,54
DA:149,47
DA:154,47
DA:155,47
DA:156,47
DA:157,47
DA:158,47
DA:159,72
DA:160,37
DA:161,259
DA:162,481
DA:165,74
DA:166,0
DA:170,37
DA:171,0
DA:172,0
DA:173,0
DA:174,37
DA:175,0
DA:176,0
DA:177,0
DA:185,20
DA:186,0
DA:187,0
DA:188,0
DA:190,15
DA:191,5
DA:192,30
DA:193,20
DA:195,15
DA:196,5
DA:197,25
DA:198,15
DA:200,15
DA:201,5
DA:202,20
DA:203,10
DA:205,15
DA:206,5
DA:207,15
DA:208,5
DA:210,20
DA:212,0
DA:213,0
DA:214,0
DA:215,0
DA:216,0
DA:217,0
DA:219,0
DA:222,20
DA:223,0
DA:224,0
DA:225,0
DA:227,0
DA:240,10
DA:241,5
DA:242,5
DA:243,10
DA:245,0
DA:251,42
DA:252,0
DA:256,42
DA:258,42
DA:259,0
DA:264,42
DA:265,294
DA:266,42
DA:267,42
DA:268,1161
DA:269,2172
DA:270,279
DA:272,546
DA:275,42
DA:276,42
DA:277,42
DA:279,279
DA:280,0
DA:281,0
DA:282,0
DA:283,0
DA:285,279
DA:286,279
DA:287,205
DA:288,74
DA:289,0
DA:295,279
DA:298,42
DA:299,0
DA:300,0
DA:301,0
DA:302,0
DA:307,0
DA:308,0
DA:310,0
DA:311,0
DA:312,0
DA:313,0
DA:315,0
DA:317,0
DA:319,42
DA:323,7
DA:324,7
DA:329,7
DA:330,7
DA:331,7
DA:332,7
DA:333,7
DA:335,7
DA:336,28
DA:339,14
DA:340,0
DA:345,0
DA:346,0
DA:347,0
DA:348,0
DA:350,0
DA:351,0
DA:352,0
DA:353,0
DA:355,0
DA:356,0
DA:357,0
DA:358,0
DA:360,0
DA:361,0
DA:362,0
DA:363,0
DA:365,0
DA:366,0
DA:367,0
DA:368,0
DA:373,7
DA:374,0
DA:378,7
DA:380,7
DA:381,0
DA:385,7
DA:386,28
DA:387,7
DA:388,7
DA:389,70
DA:390,140
DA:391,28
DA:393,49
DA:395,7
DA:396,7
DA:397,7
DA:399,28
DA:400,28
DA:407,28
DA:413,7
DA:414,0
DA:415,0
DA:417,0
DA:420,0
DA:421,0
DA:423,0
DA:425,0
DA:428,7
LH:155
LF:234
end_of_record
SF:src/read_data/RAMSES/reader_gravity.jl
DA:1,7
DA:17,7
DA:18,7
DA:21,56
DA:22,56
DA:23,56
DA:24,56
DA:25,56
DA:26,56
DA:27,56
DA:30,7
DA:31,7
DA:32,7
DA:33,7
DA:36,7
DA:37,14
DA:40,21
DA:45,45220
DA:46,44800
DA:47,7
DA:48,420
DA:56,21
DA:59,7
DA:60,7
DA:61,7
DA:62,14
DA:63,14
DA:64,0
DA:67,7
DA:68,7
DA:71,7
DA:72,0
DA:73,0
DA:74,0
DA:75,0
DA:76,0
DA:77,0
DA:80,7
DA:84,14
DA:87,7
DA:90,56
DA:91,56
DA:92,56
DA:95,7
DA:96,7
DA:97,7
DA:99,0
DA:101,7
DA:103,7
DA:104,7
DA:105,7
DA:112,7
DA:113,4480
DA:115,4480
DA:117,7
DA:119,4480
DA:121,7
DA:123,4480
DA:124,8953
DA:127,7
DA:128,4480
DA:129,7
DA:130,7
DA:131,14
DA:132,4480
DA:133,4480
DA:134,4480
DA:135,4480
DA:137,8953
DA:138,7
DA:144,7
DA:145,0
DA:146,0
DA:147,0
DA:148,0
DA:151,0
DA:152,0
DA:153,0
DA:154,0
DA:155,0
DA:157,0
DA:160,0
DA:164,0
DA:165,0
DA:167,0
DA:175,70
DA:176,7
DA:178,70
DA:179,70
DA:180,70
DA:183,70
DA:184,70
DA:185,70
DA:186,70
DA:187,70
DA:188,70
DA:191,70
DA:192,133
DA:195,7
DA:202,7
DA:203,7
DA:204,7
DA:207,7
DA:210,7
DA:211,7
DA:213,7
DA:214,5
DA:226,7
DA:227,28
DA:228,28
DA:231,28
DA:232,28
DA:233,28
DA:235,0
DA:237,28
DA:240,56
DA:241,4480
DA:244,4480
DA:246,4479
DA:252,8896
DA:253,4479
DA:254,4440
DA:257,28643809
DA:258,4480
DA:261,28912392
DA:262,4480
DA:264,4480
DA:267,4480
DA:268,4480
DA:269,268741
DA:270,4479
DA:271,4480
DA:274,4480
DA:281,8896
DA:282,4478
DA:284,4478
DA:285,4460
DA:291,4480
DA:293,44800
DA:294,44800
DA:295,44800
DA:296,44800
DA:297,44800
DA:300,44800
DA:301,44799
DA:302,25094
DA:303,226558238
DA:304,25095
DA:311,44800
DA:313,28911109
DA:314,926697
DA:317,926698
DA:318,2779864
DA:319,75285
DA:321,2704612
DA:323,4633078
DA:326,926707
DA:329,926701
DA:330,7411272
DA:331,200759
DA:333,7210811
DA:335,13896227
DA:338,926700
DA:345,28914331
DA:347,28916777
DA:349,926717
DA:350,7411808
DA:351,29619624
DA:352,802987
DA:353,802984
DA:355,0
DA:358,28815231
DA:360,51824140
DA:361,13896409
DA:363,57776224
DA:370,44800
DA:371,25095
DA:378,85120
DA:381,4480
DA:382,4480
DA:385,4480
DA:386,3200
DA:387,3200
DA:392,0
DA:393,0
DA:394,0
DA:396,0
DA:397,0
DA:401,4480
DA:402,896
DA:404,8932
DA:407,28
DA:410,28
DA:411,28
DA:412,0
DA:418,7
DA:419,5
DA:420,5
DA:424,35
DA:426,7
DA:428,7
DA:429,7
DA:430,7
DA:433,7
DA:434,7
DA:435,7
DA:438,0
DA:439,0
DA:440,0
DA:442,0
DA:444,0
DA:451,7
DA:452,0
DA:453,0
DA:457,7
DA:458,0
DA:460,7
DA:468,25095
DA:488,25095
DA:498,25095
DA:499,25095
DA:500,25095
DA:501,25095
DA:504,25095
DA:505,25095
DA:506,25095
DA:507,0
DA:511,25095
DA:512,200760
DA:514,225597429
DA:516,197302679
DA:517,197301128
DA:518,197301760
DA:521,197305407
DA:530,197298226
DA:531,789172864
DA:532,1381038138
DA:535,197342301
DA:536,394595906
DA:538,0
DA:542,197333113
DA:543,0
DA:547,451002893
DA:548,376425
DA:551,25095
DA:553,9527
DA:554,9527
DA:555,9527
DA:556,9527
DA:559,9527
DA:560,9527
DA:561,9527
DA:564,9527
DA:565,0
DA:569,25095
LH:213
LF:255
end_of_record
SF:src/read_data/RAMSES/reader_gravity_deprecated.jl
DA:2,0
DA:12,0
DA:15,0
DA:17,0
DA:19,0
DA:20,0
DA:21,0
DA:23,0
DA:24,0
DA:26,0
DA:27,0
DA:32,0
DA:33,0
DA:34,0
DA:36,0
DA:40,0
DA:42,0
DA:43,0
DA:44,0
DA:45,0
DA:48,0
DA:49,0
DA:51,0
DA:55,0
DA:56,0
DA:57,0
DA:58,0
DA:61,0
DA:63,0
DA:64,0
DA:65,0
DA:66,0
DA:67,0
DA:68,0
DA:70,0
DA:71,0
DA:74,0
DA:75,0
DA:76,0
DA:77,0
DA:78,0
DA:79,0
DA:80,0
DA:82,0
DA:83,0
DA:84,0
DA:85,0
DA:86,0
DA:87,0
DA:90,0
DA:92,0
DA:94,0
DA:95,0
DA:96,0
DA:98,0
DA:99,0
DA:100,0
DA:101,0
DA:103,0
DA:105,0
DA:106,0
DA:107,0
DA:110,0
DA:111,0
DA:112,0
DA:114,0
DA:116,0
DA:118,0
DA:120,0
DA:121,0
DA:123,0
DA:124,0
DA:125,0
DA:126,0
DA:127,0
DA:128,0
DA:129,0
DA:130,0
DA:131,0
DA:133,0
DA:134,0
DA:139,0
DA:141,0
DA:142,0
DA:143,0
DA:144,0
DA:146,0
DA:147,0
DA:148,0
DA:149,0
DA:150,0
DA:151,0
DA:153,0
DA:154,0
DA:156,0
DA:158,0
DA:159,0
DA:160,0
DA:161,0
DA:162,0
DA:163,0
DA:164,0
DA:165,0
DA:168,0
DA:169,0
DA:171,0
DA:173,0
DA:174,0
DA:179,0
DA:180,0
DA:183,0
DA:186,0
DA:187,0
DA:189,0
DA:191,0
DA:192,0
DA:193,0
DA:194,0
DA:197,0
DA:200,0
DA:201,0
DA:203,0
DA:205,0
DA:208,0
DA:211,0
DA:212,0
DA:213,0
DA:214,0
DA:215,0
DA:218,0
DA:219,0
DA:220,0
DA:221,0
DA:222,0
DA:227,0
DA:229,0
DA:230,0
DA:233,0
DA:234,0
DA:235,0
DA:237,0
DA:239,0
DA:243,0
DA:246,0
DA:247,0
DA:248,0
DA:250,0
DA:252,0
DA:255,0
DA:261,0
DA:263,0
DA:265,0
DA:266,0
DA:268,0
DA:269,0
DA:270,0
DA:272,0
DA:275,0
DA:278,0
DA:279,0
DA:284,0
DA:288,0
DA:289,0
DA:296,0
DA:298,0
DA:299,0
DA:302,0
DA:304,0
DA:305,0
DA:307,0
LH:0
LF:170
end_of_record
SF:src/read_data/RAMSES/reader_hydro.jl
DA:1,157
DA:17,157
DA:18,157
DA:21,1256
DA:22,1256
DA:23,1256
DA:24,1256
DA:25,1256
DA:26,1256
DA:27,1256
DA:30,157
DA:31,157
DA:32,157
DA:33,157
DA:36,157
DA:37,314
DA:40,471
DA:45,1014220
DA:46,1004800
DA:47,157
DA:48,9420
DA:56,471
DA:59,157
DA:60,157
DA:61,157
DA:62,314
DA:63,314
DA:64,0
DA:67,157
DA:68,157
DA:71,157
DA:72,0
DA:73,0
DA:74,0
DA:75,0
DA:76,0
DA:77,0
DA:80,157
DA:84,314
DA:87,157
DA:90,1256
DA:91,1256
DA:92,1256
DA:95,157
DA:96,157
DA:97,157
DA:99,0
DA:101,157
DA:103,157
DA:104,157
DA:105,157
DA:112,157
DA:113,100480
DA:115,100480
DA:117,157
DA:119,100480
DA:121,157
DA:123,100480
DA:124,200803
DA:127,157
DA:128,100480
DA:129,157
DA:130,157
DA:131,314
DA:132,100480
DA:133,100480
DA:134,100480
DA:135,100480
DA:137,200803
DA:138,157
DA:144,157
DA:145,35
DA:146,35
DA:147,35
DA:148,35
DA:151,35
DA:152,35
DA:153,35
DA:154,0
DA:155,0
DA:157,35
DA:160,0
DA:164,35
DA:165,0
DA:167,35
DA:175,1550
DA:176,157
DA:178,1550
DA:179,1550
DA:180,1550
DA:183,1550
DA:184,1550
DA:185,1550
DA:186,1550
DA:187,1550
DA:188,1550
DA:191,1550
DA:192,2943
DA:195,157
DA:202,157
DA:203,157
DA:204,157
DA:207,157
DA:210,157
DA:211,157
DA:213,157
DA:214,65
DA:226,157
DA:227,580
DA:228,581
DA:231,571
DA:232,559
DA:233,559
DA:235,0
DA:237,570
DA:240,1135
DA:241,100411
DA:244,100417
DA:246,100463
DA:252,199517
DA:253,100476
DA:255,99987
DA:258,642758026
DA:259,100480
DA:262,648868869
DA:263,100480
DA:265,100479
DA:268,100480
DA:269,100480
DA:270,6028588
DA:271,100479
DA:272,100474
DA:275,100478
DA:282,199532
DA:283,100458
DA:284,100458
DA:286,100215
DA:292,100479
DA:294,991997
DA:295,991997
DA:296,991991
DA:297,991991
DA:298,991994
DA:301,991963
DA:302,991961
DA:303,552573
DA:304,2091299032
DA:305,552579
DA:312,991987
DA:314,640221338
DA:315,20592402
DA:318,20592478
DA:319,61772261
DA:320,1657727
DA:322,60114968
DA:324,102953523
DA:327,20592421
DA:330,20592396
DA:331,164690717
DA:332,4420547
DA:334,160275950
DA:336,308795250
DA:339,20592551
DA:346,640252328
DA:348,640288969
DA:350,20592547
DA:351,164701312
DA:352,1150979560
DA:353,30941325
DA:354,14801323
DA:356,16140504
DA:359,1120258277
DA:361,2137640606
DA:362,308818754
DA:364,1279547875
DA:371,991999
DA:372,552579
DA:379,1883518
DA:382,100480
DA:383,100480
DA:386,100480
DA:387,41600
DA:388,41600
DA:393,0
DA:394,0
DA:395,0
DA:397,0
DA:398,0
DA:402,100480
DA:403,20096
DA:405,200330
DA:408,628
DA:411,628
DA:412,628
DA:414,0
DA:420,157
DA:421,65
DA:422,65
DA:426,785
DA:428,157
DA:430,157
DA:431,157
DA:432,157
DA:435,157
DA:436,157
DA:437,157
DA:440,0
DA:441,0
DA:442,0
DA:444,0
DA:446,0
DA:453,157
DA:454,35
DA:455,70
DA:459,157
DA:460,0
DA:462,157
DA:470,1036796
DA:471,0
DA:476,2073594
DA:477,2073588
DA:479,8294107
DA:480,8294102
DA:481,8294126
DA:484,8294121
DA:485,8294097
DA:486,8294091
DA:487,15551412
DA:488,1036778
DA:495,552578
DA:514,552578
DA:525,552578
DA:526,552579
DA:527,552575
DA:528,552576
DA:531,552577
DA:532,552573
DA:533,552574
DA:534,0
DA:538,552574
DA:539,4420567
DA:541,2083781300
DA:544,1822738022
DA:545,1822749774
DA:546,1822761658
DA:549,1822706501
DA:558,1822764735
DA:559,1445441667
DA:560,2465465608
DA:563,1823526194
DA:564,850870154
DA:566,0
DA:570,1823165679
DA:571,0
DA:575,972152313
DA:576,8288569
DA:579,552578
DA:581,207408
DA:582,207408
DA:583,207408
DA:584,207408
DA:587,207408
DA:588,207408
DA:589,207408
DA:592,207408
DA:593,0
DA:597,552579
LH:237
LF:267
end_of_record
SF:src/read_data/RAMSES/reader_hydro_deprecated.jl
DA:1,0
DA:11,0
DA:14,0
DA:16,0
DA:18,0
DA:19,0
DA:20,0
DA:22,0
DA:23,0
DA:25,0
DA:26,0
DA:31,0
DA:32,0
DA:33,0
DA:35,0
DA:39,0
DA:41,0
DA:42,0
DA:43,0
DA:44,0
DA:47,0
DA:48,0
DA:50,0
DA:54,0
DA:55,0
DA:56,0
DA:57,0
DA:60,0
DA:62,0
DA:63,0
DA:64,0
DA:65,0
DA:66,0
DA:67,0
DA:69,0
DA:70,0
DA:73,0
DA:74,0
DA:75,0
DA:76,0
DA:77,0
DA:78,0
DA:79,0
DA:81,0
DA:82,0
DA:83,0
DA:84,0
DA:85,0
DA:86,0
DA:89,0
DA:91,0
DA:93,0
DA:94,0
DA:95,0
DA:97,0
DA:98,0
DA:99,0
DA:100,0
DA:102,0
DA:104,0
DA:105,0
DA:106,0
DA:109,0
DA:110,0
DA:111,0
DA:113,0
DA:115,0
DA:117,0
DA:119,0
DA:120,0
DA:122,0
DA:123,0
DA:124,0
DA:125,0
DA:126,0
DA:127,0
DA:128,0
DA:129,0
DA:130,0
DA:132,0
DA:133,0
DA:138,0
DA:140,0
DA:141,0
DA:142,0
DA:143,0
DA:145,0
DA:146,0
DA:147,0
DA:148,0
DA:149,0
DA:150,0
DA:152,0
DA:153,0
DA:155,0
DA:157,0
DA:158,0
DA:159,0
DA:160,0
DA:161,0
DA:162,0
DA:163,0
DA:164,0
DA:167,0
DA:168,0
DA:170,0
DA:172,0
DA:173,0
DA:178,0
DA:179,0
DA:182,0
DA:185,0
DA:186,0
DA:188,0
DA:190,0
DA:191,0
DA:192,0
DA:193,0
DA:196,0
DA:199,0
DA:200,0
DA:202,0
DA:204,0
DA:207,0
DA:210,0
DA:211,0
DA:212,0
DA:213,0
DA:214,0
DA:217,0
DA:218,0
DA:219,0
DA:220,0
DA:221,0
DA:226,0
DA:228,0
DA:229,0
DA:232,0
DA:233,0
DA:234,0
DA:236,0
DA:238,0
DA:242,0
DA:245,0
DA:246,0
DA:247,0
DA:249,0
DA:251,0
DA:254,0
DA:260,0
DA:262,0
DA:264,0
DA:265,0
DA:267,0
DA:268,0
DA:269,0
DA:271,0
DA:274,0
DA:277,0
DA:278,0
DA:283,0
DA:287,0
DA:288,0
DA:295,0
DA:297,0
DA:298,0
DA:301,0
DA:303,0
DA:304,0
DA:306,0
DA:312,0
DA:313,0
DA:314,0
DA:315,0
DA:316,0
DA:317,0
DA:319,0
DA:320,0
DA:321,0
DA:322,0
DA:323,0
DA:331,0
DA:350,0
DA:352,0
DA:353,0
DA:362,0
DA:363,0
DA:364,0
DA:368,0
DA:377,0
DA:378,0
DA:379,0
DA:381,0
DA:383,0
DA:386,0
DA:387,0
DA:389,0
LH:0
LF:197
end_of_record
SF:src/read_data/RAMSES/reader_particles.jl
DA:4,0
DA:16,0
DA:17,0
DA:18,0
DA:19,0
DA:20,0
DA:23,0
DA:24,0
DA:25,0
DA:26,0
DA:27,0
DA:30,0
DA:32,0
DA:33,0
DA:34,0
DA:36,0
DA:37,0
DA:39,0
DA:40,0
DA:42,0
DA:43,0
DA:44,0
DA:45,0
DA:46,0
DA:47,0
DA:48,0
DA:53,0
DA:54,0
DA:58,0
DA:60,0
DA:61,0
DA:62,0
DA:63,0
DA:64,0
DA:65,0
DA:68,0
DA:74,0
DA:77,0
DA:82,0
DA:83,0
DA:84,0
DA:88,0
DA:89,0
DA:90,0
DA:92,0
DA:94,0
DA:98,0
DA:99,0
DA:100,0
DA:105,0
DA:106,0
DA:108,0
DA:110,0
DA:113,0
DA:115,0
DA:117,0
DA:118,0
DA:122,0
DA:123,0
DA:124,0
DA:126,0
DA:127,0
DA:128,0
DA:129,0
DA:130,0
DA:131,0
DA:133,0
DA:134,0
DA:139,0
DA:140,0
DA:141,0
DA:148,0
DA:150,0
DA:151,0
DA:158,0
DA:161,0
DA:162,0
DA:169,0
DA:171,0
DA:172,0
DA:179,0
DA:187,42
DA:201,42
DA:202,42
DA:203,42
DA:204,42
DA:205,42
DA:207,42
DA:208,42
DA:209,42
DA:210,42
DA:211,42
DA:215,42
DA:217,336
DA:218,336
DA:219,336
DA:221,336
DA:222,336
DA:224,336
DA:225,336
DA:228,126
DA:229,42
DA:230,42
DA:231,42
DA:232,84
DA:233,84
DA:234,0
DA:236,42
DA:237,42
DA:240,42
DA:241,0
DA:242,0
DA:243,0
DA:244,0
DA:245,0
DA:246,0
DA:248,252
DA:251,84
DA:253,84
DA:255,336
DA:256,336
DA:257,336
DA:260,42
DA:261,42
DA:262,42
DA:263,0
DA:265,42
DA:268,42
DA:269,42
DA:270,42
DA:272,42
DA:273,26880
DA:274,26880
DA:276,42
DA:278,26880
DA:280,42
DA:282,26880
DA:283,53718
DA:286,42
DA:287,26880
DA:288,42
DA:289,42
DA:290,84
DA:291,26880
DA:292,53718
DA:293,26880
DA:294,26880
DA:296,53718
DA:297,42
DA:300,42
DA:301,0
DA:302,0
DA:307,84
DA:311,84
DA:314,42
DA:315,163
DA:316,160
DA:320,0
DA:324,210
DA:326,42
DA:327,0
DA:332,42
DA:336,42
DA:337,0
DA:338,42
DA:339,42
DA:340,84
DA:344,42
DA:345,168
DA:346,294
DA:347,168
DA:348,168
DA:350,0
DA:352,294
DA:354,42
DA:358,165
DA:361,164
DA:364,158
DA:365,158
DA:366,158
DA:368,158
DA:372,164
DA:373,159
DA:375,163
DA:376,157
DA:377,158
DA:380,167
DA:381,160
DA:382,164
DA:384,134
DA:386,164
DA:387,163
DA:390,165
DA:391,26690
DA:392,0
DA:396,52992
DA:397,26806
DA:399,26767
DA:400,26705
DA:401,26672
DA:402,26811
DA:403,26788
DA:404,26772
DA:407,26858
DA:409,67234803
DA:410,144961487
DA:413,14825
DA:414,29636
DA:415,29622
DA:417,22751845
DA:418,22753082
DA:421,14824
DA:422,44462
DA:423,74092
DA:427,14819
DA:431,14823
DA:434,14819
DA:435,14819
DA:438,14821
DA:439,44456
DA:440,44443
DA:442,0
DA:444,74104
DA:447,14825
DA:448,14824
DA:450,0
DA:454,29634
DA:455,29623
DA:457,29602
DA:458,29623
DA:461,14786
DA:462,29565
DA:463,29599
DA:465,29624
DA:466,29517
DA:469,14752
DA:470,12990
DA:471,1763
DA:472,1764
DA:475,0
DA:477,0
DA:478,0
DA:479,0
DA:480,0
DA:486,14822
DA:487,0
DA:488,0
DA:489,0
DA:491,0
DA:495,14819
DA:496,14821
DA:497,14821
DA:500,26863
DA:501,26866
DA:505,168
DA:506,0
DA:507,0
DA:509,0
DA:512,167
DA:513,0
DA:515,168
DA:521,42
DA:522,42
DA:530,210
DA:532,42
DA:533,0
DA:537,42
DA:538,42
DA:541,42
DA:542,42
DA:544,42
DA:546,0
DA:547,0
DA:550,0
DA:551,0
DA:553,0
DA:555,0
DA:556,0
DA:558,0
DA:562,0
DA:563,0
DA:564,0
DA:566,0
DA:567,0
DA:568,0
DA:570,0
DA:575,42
DA:576,42
DA:578,42
DA:580,0
DA:581,0
DA:583,0
DA:587,42
DA:588,42
DA:589,42
DA:591,42
DA:592,42
DA:593,42
DA:595,42
DA:603,0
DA:617,0
DA:618,0
DA:619,0
DA:621,0
DA:624,0
DA:625,0
DA:627,0
DA:628,0
DA:629,0
DA:632,0
DA:633,0
DA:634,0
DA:636,0
DA:638,0
DA:639,0
DA:642,0
DA:643,0
DA:645,0
DA:650,0
DA:652,0
DA:655,0
DA:656,0
DA:659,0
DA:660,0
DA:661,0
DA:662,0
DA:663,0
DA:664,0
DA:667,0
DA:669,0
DA:670,0
DA:673,0
DA:674,0
DA:675,0
DA:677,0
DA:678,0
DA:681,0
DA:682,0
DA:683,0
DA:687,0
DA:691,0
DA:694,0
DA:695,0
DA:698,0
DA:699,0
DA:700,0
DA:702,0
DA:704,0
DA:707,0
DA:708,0
DA:710,0
DA:714,0
DA:715,0
DA:717,0
DA:718,0
DA:721,0
DA:722,0
DA:723,0
DA:725,0
DA:726,0
DA:729,0
DA:730,0
DA:731,0
DA:732,0
DA:735,0
DA:737,0
DA:738,0
DA:739,0
DA:740,0
DA:746,0
DA:747,0
DA:748,0
DA:749,0
DA:751,0
DA:755,0
DA:756,0
DA:757,0
DA:760,0
DA:761,0
DA:764,0
DA:765,0
DA:766,0
DA:767,0
DA:768,0
DA:771,0
DA:772,0
DA:773,0
DA:774,0
LH:169
LF:388
end_of_record
SF:src/read_data/RAMSES/reader_particles_deprecated.jl
DA:1,0
DA:14,0
DA:15,0
DA:16,0
DA:17,0
DA:18,0
DA:20,0
DA:21,0
DA:22,0
DA:23,0
DA:24,0
DA:27,0
DA:29,0
DA:30,0
DA:31,0
DA:33,0
DA:34,0
DA:36,0
DA:37,0
DA:39,0
DA:40,0
DA:41,0
DA:42,0
DA:43,0
DA:44,0
DA:45,0
DA:48,0
DA:49,0
DA:52,0
DA:53,0
DA:54,0
DA:55,0
DA:56,0
DA:57,0
DA:58,0
DA:60,0
DA:61,0
DA:62,0
DA:63,0
DA:64,0
DA:65,0
DA:69,0
DA:71,0
DA:73,0
DA:74,0
DA:75,0
DA:78,0
DA:79,0
DA:80,0
DA:81,0
DA:83,0
DA:86,0
DA:87,0
DA:88,0
DA:92,0
DA:93,0
DA:94,0
DA:96,0
DA:98,0
DA:100,0
DA:102,0
DA:103,0
DA:107,0
DA:108,0
DA:109,0
DA:110,0
DA:111,0
DA:112,0
DA:113,0
DA:114,0
DA:115,0
DA:117,0
DA:118,0
DA:121,0
DA:122,0
DA:123,0
DA:137,0
DA:139,0
DA:140,0
DA:154,0
DA:157,0
DA:158,0
DA:170,0
DA:172,0
DA:173,0
DA:185,0
DA:193,0
DA:206,0
DA:207,0
DA:208,0
DA:210,0
DA:212,0
DA:213,0
DA:216,0
DA:217,0
DA:218,0
DA:221,0
DA:223,0
DA:224,0
DA:226,0
DA:229,0
DA:231,0
DA:233,0
DA:234,0
DA:236,0
DA:238,0
DA:240,0
DA:242,0
DA:243,0
DA:245,0
DA:246,0
DA:247,0
DA:248,0
DA:249,0
DA:250,0
DA:252,0
DA:253,0
DA:255,0
DA:257,0
DA:259,0
DA:260,0
DA:262,0
DA:263,0
DA:266,0
DA:268,0
DA:269,0
DA:271,0
DA:276,0
DA:278,0
DA:280,0
DA:283,0
DA:284,0
DA:286,0
DA:288,0
DA:291,0
DA:295,0
DA:296,0
DA:298,0
DA:304,0
DA:305,0
DA:309,0
DA:310,0
DA:314,0
DA:316,0
DA:317,0
DA:319,0
DA:320,0
DA:324,0
DA:327,0
DA:328,0
DA:329,0
DA:332,0
DA:334,0
DA:337,0
DA:338,0
DA:339,0
DA:346,0
DA:347,0
DA:348,0
DA:349,0
DA:351,0
DA:354,0
DA:355,0
DA:356,0
DA:359,0
DA:362,0
DA:364,0
DA:365,0
DA:366,0
DA:367,0
DA:368,0
DA:371,0
DA:372,0
DA:373,0
DA:374,0
LH:0
LF:175
end_of_record
SF:src/types.jl
DA:196,73
DA:271,7
DA:337,81
DA:373,6
DA:395,406
DA:413,61
DA:438,61
DA:451,61
DA:489,80
DA:497,80
DA:567,91
DA:574,1784
DA:619,162
DA:635,12
DA:653,57
DA:670,1
DA:710,245
DA:735,10
DA:777,16
DA:786,1142
DA:788,571
DA:819,0
DA:820,0
DA:832,0
DA:834,0
DA:837,0
DA:838,0
DA:839,0
DA:841,0
DA:845,0
DA:846,0
DA:848,0
DA:849,0
DA:851,0
DA:852,0
DA:854,0
DA:855,0
DA:859,0
DA:860,0
DA:862,0
DA:863,0
DA:865,0
DA:866,0
DA:868,0
DA:869,0
DA:871,0
DA:872,0
DA:874,0
DA:875,0
DA:877,0
DA:878,0
DA:880,0
DA:881,0
DA:883,0
DA:884,0
DA:886,0
DA:887,0
DA:889,0
DA:890,0
DA:894,0
DA:895,0
DA:897,0
DA:898,0
DA:900,0
DA:901,0
DA:903,0
DA:904,0
DA:906,0
DA:907,0
DA:910,0
DA:915,0
DA:916,0
DA:919,0
DA:920,0
DA:921,0
DA:922,0
DA:924,0
DA:927,0
DA:928,0
DA:930,0
DA:931,0
DA:932,0
DA:933,0
DA:934,0
DA:935,0
DA:936,0
DA:937,0
DA:938,0
DA:939,0
DA:940,0
DA:941,0
DA:944,0
DA:946,0
DA:948,0
DA:952,0
DA:953,0
DA:956,0
DA:957,0
DA:958,0
DA:960,0
DA:962,0
DA:966,0
DA:967,0
DA:970,0
DA:971,0
DA:972,0
DA:974,0
DA:977,0
DA:978,0
DA:980,0
DA:981,0
DA:982,0
DA:983,0
DA:984,0
DA:985,0
DA:987,0
DA:989,0
DA:991,0
LH:21
LF:118
end_of_record
