TN:
SF:src/functions/basic_calc.jl
DA:9,53
DA:10,7
DA:11,1
DA:13,6
DA:21,34
DA:22,5
DA:24,34
DA:27,33
DA:28,31
DA:30,2
DA:56,68
DA:62,34
DA:76,12
DA:77,4
DA:79,12
DA:83,12
DA:84,12
DA:85,12
DA:86,12
DA:88,12
DA:91,12
DA:121,25
DA:127,12
DA:244,0
DA:321,2
DA:322,2
DA:324,2
DA:325,2
DA:328,2
DA:332,4
DA:334,2
DA:342,7
DA:343,3
DA:345,3
DA:346,2
DA:348,6
DA:350,6
DA:351,6
DA:352,6
DA:353,6
DA:355,6
DA:358,6
DA:364,1
DA:365,1
DA:367,1
DA:369,1
DA:370,1
DA:371,1
DA:373,0
DA:374,0
DA:375,0
DA:376,0
DA:378,0
DA:380,0
DA:387,1
DA:388,1
DA:389,1
DA:391,1
DA:394,0
DA:398,0
DA:434,14
DA:440,7
DA:485,6
DA:486,3
DA:514,16
DA:520,8
DA:521,8
DA:523,8
DA:530,8
DA:531,2
DA:532,0
DA:564,2
DA:565,0
DA:581,2
DA:582,1
DA:584,3
DA:585,6
DA:586,6
DA:587,3
DA:588,3
DA:589,3
DA:590,3
DA:591,3
DA:592,3
DA:594,3
DA:596,0
DA:597,0
DA:598,0
DA:599,0
DA:600,0
DA:601,0
DA:602,0
DA:604,0
DA:608,1
DA:610,5
DA:611,5
DA:612,10
DA:613,5
DA:614,5
DA:615,5
DA:616,5
DA:618,5
LH:83
LF:102
end_of_record
SF:src/functions/checks.jl
DA:1,64
DA:2,64
DA:3,0
DA:4,64
DA:5,0
DA:6,64
DA:7,0
DA:8,64
DA:9,0
DA:10,64
DA:11,0
DA:12,64
DA:13,0
DA:14,64
DA:15,0
DA:20,63
DA:21,63
DA:22,1
DA:23,62
DA:24,1
DA:29,62
DA:30,62
DA:31,62
DA:32,9
DA:34,62
DA:37,168
DA:38,168
DA:39,168
DA:40,98
DA:42,168
DA:47,78
DA:48,78
DA:49,0
DA:52,78
DA:66,63
DA:67,63
DA:68,0
DA:71,63
LH:29
LF:38
end_of_record
SF:src/functions/getvar/getvar.jl
DA:160,340
DA:169,170
DA:172,170
DA:173,0
DA:176,170
DA:179,4
DA:187,2
DA:190,2
DA:191,0
DA:194,2
DA:237,0
DA:503,172
DA:506,172
DA:507,172
DA:508,0
DA:509,0
DA:510,0
DA:513,172
DA:514,516
DA:515,0
DA:516,0
DA:517,516
DA:518,0
DA:520,516
DA:522,172
LH:16
LF:25
end_of_record
SF:src/functions/getvar/getvar_hydro.jl
DA:1,167
DA:9,167
DA:10,167
DA:11,167
DA:12,167
DA:16,167
DA:19,28
DA:20,28
DA:22,28
DA:23,28
DA:24,28
DA:26,139
DA:27,139
DA:28,139
DA:31,167
DA:32,167
DA:33,167
DA:34,167
DA:36,167
DA:37,167
DA:38,167
DA:40,0
DA:41,0
DA:42,0
DA:43,0
DA:45,0
DA:46,0
DA:47,0
DA:48,0
DA:49,0
DA:50,0
DA:51,0
DA:53,0
DA:54,0
DA:55,0
DA:59,167
DA:61,167
DA:64,167
DA:66,82
DA:67,80
DA:68,11
DA:70,5
DA:72,6
DA:74,69
DA:75,11
DA:76,5
DA:78,6
DA:80,58
DA:81,11
DA:82,5
DA:84,6
DA:88,47
DA:92,87
DA:93,1
DA:94,1
DA:96,0
DA:98,262145
DA:100,86
DA:101,1
DA:103,1
DA:104,0
DA:107,1
DA:108,1
DA:111,85
DA:112,0
DA:113,0
DA:116,85
DA:117,0
DA:118,0
DA:120,85
DA:121,0
DA:123,0
DA:124,0
DA:125,0
DA:128,85
DA:129,0
DA:130,0
DA:132,85
DA:133,0
DA:135,0
DA:136,0
DA:137,0
DA:138,0
DA:140,0
DA:142,85
DA:143,52
DA:145,52
DA:146,411766983
DA:148,4861979
DA:151,33
DA:152,0
DA:153,0
DA:157,66
DA:158,0
DA:159,0
DA:161,33
DA:162,0
DA:165,0
DA:166,0
DA:167,0
DA:169,0
DA:170,0
DA:173,0
DA:174,0
DA:176,33
DA:179,0
DA:180,0
DA:181,0
DA:182,0
DA:184,33
DA:187,0
DA:189,0
DA:190,0
DA:193,0
DA:194,0
DA:195,0
DA:196,0
DA:197,0
DA:198,0
DA:199,0
DA:201,0
DA:202,0
DA:204,33
DA:206,0
DA:207,0
DA:208,0
DA:211,0
DA:212,0
DA:213,0
DA:214,0
DA:215,0
DA:216,0
DA:217,0
DA:219,0
DA:220,0
DA:222,33
DA:224,0
DA:225,0
DA:226,0
DA:229,0
DA:230,0
DA:231,0
DA:232,0
DA:233,0
DA:234,0
DA:235,0
DA:239,0
DA:240,0
DA:242,33
DA:243,0
DA:244,0
DA:245,33
DA:246,0
DA:247,0
DA:248,33
DA:249,0
DA:250,0
DA:253,33
DA:254,0
DA:255,0
DA:258,33
DA:259,0
DA:260,0
DA:264,33
DA:266,0
DA:267,0
DA:268,0
DA:269,0
DA:274,0
DA:275,0
DA:276,0
DA:278,0
DA:279,0
DA:280,0
DA:283,33
DA:285,0
DA:286,0
DA:289,33
DA:291,0
DA:292,0
DA:293,0
DA:295,33
DA:297,0
DA:298,0
DA:299,0
DA:300,0
DA:302,0
DA:303,0
DA:304,0
DA:305,0
DA:307,33
DA:309,0
DA:310,0
DA:312,33
DA:314,0
DA:315,0
DA:316,0
DA:317,0
DA:318,0
DA:319,0
DA:322,0
DA:323,0
DA:324,0
DA:325,0
DA:326,0
DA:329,33
DA:331,0
DA:332,0
DA:333,0
DA:334,0
DA:335,0
DA:336,0
DA:339,0
DA:340,0
DA:341,0
DA:342,0
DA:343,0
DA:344,0
DA:345,0
DA:348,33
DA:350,0
DA:351,0
DA:352,0
DA:353,0
DA:357,0
DA:358,0
DA:359,0
DA:360,0
DA:361,0
DA:363,33
DA:364,11
DA:365,11
DA:366,5
DA:368,6
DA:370,22
DA:371,11
DA:372,11
DA:373,5
DA:375,6
DA:377,11
DA:378,11
DA:379,11
DA:380,5
DA:382,6
DA:385,0
DA:387,0
DA:388,0
DA:389,0
DA:390,0
DA:391,0
DA:393,0
DA:395,0
DA:397,0
DA:398,0
DA:399,0
DA:400,0
DA:401,0
DA:403,0
DA:405,0
DA:407,0
DA:408,0
DA:409,0
DA:410,0
DA:411,0
DA:413,0
DA:415,0
DA:416,0
DA:417,0
DA:418,0
DA:419,0
DA:421,0
DA:424,0
DA:426,0
DA:427,0
DA:428,0
DA:429,0
DA:431,0
DA:433,0
DA:434,0
DA:435,0
DA:436,0
DA:438,0
DA:440,0
DA:441,0
DA:442,0
DA:443,0
DA:445,0
DA:447,0
DA:448,0
DA:449,0
DA:450,0
DA:453,0
DA:456,0
DA:457,0
DA:458,0
DA:459,0
DA:461,0
DA:463,0
DA:464,0
DA:466,0
DA:467,0
DA:468,0
DA:469,0
DA:471,0
DA:472,0
DA:473,0
DA:475,0
DA:476,0
DA:477,0
DA:480,0
DA:483,0
DA:484,0
DA:486,0
DA:487,0
DA:488,0
DA:489,0
DA:490,0
DA:491,0
DA:493,0
DA:494,0
DA:495,0
DA:497,0
DA:499,0
DA:501,0
DA:502,0
DA:504,0
DA:505,0
DA:506,0
DA:507,0
DA:508,0
DA:509,0
DA:511,0
DA:512,0
DA:513,0
DA:514,0
DA:515,0
DA:517,0
DA:519,0
DA:522,0
DA:523,0
DA:525,0
DA:526,0
DA:527,0
DA:528,0
DA:530,0
DA:531,0
DA:532,0
DA:534,0
DA:537,0
DA:538,0
DA:540,0
DA:541,0
DA:543,0
DA:544,0
DA:546,0
DA:547,0
DA:550,0
DA:551,0
DA:553,0
DA:554,0
DA:556,0
DA:557,0
DA:559,0
DA:560,0
DA:562,0
DA:563,0
DA:566,0
DA:568,0
DA:571,0
DA:574,0
DA:579,0
DA:580,0
DA:581,0
DA:582,0
DA:585,0
DA:588,0
DA:589,0
DA:591,0
DA:594,0
DA:595,0
DA:597,0
DA:600,0
DA:603,0
DA:604,0
DA:605,0
DA:606,0
DA:608,0
DA:609,0
DA:611,0
DA:612,0
DA:613,0
DA:615,0
DA:618,0
DA:619,0
DA:623,0
DA:626,0
DA:629,0
DA:630,0
DA:631,0
DA:632,0
DA:634,0
DA:635,0
DA:637,0
DA:639,0
DA:640,0
DA:642,0
DA:646,0
DA:647,0
DA:649,0
DA:650,0
DA:651,0
DA:653,0
DA:654,0
DA:656,0
DA:657,0
DA:658,0
DA:660,0
DA:661,0
DA:662,0
DA:663,0
DA:668,0
DA:672,0
DA:673,0
DA:674,0
DA:675,0
DA:680,0
DA:688,167
DA:697,167
DA:698,167
DA:700,0
LH:95
LF:430
end_of_record
SF:src/functions/getvar/getvar_particles.jl
DA:1,5
DA:9,5
DA:11,5
DA:14,5
DA:17,0
DA:18,0
DA:20,0
DA:21,0
DA:22,0
DA:24,5
DA:25,5
DA:26,5
DA:29,5
DA:30,5
DA:31,5
DA:32,5
DA:34,5
DA:35,5
DA:36,5
DA:38,0
DA:39,0
DA:40,0
DA:41,0
DA:43,0
DA:44,0
DA:45,0
DA:46,0
DA:47,0
DA:48,0
DA:49,0
DA:51,0
DA:52,0
DA:53,0
DA:56,5
DA:58,5
DA:61,5
DA:62,5
DA:64,5
DA:66,1
DA:67,4
DA:69,1
DA:70,3
DA:72,1
DA:74,2
DA:78,0
DA:79,0
DA:80,0
DA:82,0
DA:83,0
DA:84,0
DA:86,0
DA:87,0
DA:88,0
DA:91,0
DA:92,0
DA:93,0
DA:97,0
DA:98,0
DA:99,0
DA:100,0
DA:101,0
DA:106,0
DA:107,0
DA:108,0
DA:110,0
DA:111,0
DA:112,0
DA:114,0
DA:116,0
DA:117,0
DA:120,0
DA:121,0
DA:122,0
DA:123,0
DA:124,0
DA:126,0
DA:127,0
DA:128,0
DA:129,0
DA:132,0
DA:133,0
DA:135,0
DA:136,0
DA:139,0
DA:141,0
DA:142,0
DA:145,0
DA:146,0
DA:148,0
DA:153,0
DA:154,0
DA:155,0
DA:161,0
DA:162,0
DA:163,0
DA:164,0
DA:165,0
DA:166,0
DA:167,0
DA:169,0
DA:170,0
DA:171,0
DA:172,0
DA:173,0
DA:175,0
DA:176,0
DA:177,0
DA:178,0
DA:179,0
DA:180,0
DA:181,0
DA:183,0
DA:184,0
DA:185,0
DA:186,0
DA:187,0
DA:188,0
DA:189,0
DA:191,0
DA:192,0
DA:193,0
DA:194,0
DA:195,0
DA:197,0
DA:198,0
DA:199,0
DA:200,0
DA:201,0
DA:204,0
DA:205,0
DA:206,0
DA:208,0
DA:209,0
DA:210,0
DA:218,0
DA:219,0
DA:220,0
DA:226,0
DA:227,0
DA:228,0
DA:231,0
DA:232,0
DA:233,0
DA:234,0
DA:235,0
DA:236,0
DA:237,0
DA:239,0
DA:240,0
DA:241,0
DA:242,0
DA:243,0
DA:244,0
DA:245,0
DA:247,0
DA:248,0
DA:249,0
DA:250,0
DA:251,0
DA:252,0
DA:253,0
DA:255,0
DA:256,0
DA:257,0
DA:258,0
DA:259,0
DA:260,0
DA:263,0
DA:264,0
DA:265,0
DA:266,0
DA:267,0
DA:269,0
DA:270,0
DA:271,0
DA:272,0
DA:273,0
DA:275,0
DA:276,0
DA:277,0
DA:278,0
DA:279,0
DA:281,0
DA:282,0
DA:283,0
DA:284,0
DA:285,0
DA:288,0
DA:289,0
DA:290,0
DA:291,0
DA:292,0
DA:294,0
DA:295,0
DA:296,0
DA:298,0
DA:299,0
DA:300,0
DA:301,0
DA:303,0
DA:304,0
DA:305,0
DA:307,0
DA:308,0
DA:309,0
DA:312,0
DA:313,0
DA:314,0
DA:316,0
DA:317,0
DA:318,0
DA:319,0
DA:320,0
DA:321,0
DA:323,0
DA:324,0
DA:325,0
DA:327,0
DA:329,0
DA:330,0
DA:331,0
DA:333,0
DA:334,0
DA:335,0
DA:336,0
DA:337,0
DA:338,0
DA:340,0
DA:341,0
DA:342,0
DA:343,0
DA:344,0
DA:346,0
DA:348,0
DA:349,0
DA:350,0
DA:352,0
DA:353,0
DA:354,0
DA:355,0
DA:357,0
DA:358,0
DA:359,0
DA:361,0
DA:365,5
DA:370,10
DA:371,10
DA:372,10
DA:383,5
DA:384,5
DA:386,0
LH:31
LF:251
end_of_record
SF:src/functions/io/auto_io_optimization.jl
DA:26,124
DA:28,62
DA:37,123
DA:39,61
DA:42,1
DA:43,0
DA:46,1
DA:48,1
DA:49,1
DA:50,1
DA:51,1
DA:53,1
DA:56,1
DA:58,1
DA:60,0
DA:61,0
DA:62,0
DA:63,0
DA:64,0
DA:66,1
DA:68,1
DA:69,1
DA:70,1
DA:71,1
DA:72,1
DA:76,0
DA:77,0
DA:78,0
DA:79,0
DA:80,0
DA:84,1
DA:85,1
DA:86,1
DA:89,1
DA:90,1
DA:92,1
DA:93,0
DA:94,0
DA:95,0
DA:96,0
DA:97,0
DA:100,1
DA:103,0
DA:104,0
DA:105,0
DA:107,0
LH:26
LF:46
end_of_record
SF:src/functions/miscellaneous.jl
DA:13,14
DA:14,14
DA:15,14
DA:18,14
DA:27,14
DA:28,14
DA:29,14
DA:30,14
DA:31,14
DA:32,14
DA:34,14
DA:35,14
DA:36,14
DA:37,14
DA:38,14
DA:39,14
DA:40,14
DA:41,14
DA:42,14
DA:44,14
DA:45,14
DA:46,14
DA:47,14
DA:48,14
DA:49,14
DA:50,14
DA:51,14
DA:52,14
DA:53,14
DA:54,14
DA:55,14
DA:56,14
DA:59,14
DA:60,14
DA:61,14
DA:62,14
DA:63,14
DA:64,14
DA:65,14
DA:66,14
DA:68,14
DA:69,14
DA:70,14
DA:73,14
DA:74,14
DA:75,14
DA:77,14
DA:91,14
DA:92,14
DA:93,14
DA:97,14
DA:98,14
DA:99,14
DA:100,14
DA:101,14
DA:102,14
DA:103,14
DA:305,14
DA:307,14
DA:310,14
DA:311,14
DA:314,14
DA:316,14
DA:317,14
DA:318,14
DA:319,14
DA:320,14
DA:323,14
DA:324,14
DA:325,14
DA:327,14
DA:328,14
DA:329,14
DA:330,14
DA:331,14
DA:332,14
DA:333,14
DA:334,14
DA:335,14
DA:336,14
DA:337,14
DA:339,14
DA:340,14
DA:341,14
DA:342,14
DA:343,14
DA:344,14
DA:345,14
DA:346,14
DA:347,14
DA:348,14
DA:349,14
DA:351,14
DA:352,14
DA:353,14
DA:355,14
DA:356,14
DA:358,14
DA:359,14
DA:360,14
DA:361,14
DA:362,14
DA:364,14
DA:365,14
DA:366,14
DA:367,14
DA:368,14
DA:369,14
DA:370,14
DA:371,14
DA:373,14
DA:374,14
DA:375,14
DA:377,14
DA:378,14
DA:379,14
DA:380,14
DA:381,14
DA:382,14
DA:383,14
DA:384,14
DA:387,14
DA:388,14
DA:391,14
DA:392,14
DA:393,14
DA:394,14
DA:395,14
DA:398,14
DA:399,14
DA:400,14
DA:403,14
DA:404,14
DA:405,14
DA:406,14
DA:409,14
DA:410,14
DA:411,14
DA:412,14
DA:413,14
DA:414,14
DA:417,14
DA:418,14
DA:419,14
DA:422,14
DA:423,14
DA:426,14
DA:427,14
DA:428,14
DA:429,14
DA:432,14
DA:433,14
DA:434,14
DA:437,14
DA:438,14
DA:439,14
DA:440,14
DA:443,14
DA:444,14
DA:445,14
DA:448,14
DA:449,14
DA:450,14
DA:451,14
DA:452,14
DA:453,14
DA:454,14
DA:455,14
DA:458,14
DA:459,14
DA:460,14
DA:463,14
DA:464,14
DA:465,14
DA:466,14
DA:467,14
DA:468,14
DA:469,14
DA:470,14
DA:473,14
DA:474,14
DA:475,14
DA:476,14
DA:477,14
DA:478,14
DA:479,14
DA:480,14
DA:482,14
DA:511,72
DA:513,72
DA:514,0
DA:516,72
DA:517,24
DA:518,24
DA:519,24
DA:522,48
DA:523,42
DA:524,42
DA:525,42
DA:526,42
DA:527,42
DA:528,42
DA:529,42
DA:530,12
DA:531,12
DA:532,12
DA:533,0
DA:534,0
DA:538,0
DA:539,0
DA:540,0
DA:541,0
DA:542,0
DA:543,0
DA:550,42
DA:555,48
DA:556,6
DA:557,6
DA:558,6
DA:559,6
DA:560,6
DA:561,6
DA:562,6
DA:563,0
DA:564,0
DA:565,0
DA:566,0
DA:567,0
DA:568,0
DA:569,0
DA:570,0
DA:576,6
DA:582,48
DA:622,602675880
DA:623,602654164
DA:624,899735068
DA:625,922996207
DA:629,0
DA:631,1258888893
DA:632,624953262
DA:637,346
DA:638,344
DA:639,172
DA:640,172
DA:641,172
DA:642,172
DA:644,0
DA:647,0
DA:650,172
DA:651,170
DA:652,170
DA:654,0
DA:657,2
DA:658,2
DA:660,0
DA:666,0
DA:667,0
DA:668,0
DA:669,0
DA:671,0
DA:674,0
DA:675,0
DA:677,0
LH:233
LF:263
end_of_record
SF:src/functions/overview.jl
DA:22,78
DA:23,78
DA:24,15
DA:25,15
DA:45,62
DA:46,62
DA:47,8
DA:48,8
DA:49,8
DA:50,8
DA:54,8
DA:55,8
DA:57,8
DA:89,8
DA:91,8
DA:92,8
DA:93,8
DA:94,8
DA:95,8
DA:96,8
DA:97,8
DA:98,8
DA:99,8
DA:100,1
DA:101,1
DA:102,1
DA:103,0
DA:104,0
DA:111,8
DA:112,0
DA:115,8
LH:28
LF:31
end_of_record
SF:src/functions/prepranges.jl
DA:7,124
DA:16,124
DA:17,124
DA:18,124
DA:20,62
DA:21,62
DA:22,62
DA:23,0
DA:24,0
DA:28,62
DA:32,62
DA:33,53
DA:35,9
DA:36,9
DA:39,62
DA:40,53
DA:42,9
DA:43,9
DA:46,62
DA:47,53
DA:49,9
DA:50,9
DA:53,62
DA:54,53
DA:56,9
DA:57,9
DA:60,62
DA:61,53
DA:63,9
DA:64,9
DA:67,62
DA:68,53
DA:70,9
DA:71,9
DA:74,124
DA:79,62
DA:80,62
DA:81,62
DA:82,62
DA:83,62
DA:84,62
DA:87,124
DA:88,124
DA:89,124
DA:90,124
DA:91,124
DA:92,124
DA:95,62
DA:96,24
DA:97,0
DA:98,0
DA:99,0
DA:100,0
DA:101,0
DA:102,0
DA:103,0
DA:104,0
DA:105,0
DA:109,8
DA:111,8
DA:112,16
DA:113,16
DA:114,16
DA:115,8
DA:117,8
DA:118,16
DA:119,16
DA:120,16
DA:121,8
DA:123,8
DA:124,16
DA:125,16
DA:126,16
DA:127,8
DA:128,8
DA:132,372
DA:133,62
DA:452,62
DA:454,62
DA:455,62
DA:456,0
DA:460,62
DA:461,62
DA:462,0
DA:463,0
DA:464,0
DA:466,0
DA:468,0
DA:472,186
DA:473,62
DA:474,186
DA:475,0
DA:476,0
DA:478,0
DA:480,0
DA:482,186
DA:484,186
DA:487,62
LH:77
LF:98
end_of_record
SF:src/read_data/RAMSES/filepaths.jl
DA:8,166
DA:10,83
DA:11,0
DA:12,0
DA:13,0
DA:14,0
DA:15,0
DA:16,0
DA:17,0
DA:18,0
DA:19,0
DA:20,0
DA:21,0
DA:23,81
DA:24,0
DA:25,0
DA:26,0
DA:27,0
DA:28,0
DA:29,0
DA:30,0
DA:31,0
DA:32,0
DA:33,0
DA:34,0
DA:36,83
DA:37,83
DA:38,83
DA:39,83
DA:40,83
DA:41,83
DA:42,83
DA:43,83
DA:44,83
DA:45,83
DA:46,83
DA:47,83
DA:49,0
DA:50,0
DA:51,0
DA:52,0
DA:53,0
DA:54,0
DA:55,0
DA:56,0
DA:57,0
DA:58,0
DA:59,0
DA:60,0
DA:62,0
DA:63,0
DA:64,0
DA:65,0
DA:66,0
DA:67,0
DA:68,0
DA:69,0
DA:70,0
DA:71,0
DA:72,0
DA:73,0
DA:77,83
DA:78,82
DA:79,83
DA:80,83
DA:81,83
DA:82,83
DA:83,82
DA:84,83
DA:85,83
DA:86,83
DA:87,83
DA:88,83
DA:89,83
DA:90,83
DA:91,83
DA:93,83
DA:94,83
DA:95,83
DA:98,83
DA:99,83
DA:101,0
DA:104,83
DA:109,28
DA:110,14
DA:111,14
DA:116,72162
DA:117,72162
DA:118,1034
DA:119,71150
DA:120,10797
DA:121,60375
DA:122,60376
DA:123,0
DA:124,0
DA:125,0
DA:126,0
LH:46
LF:97
end_of_record
SF:src/read_data/RAMSES/getclumps.jl
DA:234,0
DA:235,0
DA:240,0
DA:241,0
DA:242,0
DA:243,0
DA:244,0
DA:247,0
DA:248,0
DA:251,0
LH:0
LF:10
end_of_record
SF:src/read_data/RAMSES/gethydro.jl
DA:11,61
DA:12,61
DA:13,61
DA:16,61
DA:17,61
DA:19,61
DA:20,7
DA:21,7
DA:22,7
DA:26,61
DA:29,122
DA:31,4
DA:32,1
DA:35,4
DA:36,16
DA:38,28
DA:41,57
DA:42,6
DA:46,57
DA:48,50
DA:50,50
DA:51,213
DA:52,214
DA:54,214
DA:55,217
DA:57,241
DA:58,0
DA:61,7
DA:62,54
DA:64,0
DA:69,61
DA:72,61
DA:73,7
DA:76,61
DA:85,317
DA:86,321
DA:87,0
DA:88,0
DA:89,0
DA:90,0
DA:91,0
DA:92,0
DA:94,0
DA:95,0
DA:97,317
DA:98,0
DA:99,0
DA:100,0
DA:101,0
DA:103,0
DA:104,0
DA:106,316
DA:107,263
DA:108,52
DA:109,209
DA:110,138
DA:112,63
DA:113,63
DA:116,52
DA:117,26
DA:119,25
DA:120,26
DA:303,142
DA:325,63
DA:326,63
DA:327,63
DA:328,63
DA:329,63
DA:330,63
DA:331,63
DA:332,63
DA:335,63
DA:336,63
DA:337,63
DA:338,63
DA:339,63
DA:340,61
DA:343,122
DA:344,61
DA:351,61
DA:358,61
DA:359,0
DA:363,61
DA:367,61
DA:374,61
DA:375,61
DA:381,61
DA:382,7
DA:383,7
DA:387,61
DA:388,61
DA:389,61
DA:392,61
DA:393,61
DA:396,61
DA:397,7
DA:398,7
DA:405,61
DA:406,61
DA:407,61
DA:408,61
DA:410,61
DA:416,61
DA:417,61
DA:418,61
DA:419,61
DA:420,122
DA:421,61
DA:422,61
DA:423,61
DA:424,0
DA:426,61
DA:428,61
DA:429,61
DA:430,61
DA:431,61
DA:433,61
DA:437,61
DA:439,61
DA:440,0
DA:442,61
DA:443,0
DA:444,0
DA:445,0
DA:451,61
DA:452,0
DA:454,61
DA:455,0
DA:456,0
DA:457,0
DA:462,61
DA:465,61
DA:467,61
DA:468,0
DA:469,0
DA:471,0
DA:474,61
DA:475,52
DA:477,9
DA:482,61
DA:483,901
DA:484,91
DA:485,91
DA:486,61
DA:487,30
DA:488,7
DA:489,23
DA:490,7
DA:491,16
DA:492,7
DA:493,9
DA:494,9
DA:496,169
DA:498,91
DA:500,0
DA:503,793
DA:505,61
LH:127
LF:157
end_of_record
SF:src/read_data/RAMSES/getinfo.jl
DA:9,28
DA:10,14
DA:58,28
DA:61,14
DA:62,14
DA:64,14
DA:65,14
DA:66,14
DA:68,14
DA:69,14
DA:70,14
DA:71,14
DA:73,14
DA:74,14
DA:75,14
DA:76,14
DA:78,14
DA:80,14
DA:81,14
DA:82,14
DA:83,14
DA:84,14
DA:85,14
DA:88,14
DA:89,14
DA:90,14
DA:91,14
DA:92,14
DA:96,14
DA:97,14
DA:98,14
DA:99,14
DA:101,14
DA:102,14
DA:111,14
DA:112,14
DA:113,0
DA:114,0
DA:116,14
DA:117,14
DA:119,14
DA:120,14
DA:122,14
DA:123,14
DA:124,14
DA:125,14
DA:127,14
DA:128,8974
DA:129,8960
DA:130,14
DA:131,14
DA:133,14
DA:134,14
DA:135,14
DA:136,14
DA:137,14
DA:138,14
DA:139,14
DA:140,14
DA:142,14
DA:143,14
DA:144,14
DA:145,14
DA:146,14
DA:148,14
DA:150,14
DA:151,0
DA:154,14
DA:155,14
DA:157,8960
DA:158,17906
DA:159,14
DA:161,14
DA:163,14
DA:164,14
DA:165,14
DA:166,14
DA:167,14
DA:169,14
DA:170,14
DA:171,14
DA:172,14
DA:173,14
DA:174,14
DA:175,14
DA:176,14
DA:177,14
DA:178,14
DA:179,14
DA:180,14
DA:181,14
DA:183,14
DA:187,14
DA:188,14
DA:190,14
DA:191,0
DA:196,14
DA:199,14
DA:200,14
DA:201,14
DA:202,14
DA:203,14
DA:204,14
DA:206,14
DA:208,14
DA:212,14
DA:216,14
DA:217,14
DA:218,14
DA:219,14
DA:220,14
DA:221,14
DA:222,14
DA:223,14
DA:226,14
DA:227,0
DA:228,14
DA:229,14
DA:233,14
DA:234,0
DA:235,0
DA:236,0
DA:237,0
DA:238,0
DA:239,0
DA:240,14
DA:241,14
DA:242,14
DA:243,98
DA:244,98
DA:246,98
DA:247,98
DA:248,98
DA:249,196
DA:250,98
DA:251,0
DA:255,14
DA:261,14
DA:262,14
DA:263,14
DA:264,14
DA:265,14
DA:266,14
DA:267,14
DA:268,14
DA:270,14
DA:271,14
DA:273,70
DA:274,14
DA:275,14
DA:276,28
DA:277,42
DA:279,14
DA:282,14
DA:283,0
DA:286,14
DA:287,14
DA:288,14
DA:291,14
DA:292,14
DA:293,14
DA:294,14
DA:295,14
DA:296,14
DA:300,14
DA:303,14
DA:304,14
DA:305,14
DA:306,14
DA:308,14
DA:309,0
DA:310,0
DA:311,14
DA:312,0
DA:315,14
DA:316,0
DA:317,0
DA:318,0
DA:319,0
DA:321,0
DA:323,0
DA:326,0
DA:327,0
DA:328,0
DA:329,0
DA:331,0
DA:332,0
DA:334,0
DA:335,0
DA:336,0
DA:338,0
DA:339,0
DA:340,0
DA:346,0
DA:355,14
DA:356,14
DA:357,14
DA:358,0
DA:359,0
DA:360,0
DA:361,0
DA:362,0
DA:365,0
DA:368,14
DA:369,28
DA:370,14
DA:373,14
DA:374,14
DA:375,14
DA:376,14
DA:377,14
DA:379,14
DA:382,14
DA:383,14
DA:385,14
DA:386,14
DA:389,14
DA:390,56
DA:393,56
DA:394,14
DA:395,14
DA:397,14
DA:401,14
DA:402,14
DA:403,14
DA:404,14
DA:405,14
DA:406,14
DA:407,14
DA:408,14
DA:409,14
DA:410,14
DA:411,14
DA:413,14
DA:414,14
DA:415,14
DA:416,14
DA:418,14
DA:419,14
DA:420,14
DA:421,14
DA:422,14
DA:423,14
DA:424,14
DA:425,14
DA:426,14
DA:429,14
DA:430,0
DA:431,14
DA:432,14
DA:434,0
DA:437,14
DA:438,0
DA:439,0
DA:440,0
DA:441,0
DA:442,0
DA:443,0
DA:444,0
DA:446,14
DA:447,14
DA:448,14
DA:449,14
DA:450,14
DA:451,14
DA:452,14
DA:454,14
DA:455,14
DA:456,14
DA:457,14
DA:458,14
DA:459,14
DA:461,14
DA:471,14
DA:472,14
DA:473,14
DA:474,14
DA:477,14
DA:478,14
DA:479,28
DA:480,154
DA:481,154
DA:482,154
DA:483,588
DA:484,0
DA:485,588
DA:486,0
DA:487,588
DA:488,0
DA:490,588
DA:492,308
DA:497,14
DA:498,14
DA:499,14
DA:500,14
DA:501,14
DA:502,14
DA:503,14
DA:504,14
DA:505,14
DA:508,14
DA:511,14
DA:512,14
DA:513,14
DA:514,168
DA:515,168
DA:517,168
DA:518,168
DA:519,168
DA:520,336
DA:521,322
DA:522,0
DA:526,14
DA:532,14
DA:533,14
DA:534,0
DA:537,182
DA:538,0
DA:540,0
DA:541,0
DA:542,0
DA:543,0
DA:545,0
DA:548,0
DA:549,0
DA:550,0
DA:551,0
DA:553,0
DA:554,0
DA:556,98
DA:557,14
DA:571,14
DA:572,14
DA:573,14
DA:574,14
DA:575,14
DA:576,14
DA:577,14
DA:578,14
DA:580,14
DA:581,14
DA:582,14
DA:583,14
DA:584,14
DA:585,14
DA:588,14
DA:589,14
DA:591,14
DA:592,14
DA:593,0
DA:594,0
DA:595,14
DA:596,14
DA:597,14
DA:600,14
DA:601,14
DA:602,14
DA:608,14
DA:609,14
DA:610,14
DA:611,14
DA:612,14
DA:613,14
DA:615,14
DA:616,14
DA:619,14
DA:620,1148
DA:621,14
DA:622,14
DA:624,1148
DA:626,14
DA:627,14
DA:628,14
DA:629,14
DA:630,1148
DA:631,1106
DA:632,588
DA:633,588
DA:634,588
DA:638,2142
DA:639,168
DA:640,154
DA:641,154
DA:643,168
DA:646,2282
DA:650,14
DA:651,14
DA:652,14
DA:656,14
DA:658,14
DA:659,14
DA:660,14
DA:661,0
DA:662,0
DA:665,14
DA:666,14
DA:669,14
DA:670,14
DA:671,14
DA:675,14
DA:679,14
DA:680,14
DA:681,14
DA:682,14
DA:683,14
DA:684,14
DA:685,14
DA:687,14
DA:689,14
DA:693,14
DA:694,14
DA:695,14
DA:696,14
DA:697,14
DA:698,14
DA:699,14
DA:700,14
DA:701,0
DA:702,0
DA:704,0
DA:705,0
DA:706,0
DA:707,0
DA:708,0
DA:709,0
DA:710,0
DA:712,0
DA:715,14
DA:716,14
DA:717,14
DA:718,14
DA:719,14
DA:720,14
DA:722,14
DA:723,14
DA:727,14
DA:728,14
DA:729,14
DA:730,14
DA:731,14
DA:732,14
DA:733,14
DA:736,14
DA:737,14
DA:740,14
DA:741,14
DA:742,14
DA:743,14
DA:744,14
DA:745,14
DA:746,14
DA:748,14
DA:749,14
DA:752,14
DA:753,14
DA:754,6
DA:755,6
DA:756,6
DA:757,6
DA:758,6
DA:760,12
DA:761,6
DA:763,12
DA:764,6
DA:766,6
DA:767,6
DA:769,6
DA:770,12
DA:771,12
DA:772,6
DA:773,6
DA:774,6
DA:776,0
DA:779,6
DA:780,6
DA:782,0
DA:784,6
DA:786,6
DA:787,6
DA:788,6
DA:789,6
DA:791,6
DA:795,6
DA:796,6
DA:799,6
DA:800,6
DA:801,6
DA:804,6
DA:805,6
DA:807,6
DA:808,6
DA:809,6
DA:810,0
DA:812,6
DA:814,6
DA:815,6
DA:816,6
DA:817,6
DA:818,6
DA:819,6
DA:821,6
DA:822,12
DA:823,6
DA:824,6
DA:825,6
DA:826,6
DA:827,6
DA:828,6
DA:831,0
DA:834,6
DA:836,6
DA:837,6
DA:838,6
DA:840,6
DA:841,6
DA:846,6
DA:847,0
DA:849,6
DA:850,6
DA:851,0
DA:852,0
DA:854,0
DA:855,0
DA:856,0
DA:858,0
DA:859,0
DA:865,6
DA:866,0
DA:868,6
DA:869,6
DA:870,0
DA:871,0
DA:874,6
DA:875,6
DA:876,6
DA:878,6
DA:879,6
DA:881,0
DA:886,6
DA:887,6
DA:888,6
DA:889,6
DA:893,6
DA:894,6
LH:447
LF:544
end_of_record
SF:src/read_data/RAMSES/getparticles.jl
DA:179,2
DA:198,1
DA:199,1
DA:200,1
DA:201,1
DA:202,1
DA:203,1
DA:204,1
DA:205,1
DA:208,1
DA:209,1
DA:210,1
DA:213,1
DA:214,1
DA:215,1
DA:221,1
DA:223,1
DA:229,2
DA:233,1
DA:237,1
DA:246,1
DA:248,1
DA:249,0
DA:250,0
DA:253,0
DA:254,0
DA:259,1
DA:260,0
DA:263,1
DA:264,1
DA:271,0
DA:272,0
DA:273,0
DA:276,0
DA:277,0
DA:282,0
DA:283,0
DA:286,0
DA:287,0
DA:295,1
DA:296,1
DA:301,1
DA:306,1
DA:307,1
DA:308,0
DA:309,1
DA:310,1
DA:313,0
DA:314,0
DA:315,0
DA:316,0
DA:329,1
DA:330,0
DA:331,0
DA:332,0
DA:333,0
DA:338,0
DA:344,0
DA:346,0
DA:347,0
DA:348,0
DA:349,0
DA:354,0
DA:362,0
DA:363,0
DA:364,0
DA:368,0
DA:372,0
DA:373,0
DA:374,0
DA:375,0
DA:376,0
DA:380,0
DA:387,1
DA:388,1
DA:389,0
DA:390,0
DA:395,0
DA:400,1
DA:401,2
DA:402,2
DA:403,1
DA:404,1
DA:409,0
DA:416,0
DA:417,0
DA:418,0
DA:422,0
DA:426,0
DA:427,0
DA:428,0
DA:429,0
DA:430,0
DA:434,0
DA:443,1
DA:447,1
DA:448,1
DA:449,1
DA:450,1
DA:451,1
DA:452,1
DA:453,1
DA:454,1
DA:455,1
DA:456,1
DA:457,1
DA:463,1
DA:467,1
DA:468,0
DA:469,0
DA:470,0
DA:471,0
DA:472,0
DA:475,0
DA:476,0
DA:477,0
DA:478,0
DA:482,1
DA:483,1
DA:484,0
DA:485,1
DA:486,1
DA:489,0
DA:490,0
DA:491,0
DA:492,0
DA:500,1
DA:501,13
DA:502,1
DA:503,0
DA:504,0
DA:505,0
DA:506,0
DA:507,0
DA:508,0
DA:509,0
DA:510,0
DA:511,0
DA:512,0
DA:513,0
DA:514,0
DA:516,1
DA:517,1
DA:518,0
DA:519,1
DA:520,0
DA:521,1
DA:522,0
DA:523,1
DA:524,1
DA:525,0
DA:526,0
DA:527,0
DA:528,0
DA:529,0
DA:530,0
DA:534,13
DA:536,1
LH:69
LF:158
end_of_record
SF:src/read_data/RAMSES/hilbert3d.jl
DA:1,816
DA:2,816
DA:5,72
DA:8,13824
DA:32,72
DA:34,72
DA:35,72
DA:36,72
DA:38,72
DA:41,72
DA:45,72
DA:46,136
DA:47,136
DA:48,136
DA:49,200
DA:52,72
DA:53,136
DA:54,136
DA:55,136
DA:57,200
DA:60,72
DA:61,136
DA:62,72
DA:65,272
DA:66,272
DA:67,272
DA:69,136
DA:70,136
DA:71,136
DA:74,136
DA:75,136
DA:76,136
DA:80,136
DA:81,200
DA:85,72
DA:86,72
DA:87,816
DA:89,408
DA:91,744
DA:94,72
LH:40
LF:40
end_of_record
SF:src/read_data/RAMSES/prepvariablelist.jl
DA:1,62
DA:3,62
DA:4,61
DA:8,61
DA:9,61
DA:10,61
DA:11,61
DA:12,61
DA:14,157
DA:15,0
DA:18,0
DA:19,0
DA:22,0
DA:23,0
DA:24,0
DA:25,0
DA:34,122
DA:35,0
DA:36,0
DA:37,0
DA:39,61
DA:40,61
DA:41,157
DA:42,96
DA:44,115
DA:45,7
DA:46,35
DA:47,28
DA:49,115
DA:50,7
DA:51,28
DA:52,21
DA:54,115
DA:55,7
DA:56,21
DA:57,14
DA:59,113
DA:60,9
DA:61,18
DA:62,9
DA:75,61
DA:76,5
DA:77,5
DA:78,0
DA:80,5
DA:86,61
DA:87,0
DA:91,61
DA:93,70
DA:94,0
DA:100,61
DA:101,427
DA:102,61
DA:103,61
DA:104,901
DA:105,326
DA:106,91
DA:108,793
DA:110,61
DA:111,61
DA:112,61
DA:114,91
DA:115,91
DA:116,0
DA:117,0
DA:122,91
DA:128,61
DA:129,7
DA:130,1
DA:132,6
DA:135,7
DA:136,0
DA:138,7
DA:140,7
DA:143,61
DA:148,1
DA:149,1
DA:154,1
DA:155,1
DA:156,1
DA:157,1
DA:158,1
DA:159,5
DA:160,0
DA:161,0
DA:162,0
DA:165,0
DA:166,0
DA:170,0
DA:171,0
DA:172,0
DA:173,0
DA:174,0
DA:175,0
DA:176,0
DA:177,0
DA:185,2
DA:186,0
DA:187,0
DA:188,0
DA:190,2
DA:191,0
DA:192,0
DA:193,0
DA:195,2
DA:196,0
DA:197,0
DA:198,0
DA:200,2
DA:201,0
DA:202,0
DA:203,0
DA:205,1
DA:206,1
DA:207,5
DA:208,4
DA:210,2
DA:212,0
DA:213,0
DA:214,0
DA:215,0
DA:216,0
DA:217,0
DA:219,0
DA:222,2
DA:223,0
DA:224,0
DA:225,0
DA:227,0
DA:240,1
DA:241,1
DA:242,3
DA:243,0
DA:245,3
DA:251,1
DA:252,0
DA:256,1
DA:258,1
DA:259,0
DA:264,1
DA:265,7
DA:266,1
DA:267,1
DA:268,13
DA:269,2
DA:270,1
DA:272,13
DA:275,1
DA:276,1
DA:277,1
DA:279,1
DA:280,0
DA:281,0
DA:282,0
DA:283,0
DA:285,1
DA:286,1
DA:287,1
DA:288,0
DA:289,0
DA:295,1
DA:298,1
DA:299,1
DA:300,0
DA:301,1
DA:302,1
DA:307,1
DA:308,0
DA:310,1
DA:311,1
DA:312,2
DA:313,2
DA:315,1
DA:317,1
DA:319,1
DA:323,0
DA:324,0
DA:329,0
DA:330,0
DA:331,0
DA:332,0
DA:333,0
DA:335,0
DA:336,0
DA:339,0
DA:340,0
DA:345,0
DA:346,0
DA:347,0
DA:348,0
DA:350,0
DA:351,0
DA:352,0
DA:353,0
DA:355,0
DA:356,0
DA:357,0
DA:358,0
DA:360,0
DA:361,0
DA:362,0
DA:363,0
DA:365,0
DA:366,0
DA:367,0
DA:368,0
DA:373,0
DA:374,0
DA:378,0
DA:380,0
DA:381,0
DA:385,0
DA:386,0
DA:387,0
DA:388,0
DA:389,0
DA:390,0
DA:391,0
DA:393,0
DA:395,0
DA:396,0
DA:397,0
DA:399,0
DA:400,0
DA:407,0
DA:413,0
DA:414,0
DA:415,0
DA:417,0
DA:420,0
DA:421,0
DA:423,0
DA:425,0
DA:428,0
LH:112
LF:234
end_of_record
SF:src/read_data/RAMSES/reader_hydro.jl
DA:1,61
DA:17,61
DA:18,61
DA:21,488
DA:22,488
DA:23,488
DA:24,488
DA:25,488
DA:26,488
DA:27,488
DA:30,61
DA:31,61
DA:32,61
DA:33,61
DA:36,61
DA:37,122
DA:40,183
DA:45,394060
DA:46,390400
DA:47,61
DA:48,3660
DA:56,183
DA:59,61
DA:60,61
DA:61,78
DA:62,156
DA:63,139
DA:64,17
DA:67,61
DA:68,61
DA:71,61
DA:72,9
DA:73,9
DA:74,9
DA:75,9
DA:76,9
DA:77,9
DA:80,52
DA:84,122
DA:87,61
DA:90,425
DA:91,425
DA:92,425
DA:95,61
DA:96,61
DA:97,124
DA:99,72
DA:101,52
DA:103,124
DA:104,124
DA:105,187
DA:112,61
DA:113,39040
DA:115,79360
DA:117,124
DA:119,79360
DA:121,124
DA:123,119680
DA:124,78019
DA:127,61
DA:128,39040
DA:129,61
DA:130,61
DA:131,124
DA:132,35852
DA:133,35812
DA:134,35812
DA:135,35812
DA:137,71580
DA:138,187
DA:144,61
DA:145,7
DA:146,7
DA:147,7
DA:148,7
DA:151,7
DA:152,7
DA:153,7
DA:154,0
DA:155,0
DA:157,7
DA:160,0
DA:164,7
DA:165,0
DA:167,7
DA:175,558
DA:176,61
DA:178,558
DA:179,558
DA:180,558
DA:183,558
DA:184,558
DA:185,558
DA:186,558
DA:187,558
DA:188,558
DA:191,558
DA:192,1055
DA:195,61
DA:202,61
DA:203,61
DA:204,61
DA:207,61
DA:210,61
DA:211,61
DA:213,61
DA:214,0
DA:226,61
DA:227,471
DA:228,459
DA:231,427
DA:232,322
DA:233,268
DA:235,56
DA:237,373
DA:240,687
DA:241,35692
DA:244,35712
DA:246,35703
DA:252,35707
DA:253,35805
DA:255,35777
DA:258,228822692
DA:259,35812
DA:262,231008098
DA:263,35812
DA:265,35810
DA:268,35806
DA:269,35806
DA:270,2147993
DA:271,35808
DA:272,35805
DA:275,35811
DA:282,35811
DA:283,35810
DA:284,35810
DA:286,35795
DA:292,35811
DA:294,324825
DA:295,324825
DA:296,324826
DA:297,324826
DA:298,324825
DA:301,324803
DA:302,324792
DA:303,170850
DA:304,1349207869
DA:305,170857
DA:312,324815
DA:314,203714815
DA:315,6799129
DA:318,6798855
DA:319,20345452
DA:320,512541
DA:322,19833622
DA:324,33901343
DA:327,6799756
DA:330,6798731
DA:331,53888227
DA:332,1366690
DA:334,52548933
DA:336,101021009
DA:339,6797895
DA:346,203726710
DA:348,203657388
DA:350,6800611
DA:351,53941017
DA:352,358695479
DA:353,9554708
DA:354,1910254
DA:356,7647779
DA:359,350578935
DA:361,666787105
DA:362,101140138
DA:364,406977293
DA:371,324827
DA:372,170853
DA:379,613848
DA:382,35811
DA:383,35812
DA:386,35811
DA:387,0
DA:388,0
DA:393,0
DA:394,0
DA:395,0
DA:397,0
DA:398,0
DA:402,35811
DA:403,7130
DA:405,71136
DA:408,488
DA:411,488
DA:412,488
DA:414,0
DA:420,61
DA:421,0
DA:422,0
DA:426,549
DA:428,61
DA:430,61
DA:431,61
DA:432,61
DA:435,61
DA:436,61
DA:437,61
DA:440,0
DA:441,0
DA:442,0
DA:444,0
DA:446,0
DA:453,61
DA:454,7
DA:455,14
DA:459,61
DA:460,0
DA:462,61
DA:470,324831
DA:471,0
DA:476,649652
DA:477,649651
DA:479,2598416
DA:480,2598461
DA:481,2598477
DA:484,2598478
DA:485,2598469
DA:486,2598471
DA:487,4872123
DA:488,324810
DA:495,170850
DA:514,170852
DA:525,170852
DA:526,170850
DA:527,170857
DA:528,170855
DA:531,170856
DA:532,170848
DA:533,170852
DA:534,0
DA:538,170853
DA:539,1366775
DA:541,1319153834
DA:544,1150918706
DA:545,1151151416
DA:546,1151451300
DA:549,1151828104
DA:558,1067005769
DA:559,1420099960
DA:560,1776224554
DA:563,1069659073
DA:564,4252013056
DA:566,2344504
DA:570,1075946343
DA:571,0
DA:575,2640499195
DA:576,2562776
DA:579,170857
DA:581,61479
DA:582,61479
DA:583,61479
DA:584,61479
DA:587,61479
DA:588,61479
DA:589,61479
DA:592,61479
DA:593,0
DA:597,170854
LH:242
LF:267
end_of_record
SF:src/read_data/RAMSES/reader_particles.jl
DA:4,0
DA:16,0
DA:17,0
DA:18,0
DA:19,0
DA:20,0
DA:23,0
DA:24,0
DA:25,0
DA:26,0
DA:27,0
DA:30,0
DA:32,0
DA:33,0
DA:34,0
DA:36,0
DA:37,0
DA:39,0
DA:40,0
DA:42,0
DA:43,0
DA:44,0
DA:45,0
DA:46,0
DA:47,0
DA:48,0
DA:53,0
DA:54,0
DA:58,0
DA:60,0
DA:61,0
DA:62,0
DA:63,0
DA:64,0
DA:65,0
DA:68,0
DA:74,0
DA:77,0
DA:82,0
DA:83,0
DA:84,0
DA:88,0
DA:89,0
DA:90,0
DA:92,0
DA:94,0
DA:98,0
DA:99,0
DA:100,0
DA:105,0
DA:106,0
DA:108,0
DA:110,0
DA:113,0
DA:115,0
DA:117,0
DA:118,0
DA:122,0
DA:123,0
DA:124,0
DA:126,0
DA:127,0
DA:128,0
DA:129,0
DA:130,0
DA:131,0
DA:133,0
DA:134,0
DA:139,0
DA:140,0
DA:141,0
DA:148,0
DA:150,0
DA:151,0
DA:158,0
DA:161,0
DA:162,0
DA:169,0
DA:171,0
DA:172,0
DA:179,0
DA:187,1
DA:201,1
DA:202,1
DA:203,1
DA:204,1
DA:205,1
DA:207,1
DA:208,1
DA:209,1
DA:210,1
DA:211,1
DA:215,1
DA:217,8
DA:218,8
DA:219,8
DA:221,8
DA:222,8
DA:224,8
DA:225,8
DA:228,3
DA:229,1
DA:230,1
DA:231,1
DA:232,2
DA:233,2
DA:234,0
DA:236,1
DA:237,1
DA:240,1
DA:241,0
DA:242,0
DA:243,0
DA:244,0
DA:245,0
DA:246,0
DA:248,6
DA:251,2
DA:253,2
DA:255,8
DA:256,8
DA:257,8
DA:260,1
DA:261,1
DA:262,1
DA:263,0
DA:265,1
DA:268,1
DA:269,1
DA:270,1
DA:272,1
DA:273,640
DA:274,640
DA:276,1
DA:278,640
DA:280,1
DA:282,640
DA:283,1279
DA:286,1
DA:287,640
DA:288,1
DA:289,1
DA:290,1
DA:291,640
DA:292,1279
DA:293,640
DA:294,640
DA:296,1279
DA:297,1
DA:300,1
DA:301,2
DA:302,1
DA:307,1
DA:311,1
DA:314,1
DA:315,8
DA:316,8
DA:320,0
DA:324,9
DA:326,1
DA:327,1
DA:332,1
DA:336,1
DA:337,0
DA:338,1
DA:339,1
DA:340,1
DA:344,1
DA:345,8
DA:346,15
DA:347,8
DA:348,8
DA:350,0
DA:352,15
DA:354,1
DA:358,8
DA:361,8
DA:364,8
DA:365,8
DA:366,8
DA:368,8
DA:372,8
DA:373,14
DA:375,7
DA:376,8
DA:377,7
DA:380,7
DA:381,8
DA:382,8
DA:384,8
DA:386,8
DA:387,8
DA:390,8
DA:391,640
DA:392,0
DA:396,640
DA:397,640
DA:399,640
DA:400,640
DA:401,640
DA:402,640
DA:403,640
DA:404,640
DA:407,640
DA:409,1632810
DA:410,544515
DA:413,353
DA:414,353
DA:415,353
DA:417,544515
DA:418,544515
DA:421,353
DA:422,1059
DA:423,1765
DA:427,353
DA:431,353
DA:434,353
DA:435,353
DA:438,353
DA:439,1059
DA:440,0
DA:442,1059
DA:444,1765
DA:447,353
DA:448,353
DA:450,0
DA:454,353
DA:455,353
DA:457,353
DA:458,353
DA:461,353
DA:462,353
DA:463,353
DA:465,353
DA:466,353
DA:469,353
DA:470,0
DA:471,353
DA:472,353
DA:475,0
DA:477,0
DA:478,0
DA:479,0
DA:480,0
DA:486,353
DA:487,0
DA:488,0
DA:489,0
DA:491,0
DA:495,353
DA:496,353
DA:497,353
DA:500,640
DA:501,639
DA:505,8
DA:506,0
DA:507,0
DA:509,0
DA:512,8
DA:513,0
DA:515,8
DA:521,1
DA:522,1
DA:530,9
DA:532,1
DA:533,0
DA:537,1
DA:538,1
DA:541,1
DA:542,1
DA:544,1
DA:546,0
DA:547,0
DA:550,0
DA:551,0
DA:553,0
DA:555,0
DA:556,0
DA:558,0
DA:562,0
DA:563,0
DA:564,0
DA:566,0
DA:567,0
DA:568,0
DA:570,0
DA:575,1
DA:576,1
DA:578,1
DA:580,0
DA:581,0
DA:583,0
DA:587,1
DA:588,1
DA:589,1
DA:591,1
DA:592,1
DA:593,1
DA:595,1
LH:171
LF:299
end_of_record
SF:src/types.jl
DA:196,14
DA:337,14
DA:395,83
DA:413,14
DA:438,14
DA:451,14
DA:489,14
DA:497,14
DA:567,14
DA:574,619
DA:619,61
DA:653,1
DA:687,8
DA:786,128
DA:788,64
LH:15
LF:15
end_of_record
SF:test/mathematical_analysis_advanced_tests.jl
DA:34,1
DA:38,1
DA:43,1
DA:50,1
DA:55,1
DA:60,1
DA:67,1
DA:71,1
DA:82,1
DA:83,0
DA:85,1
DA:110,1
DA:114,1
DA:121,1
DA:128,1
DA:130,3
DA:131,0
DA:132,0
DA:134,0
DA:135,1
DA:138,1
DA:151,1
DA:155,1
DA:168,1
DA:169,1
DA:179,1
DA:190,3
DA:191,3
DA:286,1
DA:287,1
DA:291,1
DA:292,1
DA:301,1
DA:302,0
DA:303,0
DA:305,1
DA:313,1
DA:314,1
DA:318,1
DA:319,1
DA:324,1
DA:325,1
DA:332,1
DA:333,1
DA:340,1
DA:341,1
DA:412,1
DA:413,2
LH:42
LF:48
end_of_record
SF:test/memory_management_advanced_tests.jl
DA:119,10
DA:120,5
DA:122,5
DA:123,5
DA:124,11
DA:127,5
DA:128,5
DA:143,1
DA:144,1
DA:145,2
DA:149,1
DA:150,0
DA:151,0
DA:183,24
DA:187,8
DA:188,8
DA:189,8
DA:193,8
DA:194,8
DA:221,5
DA:224,5
DA:225,5
DA:227,5
DA:228,5
DA:231,5
DA:232,5
DA:247,3
DA:248,3
DA:250,3
DA:251,3
DA:272,10
DA:274,10
DA:276,10
DA:277,20
DA:280,10
DA:283,10
DA:284,3
DA:318,100
DA:319,100
DA:322,100
DA:323,200
DA:326,100
DA:327,100
DA:328,100
DA:329,100
DA:330,100
DA:331,100
DA:332,100
DA:362,5
DA:363,5
DA:364,5
DA:366,5
DA:367,10
DA:380,3
DA:383,3
DA:385,3
DA:386,3
DA:387,6
DA:390,3
DA:394,3
DA:395,3
DA:413,1
DA:416,1
DA:417,1
DA:418,1
DA:419,1
DA:490,3
DA:492,3
DA:494,3
DA:495,3
DA:496,6
DA:499,3
DA:500,3
DA:528,1
DA:529,1
DA:531,1
DA:532,1
DA:533,2
DA:542,1
DA:543,1
DA:548,1
DA:549,1
DA:551,1
DA:554,1
DA:555,1
DA:557,1
LH:84
LF:86
end_of_record
